Analysis & Synthesis report for Circuito_alarme
Thu Nov 05 16:57:22 2015
Quartus II Version 9.1 Build 304 01/25/2010 Service Pack 1 SJ Web Edition


---------------------
; Table of Contents ;
---------------------
  1. Legal Notice
  2. Analysis & Synthesis Summary
  3. Analysis & Synthesis Settings
  4. Parallel Compilation
  5. Analysis & Synthesis Source Files Read
  6. Analysis & Synthesis Resource Usage Summary
  7. Analysis & Synthesis Resource Utilization by Entity
  8. General Register Statistics
  9. Inverted Register Statistics
 10. Multiplexer Restructuring Statistics (Restructuring Performed)
 11. Parameter Settings for User Entity Instance: Top-level Entity: |FILTRO_BOTAO
 12. Analysis & Synthesis Messages



----------------
; Legal Notice ;
----------------
Copyright (C) 1991-2010 Altera Corporation
Your use of Altera Corporation's design tools, logic functions 
and other software and tools, and its AMPP partner logic 
functions, and any output files from any of the foregoing 
(including device programming or simulation files), and any 
associated documentation or information are expressly subject 
to the terms and conditions of the Altera Program License 
Subscription Agreement, Altera MegaCore Function License 
Agreement, or other applicable license agreement, including, 
without limitation, that your use is for the sole purpose of 
programming logic devices manufactured by Altera and sold by 
Altera or its authorized distributors.  Please refer to the 
applicable agreement for further details.



+----------------------------------------------------------------------------+
; Analysis & Synthesis Summary                                               ;
+-----------------------------+----------------------------------------------+
; Analysis & Synthesis Status ; Successful - Thu Nov 05 16:57:22 2015        ;
; Quartus II Version          ; 9.1 Build 304 01/25/2010 SP 1 SJ Web Edition ;
; Revision Name               ; Circuito_alarme                              ;
; Top-level Entity Name       ; FILTRO_BOTAO                                 ;
; Family                      ; MAX II                                       ;
; Total logic elements        ; 96                                           ;
; Total pins                  ; 3                                            ;
; Total virtual pins          ; 0                                            ;
; UFM blocks                  ; 0 / 1 ( 0 % )                                ;
+-----------------------------+----------------------------------------------+


+----------------------------------------------------------------------------------------------------------------------+
; Analysis & Synthesis Settings                                                                                        ;
+----------------------------------------------------------------------------+--------------------+--------------------+
; Option                                                                     ; Setting            ; Default Value      ;
+----------------------------------------------------------------------------+--------------------+--------------------+
; Device                                                                     ; EPM1270F256C5      ;                    ;
; Top-level entity name                                                      ; FILTRO_BOTAO       ; Circuito_alarme    ;
; Family name                                                                ; MAX II             ; Stratix II         ;
; Use Generated Physical Constraints File                                    ; Off                ;                    ;
; Use smart compilation                                                      ; Off                ; Off                ;
; Enable parallel Assembler and TimeQuest Timing Analyzer during compilation ; On                 ; On                 ;
; Enable compact report table                                                ; Off                ; Off                ;
; Restructure Multiplexers                                                   ; Auto               ; Auto               ;
; Create Debugging Nodes for IP Cores                                        ; Off                ; Off                ;
; Preserve fewer node names                                                  ; On                 ; On                 ;
; Disable OpenCore Plus hardware evaluation                                  ; Off                ; Off                ;
; Verilog Version                                                            ; Verilog_2001       ; Verilog_2001       ;
; VHDL Version                                                               ; VHDL_1993          ; VHDL_1993          ;
; State Machine Processing                                                   ; Auto               ; Auto               ;
; Safe State Machine                                                         ; Off                ; Off                ;
; Extract Verilog State Machines                                             ; On                 ; On                 ;
; Extract VHDL State Machines                                                ; On                 ; On                 ;
; Ignore Verilog initial constructs                                          ; Off                ; Off                ;
; Iteration limit for constant Verilog loops                                 ; 5000               ; 5000               ;
; Iteration limit for non-constant Verilog loops                             ; 250                ; 250                ;
; Add Pass-Through Logic to Inferred RAMs                                    ; On                 ; On                 ;
; Parallel Synthesis                                                         ; On                 ; On                 ;
; NOT Gate Push-Back                                                         ; On                 ; On                 ;
; Power-Up Don't Care                                                        ; On                 ; On                 ;
; Remove Redundant Logic Cells                                               ; Off                ; Off                ;
; Remove Duplicate Registers                                                 ; On                 ; On                 ;
; Ignore CARRY Buffers                                                       ; Off                ; Off                ;
; Ignore CASCADE Buffers                                                     ; Off                ; Off                ;
; Ignore GLOBAL Buffers                                                      ; Off                ; Off                ;
; Ignore ROW GLOBAL Buffers                                                  ; Off                ; Off                ;
; Ignore LCELL Buffers                                                       ; Off                ; Off                ;
; Ignore SOFT Buffers                                                        ; On                 ; On                 ;
; Limit AHDL Integers to 32 Bits                                             ; Off                ; Off                ;
; Optimization Technique                                                     ; Balanced           ; Balanced           ;
; Carry Chain Length                                                         ; 70                 ; 70                 ;
; Auto Carry Chains                                                          ; On                 ; On                 ;
; Auto Open-Drain Pins                                                       ; On                 ; On                 ;
; Perform WYSIWYG Primitive Resynthesis                                      ; Off                ; Off                ;
; Auto Shift Register Replacement                                            ; Auto               ; Auto               ;
; Auto Clock Enable Replacement                                              ; On                 ; On                 ;
; Allow Synchronous Control Signals                                          ; On                 ; On                 ;
; Force Use of Synchronous Clear Signals                                     ; Off                ; Off                ;
; Auto Resource Sharing                                                      ; Off                ; Off                ;
; Use LogicLock Constraints during Resource Balancing                        ; On                 ; On                 ;
; Ignore translate_off and synthesis_off directives                          ; Off                ; Off                ;
; Show Parameter Settings Tables in Synthesis Report                         ; On                 ; On                 ;
; Ignore Maximum Fan-Out Assignments                                         ; Off                ; Off                ;
; Synchronization Register Chain Length                                      ; 2                  ; 2                  ;
; PowerPlay Power Optimization                                               ; Normal compilation ; Normal compilation ;
; HDL message level                                                          ; Level2             ; Level2             ;
; Suppress Register Optimization Related Messages                            ; Off                ; Off                ;
; Number of Removed Registers Reported in Synthesis Report                   ; 5000               ; 5000               ;
; Number of Inverted Registers Reported in Synthesis Report                  ; 100                ; 100                ;
; Clock MUX Protection                                                       ; On                 ; On                 ;
; Block Design Naming                                                        ; Auto               ; Auto               ;
; Synthesis Effort                                                           ; Auto               ; Auto               ;
; Shift Register Replacement - Allow Asynchronous Clear Signal               ; On                 ; On                 ;
; Analysis & Synthesis Message Level                                         ; Medium             ; Medium             ;
; Disable Register Merging Across Hierarchies                                ; Auto               ; Auto               ;
+----------------------------------------------------------------------------+--------------------+--------------------+


Parallel compilation was disabled, but you have multiple processors available. Enable parallel compilation to reduce compilation time.
+-------------------------------------+
; Parallel Compilation                ;
+----------------------------+--------+
; Processors                 ; Number ;
+----------------------------+--------+
; Number detected on machine ; 4      ;
; Maximum allowed            ; 1      ;
+----------------------------+--------+


+------------------------------------------------------------------------------------------------------------------------+
; Analysis & Synthesis Source Files Read                                                                                 ;
+----------------------------------+-----------------+-----------------+-------------------------------------------------+
; File Name with User-Entered Path ; Used in Netlist ; File Type       ; File Name with Absolute Path                    ;
+----------------------------------+-----------------+-----------------+-------------------------------------------------+
; FILTRO_DIGITAL.vhd               ; yes             ; User VHDL File  ; C:/Users/Raul/Desktop/ALARME/FILTRO_DIGITAL.vhd ;
+----------------------------------+-----------------+-----------------+-------------------------------------------------+


+-----------------------------------------------------+
; Analysis & Synthesis Resource Usage Summary         ;
+---------------------------------------------+-------+
; Resource                                    ; Usage ;
+---------------------------------------------+-------+
; Total logic elements                        ; 96    ;
;     -- Combinational with no register       ; 54    ;
;     -- Register only                        ; 0     ;
;     -- Combinational with a register        ; 42    ;
;                                             ;       ;
; Logic element usage by number of LUT inputs ;       ;
;     -- 4 input functions                    ; 30    ;
;     -- 3 input functions                    ; 15    ;
;     -- 2 input functions                    ; 50    ;
;     -- 1 input functions                    ; 1     ;
;     -- 0 input functions                    ; 0     ;
;                                             ;       ;
; Logic elements by mode                      ;       ;
;     -- normal mode                          ; 65    ;
;     -- arithmetic mode                      ; 31    ;
;     -- qfbk mode                            ; 0     ;
;     -- register cascade mode                ; 0     ;
;     -- synchronous clear/load mode          ; 1     ;
;     -- asynchronous clear/load mode         ; 0     ;
;                                             ;       ;
; Total registers                             ; 42    ;
; Total logic cells in carry chains           ; 32    ;
; I/O pins                                    ; 3     ;
; Maximum fan-out node                        ; clk   ;
; Maximum fan-out                             ; 42    ;
; Total fan-out                               ; 327   ;
; Average fan-out                             ; 3.30  ;
+---------------------------------------------+-------+


+----------------------------------------------------------------------------------------------------------------------------------------------------------------------------------------------------------------------+
; Analysis & Synthesis Resource Utilization by Entity                                                                                                                                                                  ;
+----------------------------+-------------+--------------+------------+------+--------------+--------------+-------------------+------------------+-----------------+------------+---------------------+--------------+
; Compilation Hierarchy Node ; Logic Cells ; LC Registers ; UFM Blocks ; Pins ; Virtual Pins ; LUT-Only LCs ; Register-Only LCs ; LUT/Register LCs ; Carry Chain LCs ; Packed LCs ; Full Hierarchy Name ; Library Name ;
+----------------------------+-------------+--------------+------------+------+--------------+--------------+-------------------+------------------+-----------------+------------+---------------------+--------------+
; |FILTRO_BOTAO              ; 96 (96)     ; 42           ; 0          ; 3    ; 0            ; 54 (54)      ; 0 (0)             ; 42 (42)          ; 32 (32)         ; 0 (0)      ; |FILTRO_BOTAO       ; work         ;
+----------------------------+-------------+--------------+------------+------+--------------+--------------+-------------------+------------------+-----------------+------------+---------------------+--------------+
Note: For table entries with two numbers listed, the numbers in parentheses indicate the number of resources of the given type used by the specific entity alone. The numbers listed outside of parentheses indicate the total resources of the given type used by the specific entity and all of its sub-entities in the hierarchy.


+------------------------------------------------------+
; General Register Statistics                          ;
+----------------------------------------------+-------+
; Statistic                                    ; Value ;
+----------------------------------------------+-------+
; Total registers                              ; 42    ;
; Number of registers using Synchronous Clear  ; 0     ;
; Number of registers using Synchronous Load   ; 1     ;
; Number of registers using Asynchronous Clear ; 0     ;
; Number of registers using Asynchronous Load  ; 0     ;
; Number of registers using Clock Enable       ; 18    ;
; Number of registers using Preset             ; 0     ;
+----------------------------------------------+-------+


+--------------------------------------------------+
; Inverted Register Statistics                     ;
+----------------------------------------+---------+
; Inverted Register                      ; Fan out ;
+----------------------------------------+---------+
; saida                                  ; 4       ;
; Total number of inverted registers = 1 ;         ;
+----------------------------------------+---------+


+------------------------------------------------------------------------------------------------------------------------------------------+
; Multiplexer Restructuring Statistics (Restructuring Performed)                                                                           ;
+--------------------+-----------+---------------+----------------------+------------------------+------------+----------------------------+
; Multiplexer Inputs ; Bus Width ; Baseline Area ; Area if Restructured ; Saving if Restructured ; Registered ; Example Multiplexer Output ;
+--------------------+-----------+---------------+----------------------+------------------------+------------+----------------------------+
; 3:1                ; 32 bits   ; 64 LEs        ; 32 LEs               ; 32 LEs                 ; Yes        ; |FILTRO_BOTAO|cont[15]     ;
+--------------------+-----------+---------------+----------------------+------------------------+------------+----------------------------+


+------------------------------------------------------------------------------+
; Parameter Settings for User Entity Instance: Top-level Entity: |FILTRO_BOTAO ;
+----------------+--------+----------------------------------------------------+
; Parameter Name ; Value  ; Type                                               ;
+----------------+--------+----------------------------------------------------+
; frequencia     ; 333333 ; Signed Integer                                     ;
+----------------+--------+----------------------------------------------------+
Note: In order to hide this table in the UI and the text report file, please set the "Show Parameter Settings Tables in Synthesis Report" option in "Analysis and Synthesis Settings -> More Settings" to "Off".


+-------------------------------+
; Analysis & Synthesis Messages ;
+-------------------------------+
Info: *******************************************************************
Info: Running Quartus II Analysis & Synthesis
    Info: Version 9.1 Build 304 01/25/2010 Service Pack 1 SJ Web Edition
    Info: Processing started: Thu Nov 05 16:57:21 2015
Info: Command: quartus_map --read_settings_files=on --write_settings_files=off Alarme -c Circuito_alarme
Info: Found 2 design units, including 1 entities, in source file verificador_senha.vhd
    Info: Found design unit 1: VERIFICADOR_SENHA-arc
    Info: Found entity 1: VERIFICADOR_SENHA
Info: Found 2 design units, including 1 entities, in source file leds.vhd
    Info: Found design unit 1: LED_PISCANTE-arc
    Info: Found entity 1: LED_PISCANTE
Info: Found 6 design units, including 3 entities, in source file ff_regist.vhd
    Info: Found design unit 1: FF_D-arc
    Info: Found design unit 2: FF_JK-arc
    Info: Found design unit 3: REGISTRADOR_8BITS_ARMAZENAMENTO-arc
    Info: Found entity 1: FF_D
    Info: Found entity 2: FF_JK
    Info: Found entity 3: REGISTRADOR_8BITS_ARMAZENAMENTO
Info: Found 1 design units, including 0 entities, in source file componentes.vhd
    Info: Found design unit 1: COMPONENTES
Info: Found 4 design units, including 2 entities, in source file alarme.vhd
    Info: Found design unit 1: FREQ_ALARME-arc
    Info: Found design unit 2: BEEP-arc
    Info: Found entity 1: FREQ_ALARME
    Info: Found entity 2: BEEP
Info: Found 4 design units, including 2 entities, in source file contadores.vhd
    Info: Found design unit 1: CONTADOR_30SEG-arc
    Info: Found design unit 2: CONTADOR_ANEL_3BITS-arc
    Info: Found entity 1: CONTADOR_30SEG
    Info: Found entity 2: CONTADOR_ANEL_3BITS
Info: Found 2 design units, including 1 entities, in source file decodificadores.vhd
    Info: Found design unit 1: DECODIFICADOR_BCD_7SEG-decoder
    Info: Found entity 1: DECODIFICADOR_BCD_7SEG
Info: Found 2 design units, including 1 entities, in source file filtro_digital.vhd
    Info: Found design unit 1: FILTRO_BOTAO-arc
    Info: Found entity 1: FILTRO_BOTAO
Info: Found 2 design units, including 1 entities, in source file troca_senha.vhd
    Info: Found design unit 1: TROCA_SENHA-arc
    Info: Found entity 1: TROCA_SENHA
Info: Found 2 design units, including 1 entities, in source file monitorador.vhd
    Info: Found design unit 1: MONITORADOR-arc
    Info: Found entity 1: MONITORADOR
Info: Found 2 design units, including 1 entities, in source file seletor.vhd
    Info: Found design unit 1: SELETOR-arc
    Info: Found entity 1: SELETOR
Info: Found 2 design units, including 1 entities, in source file geradores_ de_pulsos.vhd
    Info: Found design unit 1: GERADOR_DE_PULSO-arc
    Info: Found entity 1: GERADOR_DE_PULSO
Info: Found 2 design units, including 1 entities, in source file troca_estado.vhd
    Info: Found design unit 1: TROCA_ESTADO-arc
    Info: Found entity 1: TROCA_ESTADO
Info: Found 2 design units, including 1 entities, in source file circuito_alarme.vhd
    Info: Found design unit 1: TOP-CIRCUITO_COMPLETO
    Info: Found entity 1: TOP
Info: Found 2 design units, including 1 entities, in source file top.vhd
    Info: Found design unit 1: TOP_ENTITY-arc
    Info: Found entity 1: TOP_ENTITY
Info: Elaborating entity "FILTRO_BOTAO" for the top level hierarchy
Info: Implemented 99 device resources after synthesis - the final resource count might be different
    Info: Implemented 2 input pins
    Info: Implemented 1 output pins
    Info: Implemented 96 logic cells
Info: Quartus II Analysis & Synthesis was successful. 0 errors, 0 warnings
    Info: Peak virtual memory: 229 megabytes
    Info: Processing ended: Thu Nov 05 16:57:22 2015
    Info: Elapsed time: 00:00:01
    Info: Total CPU time (on all processors): 00:00:01


