Fitter report for TOP
Tue Nov 03 11:59:11 2015
Quartus II Version 9.1 Build 304 01/25/2010 Service Pack 1 SJ Web Edition


---------------------
; Table of Contents ;
---------------------
  1. Legal Notice
  2. Fitter Summary
  3. Fitter Settings
  4. Parallel Compilation
  5. Pin-Out File
  6. Fitter Resource Usage Summary
  7. Input Pins
  8. Output Pins
  9. I/O Bank Usage
 10. All Package Pins
 11. Output Pin Default Load For Reported TCO
 12. Fitter Resource Utilization by Entity
 13. Delay Chain Summary
 14. Control Signals
 15. Global & Other Fast Signals
 16. Non-Global High Fan-Out Signals
 17. Interconnect Usage Summary
 18. LAB Logic Elements
 19. LAB-wide Signals
 20. LAB Signals Sourced
 21. LAB Signals Sourced Out
 22. LAB Distinct Inputs
 23. Fitter Device Options
 24. Estimated Delay Added for Hold Timing
 25. Fitter Messages
 26. Fitter Suppressed Messages



----------------
; Legal Notice ;
----------------
Copyright (C) 1991-2010 Altera Corporation
Your use of Altera Corporation's design tools, logic functions 
and other software and tools, and its AMPP partner logic 
functions, and any output files from any of the foregoing 
(including device programming or simulation files), and any 
associated documentation or information are expressly subject 
to the terms and conditions of the Altera Program License 
Subscription Agreement, Altera MegaCore Function License 
Agreement, or other applicable license agreement, including, 
without limitation, that your use is for the sole purpose of 
programming logic devices manufactured by Altera and sold by 
Altera or its authorized distributors.  Please refer to the 
applicable agreement for further details.



+----------------------------------------------------------------------+
; Fitter Summary                                                       ;
+-----------------------+----------------------------------------------+
; Fitter Status         ; Successful - Tue Nov 03 11:59:11 2015        ;
; Quartus II Version    ; 9.1 Build 304 01/25/2010 SP 1 SJ Web Edition ;
; Revision Name         ; TOP                                          ;
; Top-level Entity Name ; TOP                                          ;
; Family                ; MAX II                                       ;
; Device                ; EPM1270F256C5                                ;
; Timing Models         ; Final                                        ;
; Total logic elements  ; 421 / 1,270 ( 33 % )                         ;
; Total pins            ; 14 / 212 ( 7 % )                             ;
; Total virtual pins    ; 0                                            ;
; UFM blocks            ; 0 / 1 ( 0 % )                                ;
+-----------------------+----------------------------------------------+


+----------------------------------------------------------------------------------------------------------------------------------------------+
; Fitter Settings                                                                                                                              ;
+----------------------------------------------------------------------------+--------------------------------+--------------------------------+
; Option                                                                     ; Setting                        ; Default Value                  ;
+----------------------------------------------------------------------------+--------------------------------+--------------------------------+
; Device                                                                     ; EPM1270F256C5                  ;                                ;
; Minimum Core Junction Temperature                                          ; 0                              ;                                ;
; Maximum Core Junction Temperature                                          ; 85                             ;                                ;
; Fit Attempts to Skip                                                       ; 0                              ; 0.0                            ;
; Device I/O Standard                                                        ; 3.3-V LVTTL                    ;                                ;
; Use smart compilation                                                      ; Off                            ; Off                            ;
; Enable parallel Assembler and TimeQuest Timing Analyzer during compilation ; On                             ; On                             ;
; Enable compact report table                                                ; Off                            ; Off                            ;
; Use TimeQuest Timing Analyzer                                              ; Off                            ; Off                            ;
; Router Timing Optimization Level                                           ; Normal                         ; Normal                         ;
; Placement Effort Multiplier                                                ; 1.0                            ; 1.0                            ;
; Router Effort Multiplier                                                   ; 1.0                            ; 1.0                            ;
; Always Enable Input Buffers                                                ; Off                            ; Off                            ;
; Optimize Hold Timing                                                       ; IO Paths and Minimum TPD Paths ; IO Paths and Minimum TPD Paths ;
; Optimize Multi-Corner Timing                                               ; Off                            ; Off                            ;
; Guarantee I/O Paths Have Zero Hold Time at Fast Corner                     ; On                             ; On                             ;
; PowerPlay Power Optimization                                               ; Normal compilation             ; Normal compilation             ;
; Optimize Timing                                                            ; Normal compilation             ; Normal compilation             ;
; Optimize Timing for ECOs                                                   ; Off                            ; Off                            ;
; Regenerate full fit report during ECO compiles                             ; Off                            ; Off                            ;
; Optimize IOC Register Placement for Timing                                 ; On                             ; On                             ;
; Limit to One Fitting Attempt                                               ; Off                            ; Off                            ;
; Final Placement Optimizations                                              ; Automatically                  ; Automatically                  ;
; Fitter Aggressive Routability Optimizations                                ; Automatically                  ; Automatically                  ;
; Fitter Initial Placement Seed                                              ; 1                              ; 1                              ;
; Slow Slew Rate                                                             ; Off                            ; Off                            ;
; PCI I/O                                                                    ; Off                            ; Off                            ;
; Weak Pull-Up Resistor                                                      ; Off                            ; Off                            ;
; Enable Bus-Hold Circuitry                                                  ; Off                            ; Off                            ;
; Auto Delay Chains                                                          ; On                             ; On                             ;
; Perform Physical Synthesis for Combinational Logic for Performance         ; Off                            ; Off                            ;
; Perform Register Duplication for Performance                               ; Off                            ; Off                            ;
; Perform Register Retiming for Performance                                  ; Off                            ; Off                            ;
; Perform Asynchronous Signal Pipelining                                     ; Off                            ; Off                            ;
; Fitter Effort                                                              ; Auto Fit                       ; Auto Fit                       ;
; Physical Synthesis Effort Level                                            ; Normal                         ; Normal                         ;
; Logic Cell Insertion - Logic Duplication                                   ; Auto                           ; Auto                           ;
; Auto Register Duplication                                                  ; Auto                           ; Auto                           ;
; Auto Global Clock                                                          ; On                             ; On                             ;
; Auto Global Register Control Signals                                       ; On                             ; On                             ;
; Stop After Congestion Map Generation                                       ; Off                            ; Off                            ;
; Save Intermediate Fitting Results                                          ; Off                            ; Off                            ;
; Force Fitter to Avoid Periphery Placement Warnings                         ; Off                            ; Off                            ;
; Use Best Effort Settings for Compilation                                   ; Off                            ; Off                            ;
+----------------------------------------------------------------------------+--------------------------------+--------------------------------+


Parallel compilation was disabled, but you have multiple processors available. Enable parallel compilation to reduce compilation time.
+-------------------------------------+
; Parallel Compilation                ;
+----------------------------+--------+
; Processors                 ; Number ;
+----------------------------+--------+
; Number detected on machine ; 2      ;
; Maximum allowed            ; 1      ;
+----------------------------+--------+


+--------------+
; Pin-Out File ;
+--------------+
The pin-out file can be found in C:/Users/Raul/Desktop/P6 RAUL E ITALO/TOP.pin.


+--------------------------------------------------------------------+
; Fitter Resource Usage Summary                                      ;
+---------------------------------------------+----------------------+
; Resource                                    ; Usage                ;
+---------------------------------------------+----------------------+
; Total logic elements                        ; 421 / 1,270 ( 33 % ) ;
;     -- Combinational with no register       ; 220                  ;
;     -- Register only                        ; 114                  ;
;     -- Combinational with a register        ; 87                   ;
;                                             ;                      ;
; Logic element usage by number of LUT inputs ;                      ;
;     -- 4 input functions                    ; 68                   ;
;     -- 3 input functions                    ; 79                   ;
;     -- 2 input functions                    ; 152                  ;
;     -- 1 input functions                    ; 7                    ;
;     -- 0 input functions                    ; 1                    ;
;                                             ;                      ;
; Logic elements by mode                      ;                      ;
;     -- normal mode                          ; 251                  ;
;     -- arithmetic mode                      ; 170                  ;
;     -- qfbk mode                            ; 11                   ;
;     -- register cascade mode                ; 0                    ;
;     -- synchronous clear/load mode          ; 95                   ;
;     -- asynchronous clear/load mode         ; 24                   ;
;                                             ;                      ;
; Total registers                             ; 201 / 1,270 ( 16 % ) ;
; Total LABs                                  ; 83 / 127 ( 65 % )    ;
; Logic elements in carry chains              ; 177                  ;
; User inserted logic elements                ; 0                    ;
; Virtual pins                                ; 0                    ;
; I/O pins                                    ; 14 / 212 ( 7 % )     ;
;     -- Clock pins                           ; 1 / 4 ( 25 % )       ;
; Global signals                              ; 3                    ;
; UFM blocks                                  ; 0 / 1 ( 0 % )        ;
; Global clocks                               ; 3 / 4 ( 75 % )       ;
; JTAGs                                       ; 0 / 1 ( 0 % )        ;
; Average interconnect usage (total/H/V)      ; 14% / 13% / 14%      ;
; Peak interconnect usage (total/H/V)         ; 18% / 16% / 21%      ;
; Maximum fan-out node                        ; clk66                ;
; Maximum fan-out                             ; 133                  ;
; Highest non-global fan-out signal           ; Add1~0               ;
; Highest non-global fan-out                  ; 33                   ;
; Total fan-out                               ; 1306                 ;
; Average fan-out                             ; 3.00                 ;
+---------------------------------------------+----------------------+


+------------------------------------------------------------------------------------------------------------------------------------------------------------------------------------------------------------------+
; Input Pins                                                                                                                                                                                                       ;
+-----------+-------+----------+--------------+--------------+-------------+-----------------------+--------------------+--------+-----------------+----------+--------------+--------------+----------------------+
; Name      ; Pin # ; I/O Bank ; X coordinate ; Y coordinate ; Cell number ; Combinational Fan-Out ; Registered Fan-Out ; Global ; PCI I/O Enabled ; Bus Hold ; Weak Pull Up ; I/O Standard ; Location assigned by ;
+-----------+-------+----------+--------------+--------------+-------------+-----------------------+--------------------+--------+-----------------+----------+--------------+--------------+----------------------+
; ADC_DATA  ; A11   ; 2        ; 11           ; 11           ; 1           ; 1                     ; 0                  ; no     ; no              ; no       ; Off          ; 3.3-V LVTTL  ; User                 ;
; ADC_SSTRB ; A12   ; 2        ; 12           ; 11           ; 0           ; 2                     ; 0                  ; no     ; no              ; no       ; Off          ; 3.3-V LVTTL  ; User                 ;
; botao     ; M9    ; 4        ; 10           ; 3            ; 3           ; 0                     ; 0                  ; no     ; no              ; no       ; Off          ; 3.3-V LVTTL  ; User                 ;
; clk66     ; H5    ; 1        ; 0            ; 7            ; 5           ; 133                   ; 0                  ; yes    ; no              ; no       ; Off          ; 3.3-V LVTTL  ; User                 ;
+-----------+-------+----------+--------------+--------------+-------------+-----------------------+--------------------+--------+-----------------+----------+--------------+--------------+----------------------+


+----------------------------------------------------------------------------------------------------------------------------------------------------------------------------------------------------------------------------------------------------------------------------------------------------------------------------------+
; Output Pins                                                                                                                                                                                                                                                                                                                      ;
+----------------+-------+----------+--------------+--------------+-------------+-----------------+----------------+-----------------+------------+---------------+----------+--------------+--------------+------------------+------------------------+----------------------+-------+----------------------+---------------------+
; Name           ; Pin # ; I/O Bank ; X coordinate ; Y coordinate ; Cell number ; Output Register ; Slow Slew Rate ; PCI I/O Enabled ; Open Drain ; TRI Primitive ; Bus Hold ; Weak Pull Up ; I/O Standard ; Current Strength ; Fast Output Connection ; Location assigned by ; Load  ; Output Enable Source ; Output Enable Group ;
+----------------+-------+----------+--------------+--------------+-------------+-----------------+----------------+-----------------+------------+---------------+----------+--------------+--------------+------------------+------------------------+----------------------+-------+----------------------+---------------------+
; ADC_CNTRL_DATA ; B12   ; 2        ; 13           ; 11           ; 1           ; no              ; no             ; no              ; no         ; no            ; no       ; Off          ; 3.3-V LVTTL  ; 16mA             ; yes                    ; User                 ; 10 pF ; -                    ; -                   ;
; ADC_CSN        ; C12   ; 2        ; 16           ; 11           ; 2           ; no              ; no             ; no              ; no         ; no            ; no       ; Off          ; 3.3-V LVTTL  ; 16mA             ; no                     ; User                 ; 10 pF ; -                    ; -                   ;
; ADC_SHDN       ; B11   ; 2        ; 12           ; 11           ; 2           ; no              ; no             ; no              ; no         ; no            ; no       ; Off          ; 3.3-V LVTTL  ; 16mA             ; no                     ; User                 ; 10 pF ; -                    ; -                   ;
; L1             ; T13   ; 4        ; 14           ; 0            ; 2           ; no              ; no             ; no              ; no         ; no            ; no       ; Off          ; 3.3-V LVTTL  ; 16mA             ; no                     ; User                 ; 10 pF ; -                    ; -                   ;
; L2             ; R13   ; 4        ; 14           ; 0            ; 0           ; no              ; no             ; no              ; no         ; no            ; no       ; Off          ; 3.3-V LVTTL  ; 16mA             ; no                     ; User                 ; 10 pF ; -                    ; -                   ;
; L3             ; P13   ; 4        ; 16           ; 0            ; 0           ; no              ; no             ; no              ; no         ; no            ; no       ; Off          ; 3.3-V LVTTL  ; 16mA             ; no                     ; User                 ; 10 pF ; -                    ; -                   ;
; L4             ; T12   ; 4        ; 13           ; 0            ; 2           ; no              ; no             ; no              ; no         ; no            ; no       ; Off          ; 3.3-V LVTTL  ; 16mA             ; yes                    ; User                 ; 10 pF ; -                    ; -                   ;
; clk260khz      ; D12   ; 2        ; 15           ; 11           ; 1           ; no              ; no             ; no              ; no         ; no            ; no       ; Off          ; 3.3-V LVTTL  ; 16mA             ; no                     ; User                 ; 10 pF ; -                    ; -                   ;
; cooler         ; C2    ; 1        ; 0            ; 10           ; 1           ; no              ; no             ; no              ; no         ; no            ; no       ; Off          ; 3.3-V LVTTL  ; 16mA             ; no                     ; User                 ; 10 pF ; -                    ; -                   ;
; sc_ena         ; B1    ; 2        ; 1            ; 11           ; 1           ; no              ; no             ; no              ; no         ; no            ; no       ; Off          ; 3.3-V LVTTL  ; 16mA             ; no                     ; User                 ; 10 pF ; -                    ; -                   ;
+----------------+-------+----------+--------------+--------------+-------------+-----------------+----------------+-----------------+------------+---------------+----------+--------------+--------------+------------------+------------------------+----------------------+-------+----------------------+---------------------+


+-----------------------------------------------------------+
; I/O Bank Usage                                            ;
+----------+-----------------+---------------+--------------+
; I/O Bank ; Usage           ; VCCIO Voltage ; VREF Voltage ;
+----------+-----------------+---------------+--------------+
; 1        ; 2 / 51 ( 4 % )  ; 3.3V          ; --           ;
; 2        ; 7 / 53 ( 13 % ) ; 3.3V          ; --           ;
; 3        ; 0 / 55 ( 0 % )  ; 3.3V          ; --           ;
; 4        ; 5 / 53 ( 9 % )  ; 3.3V          ; --           ;
+----------+-----------------+---------------+--------------+


+------------------------------------------------------------------------------------------------------------------------------------------------+
; All Package Pins                                                                                                                               ;
+----------+------------+----------+----------------+--------+--------------+-----------+------------+-----------------+----------+--------------+
; Location ; Pad Number ; I/O Bank ; Pin Name/Usage ; Dir.   ; I/O Standard ; Voltage   ; I/O Type   ; User Assignment ; Bus Hold ; Weak Pull Up ;
+----------+------------+----------+----------------+--------+--------------+-----------+------------+-----------------+----------+--------------+
; A1       ;            ;          ; GNDIO          ; gnd    ;              ;           ; --         ;                 ; --       ; --           ;
; A2       ; 212        ; 2        ; RESERVED_INPUT ;        ;              ;           ; Column I/O ;                 ; no       ; Off          ;
; A3       ;            ; 2        ; VCCIO2         ; power  ;              ; 3.3V      ; --         ;                 ; --       ; --           ;
; A4       ; 204        ; 2        ; RESERVED_INPUT ;        ;              ;           ; Column I/O ;                 ; no       ; Off          ;
; A5       ; 200        ; 2        ; RESERVED_INPUT ;        ;              ;           ; Column I/O ;                 ; no       ; Off          ;
; A6       ; 196        ; 2        ; RESERVED_INPUT ;        ;              ;           ; Column I/O ;                 ; no       ; Off          ;
; A7       ; 192        ; 2        ; RESERVED_INPUT ;        ;              ;           ; Column I/O ;                 ; no       ; Off          ;
; A8       ; 189        ; 2        ; RESERVED_INPUT ;        ;              ;           ; Column I/O ;                 ; no       ; Off          ;
; A9       ; 188        ; 2        ; RESERVED_INPUT ;        ;              ;           ; Column I/O ;                 ; no       ; Off          ;
; A10      ; 184        ; 2        ; RESERVED_INPUT ;        ;              ;           ; Column I/O ;                 ; no       ; Off          ;
; A11      ; 180        ; 2        ; ADC_DATA       ; input  ; 3.3-V LVTTL  ;           ; Column I/O ; Y               ; no       ; Off          ;
; A12      ; 176        ; 2        ; ADC_SSTRB      ; input  ; 3.3-V LVTTL  ;           ; Column I/O ; Y               ; no       ; Off          ;
; A13      ; 172        ; 2        ; RESERVED_INPUT ;        ;              ;           ; Column I/O ;                 ; no       ; Off          ;
; A14      ;            ; 2        ; VCCIO2         ; power  ;              ; 3.3V      ; --         ;                 ; --       ; --           ;
; A15      ; 166        ; 2        ; RESERVED_INPUT ;        ;              ;           ; Column I/O ;                 ; no       ; Off          ;
; A16      ;            ;          ; GNDIO          ; gnd    ;              ;           ; --         ;                 ; --       ; --           ;
; B1       ; 214        ; 2        ; sc_ena         ; output ; 3.3-V LVTTL  ;           ; Column I/O ; Y               ; no       ; Off          ;
; B2       ;            ;          ; GNDIO          ; gnd    ;              ;           ; --         ;                 ; --       ; --           ;
; B3       ; 210        ; 2        ; RESERVED_INPUT ;        ;              ;           ; Column I/O ;                 ; no       ; Off          ;
; B4       ; 206        ; 2        ; RESERVED_INPUT ;        ;              ;           ; Column I/O ;                 ; no       ; Off          ;
; B5       ; 202        ; 2        ; RESERVED_INPUT ;        ;              ;           ; Column I/O ;                 ; no       ; Off          ;
; B6       ; 198        ; 2        ; RESERVED_INPUT ;        ;              ;           ; Column I/O ;                 ; no       ; Off          ;
; B7       ; 194        ; 2        ; RESERVED_INPUT ;        ;              ;           ; Column I/O ;                 ; no       ; Off          ;
; B8       ; 190        ; 2        ; RESERVED_INPUT ;        ;              ;           ; Column I/O ;                 ; no       ; Off          ;
; B9       ; 186        ; 2        ; RESERVED_INPUT ;        ;              ;           ; Column I/O ;                 ; no       ; Off          ;
; B10      ; 182        ; 2        ; RESERVED_INPUT ;        ;              ;           ; Column I/O ;                 ; no       ; Off          ;
; B11      ; 178        ; 2        ; ADC_SHDN       ; output ; 3.3-V LVTTL  ;           ; Column I/O ; Y               ; no       ; Off          ;
; B12      ; 174        ; 2        ; ADC_CNTRL_DATA ; output ; 3.3-V LVTTL  ;           ; Column I/O ; Y               ; no       ; Off          ;
; B13      ; 170        ; 2        ; RESERVED_INPUT ;        ;              ;           ; Column I/O ;                 ; no       ; Off          ;
; B14      ; 168        ; 2        ; RESERVED_INPUT ;        ;              ;           ; Column I/O ;                 ; no       ; Off          ;
; B15      ;            ;          ; GNDIO          ; gnd    ;              ;           ; --         ;                 ; --       ; --           ;
; B16      ; 164        ; 2        ; RESERVED_INPUT ;        ;              ;           ; Column I/O ;                 ; no       ; Off          ;
; C1       ;            ; 1        ; VCCIO1         ; power  ;              ; 3.3V      ; --         ;                 ; --       ; --           ;
; C2       ; 1          ; 1        ; cooler         ; output ; 3.3-V LVTTL  ;           ; Row I/O    ; Y               ; no       ; Off          ;
; C3       ; 3          ; 1        ; RESERVED_INPUT ;        ;              ;           ; Row I/O    ;                 ; no       ; Off          ;
; C4       ; 208        ; 2        ; RESERVED_INPUT ;        ;              ;           ; Column I/O ;                 ; no       ; Off          ;
; C5       ; 211        ; 2        ; RESERVED_INPUT ;        ;              ;           ; Column I/O ;                 ; no       ; Off          ;
; C6       ; 209        ; 2        ; RESERVED_INPUT ;        ;              ;           ; Column I/O ;                 ; no       ; Off          ;
; C7       ; 203        ; 2        ; RESERVED_INPUT ;        ;              ;           ; Column I/O ;                 ; no       ; Off          ;
; C8       ; 195        ; 2        ; RESERVED_INPUT ;        ;              ;           ; Column I/O ;                 ; no       ; Off          ;
; C9       ; 183        ; 2        ; RESERVED_INPUT ;        ;              ;           ; Column I/O ;                 ; no       ; Off          ;
; C10      ; 175        ; 2        ; RESERVED_INPUT ;        ;              ;           ; Column I/O ;                 ; no       ; Off          ;
; C11      ; 169        ; 2        ; RESERVED_INPUT ;        ;              ;           ; Column I/O ;                 ; no       ; Off          ;
; C12      ; 165        ; 2        ; ADC_CSN        ; output ; 3.3-V LVTTL  ;           ; Column I/O ; Y               ; no       ; Off          ;
; C13      ; 163        ; 2        ; RESERVED_INPUT ;        ;              ;           ; Column I/O ;                 ; no       ; Off          ;
; C14      ; 160        ; 3        ; RESERVED_INPUT ;        ;              ;           ; Row I/O    ;                 ; no       ; Off          ;
; C15      ; 158        ; 3        ; RESERVED_INPUT ;        ;              ;           ; Row I/O    ;                 ; no       ; Off          ;
; C16      ;            ; 3        ; VCCIO3         ; power  ;              ; 3.3V      ; --         ;                 ; --       ; --           ;
; D1       ; 7          ; 1        ; RESERVED_INPUT ;        ;              ;           ; Row I/O    ;                 ; no       ; Off          ;
; D2       ; 5          ; 1        ; RESERVED_INPUT ;        ;              ;           ; Row I/O    ;                 ; no       ; Off          ;
; D3       ; 0          ; 1        ; RESERVED_INPUT ;        ;              ;           ; Row I/O    ;                 ; no       ; Off          ;
; D4       ; 215        ; 2        ; RESERVED_INPUT ;        ;              ;           ; Column I/O ;                 ; no       ; Off          ;
; D5       ; 213        ; 2        ; RESERVED_INPUT ;        ;              ;           ; Column I/O ;                 ; no       ; Off          ;
; D6       ; 207        ; 2        ; RESERVED_INPUT ;        ;              ;           ; Column I/O ;                 ; no       ; Off          ;
; D7       ; 201        ; 2        ; RESERVED_INPUT ;        ;              ;           ; Column I/O ;                 ; no       ; Off          ;
; D8       ; 193        ; 2        ; RESERVED_INPUT ;        ;              ;           ; Column I/O ;                 ; no       ; Off          ;
; D9       ; 185        ; 2        ; RESERVED_INPUT ;        ;              ;           ; Column I/O ;                 ; no       ; Off          ;
; D10      ; 177        ; 2        ; RESERVED_INPUT ;        ;              ;           ; Column I/O ;                 ; no       ; Off          ;
; D11      ; 171        ; 2        ; RESERVED_INPUT ;        ;              ;           ; Column I/O ;                 ; no       ; Off          ;
; D12      ; 167        ; 2        ; clk260khz      ; output ; 3.3-V LVTTL  ;           ; Column I/O ; Y               ; no       ; Off          ;
; D13      ; 162        ; 3        ; RESERVED_INPUT ;        ;              ;           ; Row I/O    ;                 ; no       ; Off          ;
; D14      ; 156        ; 3        ; RESERVED_INPUT ;        ;              ;           ; Row I/O    ;                 ; no       ; Off          ;
; D15      ; 154        ; 3        ; RESERVED_INPUT ;        ;              ;           ; Row I/O    ;                 ; no       ; Off          ;
; D16      ; 152        ; 3        ; RESERVED_INPUT ;        ;              ;           ; Row I/O    ;                 ; no       ; Off          ;
; E1       ; 11         ; 1        ; RESERVED_INPUT ;        ;              ;           ; Row I/O    ;                 ; no       ; Off          ;
; E2       ; 9          ; 1        ; RESERVED_INPUT ;        ;              ;           ; Row I/O    ;                 ; no       ; Off          ;
; E3       ; 2          ; 1        ; RESERVED_INPUT ;        ;              ;           ; Row I/O    ;                 ; no       ; Off          ;
; E4       ; 4          ; 1        ; RESERVED_INPUT ;        ;              ;           ; Row I/O    ;                 ; no       ; Off          ;
; E5       ; 6          ; 1        ; RESERVED_INPUT ;        ;              ;           ; Row I/O    ;                 ; no       ; Off          ;
; E6       ; 205        ; 2        ; RESERVED_INPUT ;        ;              ;           ; Column I/O ;                 ; no       ; Off          ;
; E7       ; 199        ; 2        ; RESERVED_INPUT ;        ;              ;           ; Column I/O ;                 ; no       ; Off          ;
; E8       ; 191        ; 2        ; RESERVED_INPUT ;        ;              ;           ; Column I/O ;                 ; no       ; Off          ;
; E9       ; 187        ; 2        ; RESERVED_INPUT ;        ;              ;           ; Column I/O ;                 ; no       ; Off          ;
; E10      ; 179        ; 2        ; RESERVED_INPUT ;        ;              ;           ; Column I/O ;                 ; no       ; Off          ;
; E11      ; 173        ; 2        ; RESERVED_INPUT ;        ;              ;           ; Column I/O ;                 ; no       ; Off          ;
; E12      ; 157        ; 3        ; RESERVED_INPUT ;        ;              ;           ; Row I/O    ;                 ; no       ; Off          ;
; E13      ; 159        ; 3        ; RESERVED_INPUT ;        ;              ;           ; Row I/O    ;                 ; no       ; Off          ;
; E14      ; 161        ; 3        ; RESERVED_INPUT ;        ;              ;           ; Row I/O    ;                 ; no       ; Off          ;
; E15      ; 150        ; 3        ; RESERVED_INPUT ;        ;              ;           ; Row I/O    ;                 ; no       ; Off          ;
; E16      ; 148        ; 3        ; RESERVED_INPUT ;        ;              ;           ; Row I/O    ;                 ; no       ; Off          ;
; F1       ; 15         ; 1        ; RESERVED_INPUT ;        ;              ;           ; Row I/O    ;                 ; no       ; Off          ;
; F2       ; 13         ; 1        ; RESERVED_INPUT ;        ;              ;           ; Row I/O    ;                 ; no       ; Off          ;
; F3       ; 8          ; 1        ; RESERVED_INPUT ;        ;              ;           ; Row I/O    ;                 ; no       ; Off          ;
; F4       ; 10         ; 1        ; RESERVED_INPUT ;        ;              ;           ; Row I/O    ;                 ; no       ; Off          ;
; F5       ; 12         ; 1        ; RESERVED_INPUT ;        ;              ;           ; Row I/O    ;                 ; no       ; Off          ;
; F6       ; 14         ; 1        ; RESERVED_INPUT ;        ;              ;           ; Row I/O    ;                 ; no       ; Off          ;
; F7       ; 197        ; 2        ; RESERVED_INPUT ;        ;              ;           ; Column I/O ;                 ; no       ; Off          ;
; F8       ;            ; 2        ; VCCIO2         ; power  ;              ; 3.3V      ; --         ;                 ; --       ; --           ;
; F9       ;            ; 2        ; VCCIO2         ; power  ;              ; 3.3V      ; --         ;                 ; --       ; --           ;
; F10      ; 181        ; 2        ; RESERVED_INPUT ;        ;              ;           ; Column I/O ;                 ; no       ; Off          ;
; F11      ; 149        ; 3        ; RESERVED_INPUT ;        ;              ;           ; Row I/O    ;                 ; no       ; Off          ;
; F12      ; 151        ; 3        ; RESERVED_INPUT ;        ;              ;           ; Row I/O    ;                 ; no       ; Off          ;
; F13      ; 153        ; 3        ; RESERVED_INPUT ;        ;              ;           ; Row I/O    ;                 ; no       ; Off          ;
; F14      ; 155        ; 3        ; RESERVED_INPUT ;        ;              ;           ; Row I/O    ;                 ; no       ; Off          ;
; F15      ; 146        ; 3        ; RESERVED_INPUT ;        ;              ;           ; Row I/O    ;                 ; no       ; Off          ;
; F16      ; 144        ; 3        ; RESERVED_INPUT ;        ;              ;           ; Row I/O    ;                 ; no       ; Off          ;
; G1       ; 19         ; 1        ; RESERVED_INPUT ;        ;              ;           ; Row I/O    ;                 ; no       ; Off          ;
; G2       ; 17         ; 1        ; RESERVED_INPUT ;        ;              ;           ; Row I/O    ;                 ; no       ; Off          ;
; G3       ; 16         ; 1        ; RESERVED_INPUT ;        ;              ;           ; Row I/O    ;                 ; no       ; Off          ;
; G4       ; 18         ; 1        ; RESERVED_INPUT ;        ;              ;           ; Row I/O    ;                 ; no       ; Off          ;
; G5       ; 20         ; 1        ; RESERVED_INPUT ;        ;              ;           ; Row I/O    ;                 ; no       ; Off          ;
; G6       ; 22         ; 1        ; RESERVED_INPUT ;        ;              ;           ; Row I/O    ;                 ; no       ; Off          ;
; G7       ;            ;          ; GNDIO          ; gnd    ;              ;           ; --         ;                 ; --       ; --           ;
; G8       ;            ;          ; GNDIO          ; gnd    ;              ;           ; --         ;                 ; --       ; --           ;
; G9       ;            ;          ; GNDIO          ; gnd    ;              ;           ; --         ;                 ; --       ; --           ;
; G10      ;            ;          ; GNDIO          ; gnd    ;              ;           ; --         ;                 ; --       ; --           ;
; G11      ; 143        ; 3        ; RESERVED_INPUT ;        ;              ;           ; Row I/O    ;                 ; no       ; Off          ;
; G12      ; 141        ; 3        ; RESERVED_INPUT ;        ;              ;           ; Row I/O    ;                 ; no       ; Off          ;
; G13      ; 145        ; 3        ; RESERVED_INPUT ;        ;              ;           ; Row I/O    ;                 ; no       ; Off          ;
; G14      ; 147        ; 3        ; RESERVED_INPUT ;        ;              ;           ; Row I/O    ;                 ; no       ; Off          ;
; G15      ; 142        ; 3        ; RESERVED_INPUT ;        ;              ;           ; Row I/O    ;                 ; no       ; Off          ;
; G16      ; 140        ; 3        ; RESERVED_INPUT ;        ;              ;           ; Row I/O    ;                 ; no       ; Off          ;
; H1       ; 23         ; 1        ; RESERVED_INPUT ;        ;              ;           ; Row I/O    ;                 ; no       ; Off          ;
; H2       ; 21         ; 1        ; RESERVED_INPUT ;        ;              ;           ; Row I/O    ;                 ; no       ; Off          ;
; H3       ; 24         ; 1        ; RESERVED_INPUT ;        ;              ;           ; Row I/O    ;                 ; no       ; Off          ;
; H4       ; 28         ; 1        ; RESERVED_INPUT ;        ;              ;           ; Row I/O    ;                 ; no       ; Off          ;
; H5       ; 26         ; 1        ; clk66          ; input  ; 3.3-V LVTTL  ;           ; Row I/O    ; Y               ; no       ; Off          ;
; H6       ;            ; 1        ; VCCIO1         ; power  ;              ; 3.3V      ; --         ;                 ; --       ; --           ;
; H7       ;            ;          ; GNDINT         ; gnd    ;              ;           ; --         ;                 ; --       ; --           ;
; H8       ;            ;          ; VCCINT         ; power  ;              ; 2.5V/3.3V ; --         ;                 ; --       ; --           ;
; H9       ;            ;          ; GNDINT         ; gnd    ;              ;           ; --         ;                 ; --       ; --           ;
; H10      ;            ;          ; VCCINT         ; power  ;              ; 2.5V/3.3V ; --         ;                 ; --       ; --           ;
; H11      ;            ; 3        ; VCCIO3         ; power  ;              ; 3.3V      ; --         ;                 ; --       ; --           ;
; H12      ; 135        ; 3        ; RESERVED_INPUT ;        ;              ;           ; Row I/O    ;                 ; no       ; Off          ;
; H13      ; 137        ; 3        ; RESERVED_INPUT ;        ;              ;           ; Row I/O    ;                 ; no       ; Off          ;
; H14      ; 139        ; 3        ; RESERVED_INPUT ;        ;              ;           ; Row I/O    ;                 ; no       ; Off          ;
; H15      ; 138        ; 3        ; RESERVED_INPUT ;        ;              ;           ; Row I/O    ;                 ; no       ; Off          ;
; H16      ; 136        ; 3        ; RESERVED_INPUT ;        ;              ;           ; Row I/O    ;                 ; no       ; Off          ;
; J1       ; 25         ; 1        ; RESERVED_INPUT ;        ;              ;           ; Row I/O    ;                 ; no       ; Off          ;
; J2       ; 29         ; 1        ; RESERVED_INPUT ;        ;              ;           ; Row I/O    ;                 ; no       ; Off          ;
; J3       ; 32         ; 1        ; RESERVED_INPUT ;        ;              ;           ; Row I/O    ;                 ; no       ; Off          ;
; J4       ; 30         ; 1        ; RESERVED_INPUT ;        ;              ;           ; Row I/O    ;                 ; no       ; Off          ;
; J5       ; 27         ; 1        ; RESERVED_INPUT ;        ;              ;           ; Row I/O    ;                 ; no       ; Off          ;
; J6       ;            ; 1        ; VCCIO1         ; power  ;              ; 3.3V      ; --         ;                 ; --       ; --           ;
; J7       ;            ;          ; VCCINT         ; power  ;              ; 2.5V/3.3V ; --         ;                 ; --       ; --           ;
; J8       ;            ;          ; GNDINT         ; gnd    ;              ;           ; --         ;                 ; --       ; --           ;
; J9       ;            ;          ; VCCINT         ; power  ;              ; 2.5V/3.3V ; --         ;                 ; --       ; --           ;
; J10      ;            ;          ; GNDINT         ; gnd    ;              ;           ; --         ;                 ; --       ; --           ;
; J11      ;            ; 3        ; VCCIO3         ; power  ;              ; 3.3V      ; --         ;                 ; --       ; --           ;
; J12      ; 134        ; 3        ; RESERVED_INPUT ;        ;              ;           ; Row I/O    ;                 ; no       ; Off          ;
; J13      ; 133        ; 3        ; RESERVED_INPUT ;        ;              ;           ; Row I/O    ;                 ; no       ; Off          ;
; J14      ; 131        ; 3        ; RESERVED_INPUT ;        ;              ;           ; Row I/O    ;                 ; no       ; Off          ;
; J15      ; 130        ; 3        ; RESERVED_INPUT ;        ;              ;           ; Row I/O    ;                 ; no       ; Off          ;
; J16      ; 132        ; 3        ; RESERVED_INPUT ;        ;              ;           ; Row I/O    ;                 ; no       ; Off          ;
; K1       ; 31         ; 1        ; RESERVED_INPUT ;        ;              ;           ; Row I/O    ;                 ; no       ; Off          ;
; K2       ; 33         ; 1        ; RESERVED_INPUT ;        ;              ;           ; Row I/O    ;                 ; no       ; Off          ;
; K3       ; 40         ; 1        ; RESERVED_INPUT ;        ;              ;           ; Row I/O    ;                 ; no       ; Off          ;
; K4       ; 38         ; 1        ; RESERVED_INPUT ;        ;              ;           ; Row I/O    ;                 ; no       ; Off          ;
; K5       ; 36         ; 1        ; RESERVED_INPUT ;        ;              ;           ; Row I/O    ;                 ; no       ; Off          ;
; K6       ; 34         ; 1        ; RESERVED_INPUT ;        ;              ;           ; Row I/O    ;                 ; no       ; Off          ;
; K7       ;            ;          ; GNDIO          ; gnd    ;              ;           ; --         ;                 ; --       ; --           ;
; K8       ;            ;          ; GNDIO          ; gnd    ;              ;           ; --         ;                 ; --       ; --           ;
; K9       ;            ;          ; GNDIO          ; gnd    ;              ;           ; --         ;                 ; --       ; --           ;
; K10      ;            ;          ; GNDIO          ; gnd    ;              ;           ; --         ;                 ; --       ; --           ;
; K11      ; 129        ; 3        ; RESERVED_INPUT ;        ;              ;           ; Row I/O    ;                 ; no       ; Off          ;
; K12      ; 127        ; 3        ; RESERVED_INPUT ;        ;              ;           ; Row I/O    ;                 ; no       ; Off          ;
; K13      ; 125        ; 3        ; RESERVED_INPUT ;        ;              ;           ; Row I/O    ;                 ; no       ; Off          ;
; K14      ; 123        ; 3        ; RESERVED_INPUT ;        ;              ;           ; Row I/O    ;                 ; no       ; Off          ;
; K15      ; 126        ; 3        ; RESERVED_INPUT ;        ;              ;           ; Row I/O    ;                 ; no       ; Off          ;
; K16      ; 128        ; 3        ; RESERVED_INPUT ;        ;              ;           ; Row I/O    ;                 ; no       ; Off          ;
; L1       ; 35         ; 1        ; RESERVED_INPUT ;        ;              ;           ; Row I/O    ;                 ; no       ; Off          ;
; L2       ; 37         ; 1        ; RESERVED_INPUT ;        ;              ;           ; Row I/O    ;                 ; no       ; Off          ;
; L3       ; 46         ; 1        ; RESERVED_INPUT ;        ;              ;           ; Row I/O    ;                 ; no       ; Off          ;
; L4       ; 44         ; 1        ; RESERVED_INPUT ;        ;              ;           ; Row I/O    ;                 ; no       ; Off          ;
; L5       ; 42         ; 1        ; RESERVED_INPUT ;        ;              ;           ; Row I/O    ;                 ; no       ; Off          ;
; L6       ; 51         ; 1        ; #TDI           ; input  ;              ;           ; --         ;                 ; --       ; --           ;
; L7       ; 73         ; 4        ; RESERVED_INPUT ;        ;              ;           ; Column I/O ;                 ; no       ; Off          ;
; L8       ;            ; 4        ; VCCIO4         ; power  ;              ; 3.3V      ; --         ;                 ; --       ; --           ;
; L9       ;            ; 4        ; VCCIO4         ; power  ;              ; 3.3V      ; --         ;                 ; --       ; --           ;
; L10      ; 87         ; 4        ; RESERVED_INPUT ;        ;              ;           ; Column I/O ;                 ; no       ; Off          ;
; L11      ; 121        ; 3        ; RESERVED_INPUT ;        ;              ;           ; Row I/O    ;                 ; no       ; Off          ;
; L12      ; 119        ; 3        ; RESERVED_INPUT ;        ;              ;           ; Row I/O    ;                 ; no       ; Off          ;
; L13      ; 117        ; 3        ; RESERVED_INPUT ;        ;              ;           ; Row I/O    ;                 ; no       ; Off          ;
; L14      ; 115        ; 3        ; RESERVED_INPUT ;        ;              ;           ; Row I/O    ;                 ; no       ; Off          ;
; L15      ; 122        ; 3        ; RESERVED_INPUT ;        ;              ;           ; Row I/O    ;                 ; no       ; Off          ;
; L16      ; 124        ; 3        ; RESERVED_INPUT ;        ;              ;           ; Row I/O    ;                 ; no       ; Off          ;
; M1       ; 39         ; 1        ; RESERVED_INPUT ;        ;              ;           ; Row I/O    ;                 ; no       ; Off          ;
; M2       ; 41         ; 1        ; RESERVED_INPUT ;        ;              ;           ; Row I/O    ;                 ; no       ; Off          ;
; M3       ; 43         ; 1        ; RESERVED_INPUT ;        ;              ;           ; Row I/O    ;                 ; no       ; Off          ;
; M4       ; 48         ; 1        ; RESERVED_INPUT ;        ;              ;           ; Row I/O    ;                 ; no       ; Off          ;
; M5       ; 53         ; 1        ; #TDO           ; output ;              ;           ; --         ;                 ; --       ; --           ;
; M6       ; 65         ; 4        ; RESERVED_INPUT ;        ;              ;           ; Column I/O ;                 ; no       ; Off          ;
; M7       ; 71         ; 4        ; RESERVED_INPUT ;        ;              ;           ; Column I/O ;                 ; no       ; Off          ;
; M8       ; 85         ; 4        ; RESERVED_INPUT ;        ;              ;           ; Column I/O ;                 ; no       ; Off          ;
; M9       ; 86         ; 4        ; botao          ; input  ; 3.3-V LVTTL  ;           ; Column I/O ; Y               ; no       ; Off          ;
; M10      ; 89         ; 4        ; RESERVED_INPUT ;        ;              ;           ; Column I/O ;                 ; no       ; Off          ;
; M11      ; 95         ; 4        ; RESERVED_INPUT ;        ;              ;           ; Column I/O ;                 ; no       ; Off          ;
; M12      ; 101        ; 4        ; RESERVED_INPUT ;        ;              ;           ; Column I/O ;                 ; no       ; Off          ;
; M13      ; 113        ; 3        ; RESERVED_INPUT ;        ;              ;           ; Row I/O    ;                 ; no       ; Off          ;
; M14      ; 111        ; 3        ; RESERVED_INPUT ;        ;              ;           ; Row I/O    ;                 ; no       ; Off          ;
; M15      ; 118        ; 3        ; RESERVED_INPUT ;        ;              ;           ; Row I/O    ;                 ; no       ; Off          ;
; M16      ; 120        ; 3        ; RESERVED_INPUT ;        ;              ;           ; Row I/O    ;                 ; no       ; Off          ;
; N1       ; 45         ; 1        ; RESERVED_INPUT ;        ;              ;           ; Row I/O    ;                 ; no       ; Off          ;
; N2       ; 47         ; 1        ; RESERVED_INPUT ;        ;              ;           ; Row I/O    ;                 ; no       ; Off          ;
; N3       ; 49         ; 1        ; RESERVED_INPUT ;        ;              ;           ; Column I/O ;                 ; no       ; Off          ;
; N4       ; 50         ; 1        ; #TMS           ; input  ;              ;           ; --         ;                 ; --       ; --           ;
; N5       ; 59         ; 4        ; RESERVED_INPUT ;        ;              ;           ; Column I/O ;                 ; no       ; Off          ;
; N6       ; 63         ; 4        ; RESERVED_INPUT ;        ;              ;           ; Column I/O ;                 ; no       ; Off          ;
; N7       ; 69         ; 4        ; RESERVED_INPUT ;        ;              ;           ; Column I/O ;                 ; no       ; Off          ;
; N8       ; 77         ; 4        ; RESERVED_INPUT ;        ;              ;           ; Column I/O ;                 ; no       ; Off          ;
; N9       ; 79         ; 4        ; RESERVED_INPUT ;        ;              ;           ; Column I/O ;                 ; no       ; Off          ;
; N10      ; 91         ; 4        ; RESERVED_INPUT ;        ;              ;           ; Column I/O ;                 ; no       ; Off          ;
; N11      ; 97         ; 4        ; RESERVED_INPUT ;        ;              ;           ; Column I/O ;                 ; no       ; Off          ;
; N12      ; 103        ; 4        ; RESERVED_INPUT ;        ;              ;           ; Column I/O ;                 ; no       ; Off          ;
; N13      ; 109        ; 3        ; RESERVED_INPUT ;        ;              ;           ; Row I/O    ;                 ; no       ; Off          ;
; N14      ; 112        ; 3        ; RESERVED_INPUT ;        ;              ;           ; Row I/O    ;                 ; no       ; Off          ;
; N15      ; 114        ; 3        ; RESERVED_INPUT ;        ;              ;           ; Row I/O    ;                 ; no       ; Off          ;
; N16      ; 116        ; 3        ; RESERVED_INPUT ;        ;              ;           ; Row I/O    ;                 ; no       ; Off          ;
; P1       ;            ; 1        ; VCCIO1         ; power  ;              ; 3.3V      ; --         ;                 ; --       ; --           ;
; P2       ; 54         ; 1        ; RESERVED_INPUT ;        ;              ;           ; Column I/O ;                 ; no       ; Off          ;
; P3       ; 52         ; 1        ; #TCK           ; input  ;              ;           ; --         ;                 ; --       ; --           ;
; P4       ; 55         ; 4        ; RESERVED_INPUT ;        ;              ;           ; Column I/O ;                 ; no       ; Off          ;
; P5       ; 57         ; 4        ; RESERVED_INPUT ;        ;              ;           ; Column I/O ;                 ; no       ; Off          ;
; P6       ; 61         ; 4        ; RESERVED_INPUT ;        ;              ;           ; Column I/O ;                 ; no       ; Off          ;
; P7       ; 67         ; 4        ; RESERVED_INPUT ;        ;              ;           ; Column I/O ;                 ; no       ; Off          ;
; P8       ; 75         ; 4        ; RESERVED_INPUT ;        ;              ;           ; Column I/O ;                 ; no       ; Off          ;
; P9       ; 83         ; 4        ; RESERVED_INPUT ;        ;              ;           ; Column I/O ;                 ; no       ; Off          ;
; P10      ; 93         ; 4        ; RESERVED_INPUT ;        ;              ;           ; Column I/O ;                 ; no       ; Off          ;
; P11      ; 99         ; 4        ; RESERVED_INPUT ;        ;              ;           ; Column I/O ;                 ; no       ; Off          ;
; P12      ; 105        ; 4        ; RESERVED_INPUT ;        ;              ;           ; Column I/O ;                 ; no       ; Off          ;
; P13      ; 107        ; 4        ; L3             ; output ; 3.3-V LVTTL  ;           ; Column I/O ; Y               ; no       ; Off          ;
; P14      ; 108        ; 3        ; RESERVED_INPUT ;        ;              ;           ; Row I/O    ;                 ; no       ; Off          ;
; P15      ; 110        ; 3        ; RESERVED_INPUT ;        ;              ;           ; Row I/O    ;                 ; no       ; Off          ;
; P16      ;            ; 3        ; VCCIO3         ; power  ;              ; 3.3V      ; --         ;                 ; --       ; --           ;
; R1       ; 56         ; 4        ; RESERVED_INPUT ;        ;              ;           ; Column I/O ;                 ; no       ; Off          ;
; R2       ;            ;          ; GNDIO          ; gnd    ;              ;           ; --         ;                 ; --       ; --           ;
; R3       ; 60         ; 4        ; RESERVED_INPUT ;        ;              ;           ; Column I/O ;                 ; no       ; Off          ;
; R4       ; 62         ; 4        ; RESERVED_INPUT ;        ;              ;           ; Column I/O ;                 ; no       ; Off          ;
; R5       ; 66         ; 4        ; RESERVED_INPUT ;        ;              ;           ; Column I/O ;                 ; no       ; Off          ;
; R6       ; 70         ; 4        ; RESERVED_INPUT ;        ;              ;           ; Column I/O ;                 ; no       ; Off          ;
; R7       ; 74         ; 4        ; RESERVED_INPUT ;        ;              ;           ; Column I/O ;                 ; no       ; Off          ;
; R8       ; 78         ; 4        ; RESERVED_INPUT ;        ;              ;           ; Column I/O ;                 ; no       ; Off          ;
; R9       ; 82         ; 4        ; RESERVED_INPUT ;        ;              ;           ; Column I/O ;                 ; no       ; Off          ;
; R10      ; 88         ; 4        ; RESERVED_INPUT ;        ;              ;           ; Column I/O ;                 ; no       ; Off          ;
; R11      ; 92         ; 4        ; RESERVED_INPUT ;        ;              ;           ; Column I/O ;                 ; no       ; Off          ;
; R12      ; 96         ; 4        ; RESERVED_INPUT ;        ;              ;           ; Column I/O ;                 ; no       ; Off          ;
; R13      ; 100        ; 4        ; L2             ; output ; 3.3-V LVTTL  ;           ; Column I/O ; Y               ; no       ; Off          ;
; R14      ; 102        ; 4        ; RESERVED_INPUT ;        ;              ;           ; Column I/O ;                 ; no       ; Off          ;
; R15      ;            ;          ; GNDIO          ; gnd    ;              ;           ; --         ;                 ; --       ; --           ;
; R16      ; 106        ; 4        ; RESERVED_INPUT ;        ;              ;           ; Column I/O ;                 ; no       ; Off          ;
; T1       ;            ;          ; GNDIO          ; gnd    ;              ;           ; --         ;                 ; --       ; --           ;
; T2       ; 58         ; 4        ; RESERVED_INPUT ;        ;              ;           ; Column I/O ;                 ; no       ; Off          ;
; T3       ;            ; 4        ; VCCIO4         ; power  ;              ; 3.3V      ; --         ;                 ; --       ; --           ;
; T4       ; 64         ; 4        ; RESERVED_INPUT ;        ;              ;           ; Column I/O ;                 ; no       ; Off          ;
; T5       ; 68         ; 4        ; RESERVED_INPUT ;        ;              ;           ; Column I/O ;                 ; no       ; Off          ;
; T6       ; 72         ; 4        ; RESERVED_INPUT ;        ;              ;           ; Column I/O ;                 ; no       ; Off          ;
; T7       ; 76         ; 4        ; RESERVED_INPUT ;        ;              ;           ; Column I/O ;                 ; no       ; Off          ;
; T8       ; 80         ; 4        ; RESERVED_INPUT ;        ;              ;           ; Column I/O ;                 ; no       ; Off          ;
; T9       ; 81         ; 4        ; RESERVED_INPUT ;        ;              ;           ; Column I/O ;                 ; no       ; Off          ;
; T10      ; 84         ; 4        ; RESERVED_INPUT ;        ;              ;           ; Column I/O ;                 ; no       ; Off          ;
; T11      ; 90         ; 4        ; RESERVED_INPUT ;        ;              ;           ; Column I/O ;                 ; no       ; Off          ;
; T12      ; 94         ; 4        ; L4             ; output ; 3.3-V LVTTL  ;           ; Column I/O ; Y               ; no       ; Off          ;
; T13      ; 98         ; 4        ; L1             ; output ; 3.3-V LVTTL  ;           ; Column I/O ; Y               ; no       ; Off          ;
; T14      ;            ; 4        ; VCCIO4         ; power  ;              ; 3.3V      ; --         ;                 ; --       ; --           ;
; T15      ; 104        ; 4        ; RESERVED_INPUT ;        ;              ;           ; Column I/O ;                 ; no       ; Off          ;
; T16      ;            ;          ; GNDIO          ; gnd    ;              ;           ; --         ;                 ; --       ; --           ;
+----------+------------+----------+----------------+--------+--------------+-----------+------------+-----------------+----------+--------------+
Note: Pin directions (input, output or bidir) are based on device operating in user mode.


+-------------------------------------------------------------+
; Output Pin Default Load For Reported TCO                    ;
+----------------------------+-------+------------------------+
; I/O Standard               ; Load  ; Termination Resistance ;
+----------------------------+-------+------------------------+
; 3.3-V LVTTL                ; 10 pF ; Not Available          ;
; 3.3-V LVCMOS               ; 10 pF ; Not Available          ;
; 2.5 V                      ; 10 pF ; Not Available          ;
; 1.8 V                      ; 10 pF ; Not Available          ;
; 1.5 V                      ; 10 pF ; Not Available          ;
; 3.3V Schmitt Trigger Input ; 10 pF ; Not Available          ;
; 2.5V Schmitt Trigger Input ; 10 pF ; Not Available          ;
; 3.3-V PCI                  ; 10 pF ; 25 Ohm (Parallel)      ;
+----------------------------+-------+------------------------+
Note: User assignments will override these defaults. The user specified values are listed in the Output Pins and Bidir Pins tables.


+-----------------------------------------------------------------------------------------------------------------------------------------------------------------------------------------------------------------------------------------+
; Fitter Resource Utilization by Entity                                                                                                                                                                                                   ;
+----------------------------+-------------+--------------+------------+------+--------------+--------------+-------------------+------------------+-----------------+------------+----------------------------------------+--------------+
; Compilation Hierarchy Node ; Logic Cells ; LC Registers ; UFM Blocks ; Pins ; Virtual Pins ; LUT-Only LCs ; Register-Only LCs ; LUT/Register LCs ; Carry Chain LCs ; Packed LCs ; Full Hierarchy Name                    ; Library Name ;
+----------------------------+-------------+--------------+------------+------+--------------+--------------+-------------------+------------------+-----------------+------------+----------------------------------------+--------------+
; |TOP                       ; 421 (214)   ; 201          ; 0          ; 14   ; 0            ; 220 (111)    ; 114 (35)          ; 87 (68)          ; 177 (109)       ; 11 (0)     ; |TOP                                   ; work         ;
;    |ADC_INTERFACE:ADC|     ; 39 (39)     ; 32           ; 0          ; 0    ; 0            ; 7 (7)        ; 25 (25)           ; 7 (7)            ; 4 (4)           ; 4 (4)      ; |TOP|ADC_INTERFACE:ADC                 ; work         ;
;    |PULSOS:CONVERSOES|     ; 75 (75)     ; 33           ; 0          ; 0    ; 0            ; 42 (42)      ; 23 (23)           ; 10 (10)          ; 32 (32)         ; 0 (0)      ; |TOP|PULSOS:CONVERSOES                 ; work         ;
;    |PULSOS:DIV_FREQ|       ; 75 (75)     ; 33           ; 0          ; 0    ; 0            ; 42 (42)      ; 31 (31)           ; 2 (2)            ; 32 (32)         ; 0 (0)      ; |TOP|PULSOS:DIV_FREQ                   ; work         ;
;    |lpm_mult:Mult0|        ; 18 (0)      ; 0            ; 0          ; 0    ; 0            ; 18 (0)       ; 0 (0)             ; 0 (0)            ; 0 (0)           ; 7 (0)      ; |TOP|lpm_mult:Mult0                    ; work         ;
;       |multcore:mult_core| ; 18 (18)     ; 0            ; 0          ; 0    ; 0            ; 18 (18)      ; 0 (0)             ; 0 (0)            ; 0 (0)           ; 7 (7)      ; |TOP|lpm_mult:Mult0|multcore:mult_core ; work         ;
+----------------------------+-------------+--------------+------------+------+--------------+--------------+-------------------+------------------+-----------------+------------+----------------------------------------+--------------+
Note: For table entries with two numbers listed, the numbers in parentheses indicate the number of resources of the given type used by the specific entity alone. The numbers listed outside of parentheses indicate the total resources of the given type used by the specific entity and all of its sub-entities in the hierarchy.


+-------------------------------------------+
; Delay Chain Summary                       ;
+----------------+----------+---------------+
; Name           ; Pin Type ; Pad to Core 0 ;
+----------------+----------+---------------+
; botao          ; Input    ; (0)           ;
; clk66          ; Input    ; (0)           ;
; ADC_DATA       ; Input    ; (1)           ;
; ADC_SSTRB      ; Input    ; (1)           ;
; ADC_CSN        ; Output   ; --            ;
; clk260khz      ; Output   ; --            ;
; ADC_CNTRL_DATA ; Output   ; --            ;
; ADC_SHDN       ; Output   ; --            ;
; L1             ; Output   ; --            ;
; L2             ; Output   ; --            ;
; L3             ; Output   ; --            ;
; L4             ; Output   ; --            ;
; sc_ena         ; Output   ; --            ;
; cooler         ; Output   ; --            ;
+----------------+----------+---------------+


+---------------------------------------------------------------------------------------------------------------------------+
; Control Signals                                                                                                           ;
+-------------------------------+---------------+---------+--------------+--------+----------------------+------------------+
; Name                          ; Location      ; Fan-Out ; Usage        ; Global ; Global Resource Used ; Global Line Name ;
+-------------------------------+---------------+---------+--------------+--------+----------------------+------------------+
; ADC_INTERFACE:ADC|DATA[7]~0   ; LC_X12_Y6_N5  ; 8       ; Clock enable ; no     ; --                   ; --               ;
; ADC_INTERFACE:ADC|LessThan0~0 ; LC_X14_Y10_N9 ; 5       ; Clock enable ; no     ; --                   ; --               ;
; Equal0~10                     ; LC_X9_Y8_N8   ; 6       ; Clock enable ; no     ; --                   ; --               ;
; PULSOS:CONVERSOES|clk260khz   ; LC_X11_Y8_N8  ; 25      ; Async. clear ; yes    ; Global Clock         ; GCLK3            ;
; PULSOS:DIV_FREQ|clk260khz     ; LC_X10_Y6_N9  ; 70      ; Clock        ; yes    ; Global Clock         ; GCLK2            ;
; clk66                         ; PIN_H5        ; 133     ; Clock        ; yes    ; Global Clock         ; GCLK0            ;
+-------------------------------+---------------+---------+--------------+--------+----------------------+------------------+


+------------------------------------------------------------------------------------------------+
; Global & Other Fast Signals                                                                    ;
+-----------------------------+--------------+---------+----------------------+------------------+
; Name                        ; Location     ; Fan-Out ; Global Resource Used ; Global Line Name ;
+-----------------------------+--------------+---------+----------------------+------------------+
; PULSOS:CONVERSOES|clk260khz ; LC_X11_Y8_N8 ; 25      ; Global Clock         ; GCLK3            ;
; PULSOS:DIV_FREQ|clk260khz   ; LC_X10_Y6_N9 ; 70      ; Global Clock         ; GCLK2            ;
; clk66                       ; PIN_H5       ; 133     ; Global Clock         ; GCLK0            ;
+-----------------------------+--------------+---------+----------------------+------------------+


+----------------------------------------------------------------------------------------------------------------------------------------+
; Non-Global High Fan-Out Signals                                                                                                        ;
+------------------------------------------------------------------------------------------------------------------------------+---------+
; Name                                                                                                                         ; Fan-Out ;
+------------------------------------------------------------------------------------------------------------------------------+---------+
; Add1~0                                                                                                                       ; 33      ;
; LessThan1~10                                                                                                                 ; 23      ;
; aux[0]                                                                                                                       ; 15      ;
; aux[4]                                                                                                                       ; 14      ;
; aux[5]                                                                                                                       ; 13      ;
; aux[1]                                                                                                                       ; 13      ;
; aux[2]                                                                                                                       ; 12      ;
; aux[6]                                                                                                                       ; 12      ;
; aux[7]                                                                                                                       ; 11      ;
; aux[3]                                                                                                                       ; 11      ;
; PULSOS:CONVERSOES|Equal0~9                                                                                                   ; 10      ;
; PULSOS:CONVERSOES|Equal0~4                                                                                                   ; 10      ;
; ADC_INTERFACE:ADC|DATA[7]~0                                                                                                  ; 8       ;
; Equal0~10                                                                                                                    ; 6       ;
; LessThan0~118                                                                                                                ; 5       ;
; LessThan0~93                                                                                                                 ; 5       ;
; lpm_mult:Mult0|multcore:mult_core|mpar_add:padder|lpm_add_sub:adder[0]|addcore:adder|a_csnbuffer:result_node|cs_buffer[0]~77 ; 5       ;
; LessThan0~68                                                                                                                 ; 5       ;
; lpm_mult:Mult0|multcore:mult_core|mpar_add:padder|lpm_add_sub:adder[0]|addcore:adder|a_csnbuffer:result_node|cs_buffer[0]~52 ; 5       ;
; Add1~157                                                                                                                     ; 5       ;
; LessThan0~43                                                                                                                 ; 5       ;
; lpm_mult:Mult0|multcore:mult_core|mpar_add:padder|lpm_add_sub:adder[0]|addcore:adder|a_csnbuffer:result_node|cs_buffer[0]~27 ; 5       ;
; Add1~122                                                                                                                     ; 5       ;
; Add1~107                                                                                                                     ; 5       ;
; Add1~105                                                                                                                     ; 5       ;
; Add1~100                                                                                                                     ; 5       ;
; Add1~87                                                                                                                      ; 5       ;
; Add1~62                                                                                                                      ; 5       ;
; PULSOS:CONVERSOES|Add0~127                                                                                                   ; 5       ;
; PULSOS:CONVERSOES|Add0~102                                                                                                   ; 5       ;
; PULSOS:CONVERSOES|Add0~77                                                                                                    ; 5       ;
; PULSOS:CONVERSOES|Add0~57                                                                                                    ; 5       ;
; PULSOS:CONVERSOES|Add0~32                                                                                                    ; 5       ;
; PULSOS:CONVERSOES|Add0~2                                                                                                     ; 5       ;
; ADC_INTERFACE:ADC|LessThan0~0                                                                                                ; 5       ;
; Add1~7                                                                                                                       ; 5       ;
; Add0~127                                                                                                                     ; 5       ;
; Add0~102                                                                                                                     ; 5       ;
; Add0~77                                                                                                                      ; 5       ;
; Add0~52                                                                                                                      ; 5       ;
; Add0~27                                                                                                                      ; 5       ;
; Add0~7                                                                                                                       ; 5       ;
; PULSOS:DIV_FREQ|Add0~127                                                                                                     ; 5       ;
; PULSOS:DIV_FREQ|Add0~102                                                                                                     ; 5       ;
; PULSOS:DIV_FREQ|Add0~77                                                                                                      ; 5       ;
; PULSOS:DIV_FREQ|Add0~52                                                                                                      ; 5       ;
; PULSOS:DIV_FREQ|Add0~32                                                                                                      ; 5       ;
; PULSOS:DIV_FREQ|Add0~2                                                                                                       ; 5       ;
; ADC_INTERFACE:ADC|ADC_CNTRL_DATA                                                                                             ; 5       ;
; Add1~95                                                                                                                      ; 4       ;
+------------------------------------------------------------------------------------------------------------------------------+---------+


+---------------------------------------------------+
; Interconnect Usage Summary                        ;
+----------------------------+----------------------+
; Interconnect Resource Type ; Usage                ;
+----------------------------+----------------------+
; C4s                        ; 338 / 2,870 ( 12 % ) ;
; Direct links               ; 28 / 3,938 ( < 1 % ) ;
; Global clocks              ; 3 / 4 ( 75 % )       ;
; LAB clocks                 ; 28 / 72 ( 39 % )     ;
; LUT chains                 ; 10 / 1,143 ( < 1 % ) ;
; Local interconnects        ; 470 / 3,938 ( 12 % ) ;
; R4s                        ; 329 / 2,832 ( 12 % ) ;
+----------------------------+----------------------+


+---------------------------------------------------------------------------+
; LAB Logic Elements                                                        ;
+--------------------------------------------+------------------------------+
; Number of Logic Elements  (Average = 5.07) ; Number of LABs  (Total = 83) ;
+--------------------------------------------+------------------------------+
; 1                                          ; 41                           ;
; 2                                          ; 0                            ;
; 3                                          ; 2                            ;
; 4                                          ; 0                            ;
; 5                                          ; 3                            ;
; 6                                          ; 2                            ;
; 7                                          ; 1                            ;
; 8                                          ; 0                            ;
; 9                                          ; 0                            ;
; 10                                         ; 34                           ;
+--------------------------------------------+------------------------------+


+-------------------------------------------------------------------+
; LAB-wide Signals                                                  ;
+------------------------------------+------------------------------+
; LAB-wide Signals  (Average = 0.96) ; Number of LABs  (Total = 83) ;
+------------------------------------+------------------------------+
; 1 Async. clear                     ; 4                            ;
; 1 Clock                            ; 72                           ;
; 1 Clock enable                     ; 3                            ;
; 2 Clocks                           ; 1                            ;
+------------------------------------+------------------------------+


+----------------------------------------------------------------------------+
; LAB Signals Sourced                                                        ;
+---------------------------------------------+------------------------------+
; Number of Signals Sourced  (Average = 4.92) ; Number of LABs  (Total = 83) ;
+---------------------------------------------+------------------------------+
; 0                                           ; 1                            ;
; 1                                           ; 41                           ;
; 2                                           ; 0                            ;
; 3                                           ; 4                            ;
; 4                                           ; 0                            ;
; 5                                           ; 3                            ;
; 6                                           ; 2                            ;
; 7                                           ; 1                            ;
; 8                                           ; 0                            ;
; 9                                           ; 0                            ;
; 10                                          ; 27                           ;
; 11                                          ; 1                            ;
; 12                                          ; 0                            ;
; 13                                          ; 2                            ;
; 14                                          ; 1                            ;
+---------------------------------------------+------------------------------+


+--------------------------------------------------------------------------------+
; LAB Signals Sourced Out                                                        ;
+-------------------------------------------------+------------------------------+
; Number of Signals Sourced Out  (Average = 4.07) ; Number of LABs  (Total = 83) ;
+-------------------------------------------------+------------------------------+
; 0                                               ; 1                            ;
; 1                                               ; 43                           ;
; 2                                               ; 0                            ;
; 3                                               ; 4                            ;
; 4                                               ; 1                            ;
; 5                                               ; 4                            ;
; 6                                               ; 8                            ;
; 7                                               ; 2                            ;
; 8                                               ; 5                            ;
; 9                                               ; 1                            ;
; 10                                              ; 11                           ;
; 11                                              ; 1                            ;
; 12                                              ; 0                            ;
; 13                                              ; 1                            ;
; 14                                              ; 1                            ;
+-------------------------------------------------+------------------------------+


+----------------------------------------------------------------------------+
; LAB Distinct Inputs                                                        ;
+---------------------------------------------+------------------------------+
; Number of Distinct Inputs  (Average = 6.13) ; Number of LABs  (Total = 83) ;
+---------------------------------------------+------------------------------+
; 0                                           ; 0                            ;
; 1                                           ; 0                            ;
; 2                                           ; 41                           ;
; 3                                           ; 3                            ;
; 4                                           ; 4                            ;
; 5                                           ; 6                            ;
; 6                                           ; 0                            ;
; 7                                           ; 2                            ;
; 8                                           ; 1                            ;
; 9                                           ; 3                            ;
; 10                                          ; 0                            ;
; 11                                          ; 9                            ;
; 12                                          ; 1                            ;
; 13                                          ; 4                            ;
; 14                                          ; 1                            ;
; 15                                          ; 0                            ;
; 16                                          ; 1                            ;
; 17                                          ; 2                            ;
; 18                                          ; 2                            ;
; 19                                          ; 1                            ;
; 20                                          ; 1                            ;
; 21                                          ; 1                            ;
+---------------------------------------------+------------------------------+


+--------------------------------------------------------------------+
; Fitter Device Options                                              ;
+----------------------------------------------+---------------------+
; Option                                       ; Setting             ;
+----------------------------------------------+---------------------+
; Enable user-supplied start-up clock (CLKUSR) ; Off                 ;
; Enable device-wide reset (DEV_CLRn)          ; Off                 ;
; Enable device-wide output enable (DEV_OE)    ; Off                 ;
; Enable INIT_DONE output                      ; Off                 ;
; Configuration scheme                         ; Passive Serial      ;
; Reserve all unused pins                      ; As input tri-stated ;
; Base pin-out file on sameframe device        ; Off                 ;
+----------------------------------------------+---------------------+


+------------------------------------------------------------+
; Estimated Delay Added for Hold Timing                      ;
+-----------------+----------------------+-------------------+
; Source Clock(s) ; Destination Clock(s) ; Delay Added in ns ;
+-----------------+----------------------+-------------------+


+-----------------+
; Fitter Messages ;
+-----------------+
Info: *******************************************************************
Info: Running Quartus II Fitter
    Info: Version 9.1 Build 304 01/25/2010 Service Pack 1 SJ Web Edition
    Info: Processing started: Tue Nov 03 11:59:06 2015
Info: Command: quartus_fit --read_settings_files=off --write_settings_files=off pratica6_conversor_ad -c TOP
Info: Selected device EPM1270F256C5 for design "TOP"
Info: Low junction temperature is 0 degrees C
Info: High junction temperature is 85 degrees C
Info: Fitter is performing an Auto Fit compilation, which may decrease Fitter effort to reduce compilation time
Info: Device migration not selected. If you intend to use device migration later, you may need to change the pin assignments as they may be incompatible with other devices
    Info: Device EPM570F256C5 is compatible
    Info: Device EPM570F256I5 is compatible
    Info: Device EPM1270F256I5 is compatible
    Info: Device EPM1270F256A5 is compatible
    Info: Device EPM2210F256C5 is compatible
    Info: Device EPM2210F256I5 is compatible
    Info: Device EPM2210F256A5 is compatible
Info: Timing-driven compilation is using the Classic Timing Analyzer
Info: Timing requirements not specified -- optimizing circuit to achieve the following default global requirements
    Info: Assuming a global fmax requirement of 1000 MHz
    Info: Assuming a global tsu requirement of 2.0 ns
    Info: Assuming a global tco requirement of 1.0 ns
    Info: Assuming a global tpd requirement of 1.0 ns
Extra Info: Performing register packing on registers with non-logic cell location assignments
Extra Info: Completed register packing on registers with non-logic cell location assignments
Info: Completed User Assigned Global Signals Promotion Operation
Info: Automatically promoted signal "clk66" to use Global clock in PIN H5
Info: Automatically promoted some destinations of signal "PULSOS:DIV_FREQ|clk260khz" to use Global clock
    Info: Destination "clk260khz" may be non-global or may not use global clock
    Info: Destination "PULSOS:DIV_FREQ|clk260khz" may be non-global or may not use global clock
Info: Automatically promoted some destinations of signal "PULSOS:CONVERSOES|clk260khz" to use Global clock
    Info: Destination "PULSOS:CONVERSOES|clk260khz" may be non-global or may not use global clock
    Info: Destination "ADC_INTERFACE:ADC|DATA[7]~0" may be non-global or may not use global clock
Info: Completed Auto Global Promotion Operation
Info: Starting register packing
Info: Fitter is using Normal packing mode for logic elements with Auto setting for Auto Packed Registers logic option
Extra Info: Moving registers into LUTs to improve timing and density
Info: Started processing fast register assignments
Info: Finished processing fast register assignments
Extra Info: Finished moving registers into LUTs: elapsed time is 00:00:00
Info: Finished register packing
Info: Fitter preparation operations ending: elapsed time is 00:00:00
Info: Fitter placement preparation operations beginning
Info: Fitter placement preparation operations ending: elapsed time is 00:00:00
Info: Fitter placement operations beginning
Info: Fitter placement was successful
Info: Fitter placement operations ending: elapsed time is 00:00:01
Info: Estimated most critical path is register to register delay of 16.315 ns
    Info: 1: + IC(0.000 ns) + CELL(0.000 ns) = 0.000 ns; Loc. = LAB_X14_Y3; Fanout = 3; REG Node = 'cont[2]'
    Info: 2: + IC(2.654 ns) + CELL(0.978 ns) = 3.632 ns; Loc. = LAB_X12_Y4; Fanout = 2; COMB Node = 'Add1~147'
    Info: 3: + IC(0.000 ns) + CELL(0.123 ns) = 3.755 ns; Loc. = LAB_X12_Y4; Fanout = 2; COMB Node = 'Add1~142'
    Info: 4: + IC(0.000 ns) + CELL(0.123 ns) = 3.878 ns; Loc. = LAB_X12_Y4; Fanout = 2; COMB Node = 'Add1~57'
    Info: 5: + IC(0.000 ns) + CELL(0.399 ns) = 4.277 ns; Loc. = LAB_X12_Y4; Fanout = 6; COMB Node = 'Add1~62'
    Info: 6: + IC(0.000 ns) + CELL(0.246 ns) = 4.523 ns; Loc. = LAB_X13_Y4; Fanout = 6; COMB Node = 'Add1~87'
    Info: 7: + IC(0.000 ns) + CELL(1.234 ns) = 5.757 ns; Loc. = LAB_X13_Y4; Fanout = 5; COMB Node = 'Add1~90'
    Info: 8: + IC(2.043 ns) + CELL(0.200 ns) = 8.000 ns; Loc. = LAB_X16_Y4; Fanout = 1; COMB Node = 'LessThan1~5'
    Info: 9: + IC(0.983 ns) + CELL(0.200 ns) = 9.183 ns; Loc. = LAB_X16_Y4; Fanout = 1; COMB Node = 'LessThan1~6'
    Info: 10: + IC(0.983 ns) + CELL(0.200 ns) = 10.366 ns; Loc. = LAB_X16_Y4; Fanout = 1; COMB Node = 'LessThan1~7'
    Info: 11: + IC(0.672 ns) + CELL(0.511 ns) = 11.549 ns; Loc. = LAB_X16_Y4; Fanout = 1; COMB Node = 'LessThan1~9'
    Info: 12: + IC(1.386 ns) + CELL(0.200 ns) = 13.135 ns; Loc. = LAB_X15_Y4; Fanout = 23; COMB Node = 'LessThan1~10'
    Info: 13: + IC(2.376 ns) + CELL(0.804 ns) = 16.315 ns; Loc. = LAB_X13_Y3; Fanout = 3; REG Node = 'cont[21]'
    Info: Total cell delay = 5.218 ns ( 31.98 % )
    Info: Total interconnect delay = 11.097 ns ( 68.02 % )
Info: Fitter routing operations beginning
Info: Average interconnect usage is 13% of the available device resources
    Info: Peak interconnect usage is 17% of the available device resources in the region that extends from location X9_Y0 to location X17_Y11
Info: Fitter routing operations ending: elapsed time is 00:00:01
Info: The Fitter performed an Auto Fit compilation.  Optimizations were skipped to reduce compilation time.
    Info: Optimizations that may affect the design's routability were skipped
    Info: Optimizations that may affect the design's timing were skipped
Info: Generated suppressed messages file C:/Users/Raul/Desktop/P6 RAUL E ITALO/TOP.fit.smsg
Info: Quartus II Fitter was successful. 0 errors, 0 warnings
    Info: Peak virtual memory: 234 megabytes
    Info: Processing ended: Tue Nov 03 11:59:11 2015
    Info: Elapsed time: 00:00:05
    Info: Total CPU time (on all processors): 00:00:06


+----------------------------+
; Fitter Suppressed Messages ;
+----------------------------+
The suppressed messages can be found in C:/Users/Raul/Desktop/P6 RAUL E ITALO/TOP.fit.smsg.


