Classic Timing Analyzer report for TOP
Tue Nov 03 11:59:21 2015
Quartus II Version 9.1 Build 304 01/25/2010 Service Pack 1 SJ Web Edition


---------------------
; Table of Contents ;
---------------------
  1. Legal Notice
  2. Timing Analyzer Summary
  3. Timing Analyzer Settings
  4. Clock Settings Summary
  5. Parallel Compilation
  6. Clock Setup: 'clk66'
  7. tsu
  8. tco
  9. th
 10. Timing Analyzer Messages
 11. Timing Analyzer Suppressed Messages



----------------
; Legal Notice ;
----------------
Copyright (C) 1991-2010 Altera Corporation
Your use of Altera Corporation's design tools, logic functions 
and other software and tools, and its AMPP partner logic 
functions, and any output files from any of the foregoing 
(including device programming or simulation files), and any 
associated documentation or information are expressly subject 
to the terms and conditions of the Altera Program License 
Subscription Agreement, Altera MegaCore Function License 
Agreement, or other applicable license agreement, including, 
without limitation, that your use is for the sole purpose of 
programming logic devices manufactured by Altera and sold by 
Altera or its authorized distributors.  Please refer to the 
applicable agreement for further details.



+------------------------------------------------------------------------------------------------------------------------------------------------------------------------------+
; Timing Analyzer Summary                                                                                                                                                      ;
+------------------------------+-------+---------------+----------------------------------+-----------+---------------------------------+------------+----------+--------------+
; Type                         ; Slack ; Required Time ; Actual Time                      ; From      ; To                              ; From Clock ; To Clock ; Failed Paths ;
+------------------------------+-------+---------------+----------------------------------+-----------+---------------------------------+------------+----------+--------------+
; Worst-case tsu               ; N/A   ; None          ; -2.779 ns                        ; ADC_SSTRB ; ADC_INTERFACE:ADC|SR_CAPTURE[1] ; --         ; clk66    ; 0            ;
; Worst-case tco               ; N/A   ; None          ; 16.157 ns                        ; L3~reg0   ; L3                              ; clk66      ; --       ; 0            ;
; Worst-case th                ; N/A   ; None          ; 3.859 ns                         ; ADC_SSTRB ; ADC_INTERFACE:ADC|SR_CAPTURE[0] ; --         ; clk66    ; 0            ;
; Clock Setup: 'clk66'         ; N/A   ; None          ; 60.74 MHz ( period = 16.464 ns ) ; cont[3]   ; cont[16]                        ; clk66      ; clk66    ; 0            ;
; Total number of failed paths ;       ;               ;                                  ;           ;                                 ;            ;          ; 0            ;
+------------------------------+-------+---------------+----------------------------------+-----------+---------------------------------+------------+----------+--------------+


+-----------------------------------------------------------------------------------------------------------------------------------------------------+
; Timing Analyzer Settings                                                                                                                            ;
+------------------------------------------------------------------------------------------------------+--------------------+------+----+-------------+
; Option                                                                                               ; Setting            ; From ; To ; Entity Name ;
+------------------------------------------------------------------------------------------------------+--------------------+------+----+-------------+
; Device Name                                                                                          ; EPM1270F256C5      ;      ;    ;             ;
; Timing Models                                                                                        ; Final              ;      ;    ;             ;
; Default hold multicycle                                                                              ; Same as Multicycle ;      ;    ;             ;
; Cut paths between unrelated clock domains                                                            ; On                 ;      ;    ;             ;
; Cut off read during write signal paths                                                               ; On                 ;      ;    ;             ;
; Cut off feedback from I/O pins                                                                       ; On                 ;      ;    ;             ;
; Report Combined Fast/Slow Timing                                                                     ; Off                ;      ;    ;             ;
; Ignore Clock Settings                                                                                ; Off                ;      ;    ;             ;
; Analyze latches as synchronous elements                                                              ; On                 ;      ;    ;             ;
; Enable Recovery/Removal analysis                                                                     ; Off                ;      ;    ;             ;
; Enable Clock Latency                                                                                 ; Off                ;      ;    ;             ;
; Use TimeQuest Timing Analyzer                                                                        ; Off                ;      ;    ;             ;
; Minimum Core Junction Temperature                                                                    ; 0                  ;      ;    ;             ;
; Maximum Core Junction Temperature                                                                    ; 85                 ;      ;    ;             ;
; Number of source nodes to report per destination node                                                ; 10                 ;      ;    ;             ;
; Number of destination nodes to report                                                                ; 10                 ;      ;    ;             ;
; Number of paths to report                                                                            ; 200                ;      ;    ;             ;
; Report Minimum Timing Checks                                                                         ; Off                ;      ;    ;             ;
; Use Fast Timing Models                                                                               ; Off                ;      ;    ;             ;
; Report IO Paths Separately                                                                           ; Off                ;      ;    ;             ;
; Perform Multicorner Analysis                                                                         ; Off                ;      ;    ;             ;
; Reports the worst-case path for each clock domain and analysis                                       ; Off                ;      ;    ;             ;
; Reports worst-case timing paths for each clock domain and analysis                                   ; On                 ;      ;    ;             ;
; Specifies the maximum number of worst-case timing paths to report for each clock domain and analysis ; 100                ;      ;    ;             ;
; Removes common clock path pessimism (CCPP) during slack computation                                  ; Off                ;      ;    ;             ;
; Output I/O Timing Endpoint                                                                           ; Near End           ;      ;    ;             ;
+------------------------------------------------------------------------------------------------------+--------------------+------+----+-------------+


+------------------------------------------------------------------------------------------------------------------------------------------------------------------------------------+
; Clock Settings Summary                                                                                                                                                             ;
+-----------------+--------------------+----------+------------------+---------------+--------------+----------+-----------------------+---------------------+--------+--------------+
; Clock Node Name ; Clock Setting Name ; Type     ; Fmax Requirement ; Early Latency ; Late Latency ; Based on ; Multiply Base Fmax by ; Divide Base Fmax by ; Offset ; Phase offset ;
+-----------------+--------------------+----------+------------------+---------------+--------------+----------+-----------------------+---------------------+--------+--------------+
; clk66           ;                    ; User Pin ; None             ; 0.000 ns      ; 0.000 ns     ; --       ; N/A                   ; N/A                 ; N/A    ;              ;
+-----------------+--------------------+----------+------------------+---------------+--------------+----------+-----------------------+---------------------+--------+--------------+


Parallel compilation was disabled, but you have multiple processors available. Enable parallel compilation to reduce compilation time.
+-------------------------------------+
; Parallel Compilation                ;
+----------------------------+--------+
; Processors                 ; Number ;
+----------------------------+--------+
; Number detected on machine ; 2      ;
; Maximum allowed            ; 1      ;
+----------------------------+--------+


+---------------------------------------------------------------------------------------------------------------------------------------------------------------------------------------------------------------------------------+
; Clock Setup: 'clk66'                                                                                                                                                                                                            ;
+-----------------------------------------+-----------------------------------------------------+----------+----------+------------+----------+-----------------------------+---------------------------+-------------------------+
; Slack                                   ; Actual fmax (period)                                ; From     ; To       ; From Clock ; To Clock ; Required Setup Relationship ; Required Longest P2P Time ; Actual Longest P2P Time ;
+-----------------------------------------+-----------------------------------------------------+----------+----------+------------+----------+-----------------------------+---------------------------+-------------------------+
; N/A                                     ; 60.74 MHz ( period = 16.464 ns )                    ; cont[3]  ; cont[16] ; clk66      ; clk66    ; None                        ; None                      ; 15.755 ns               ;
; N/A                                     ; 60.75 MHz ( period = 16.462 ns )                    ; cont[3]  ; cont[10] ; clk66      ; clk66    ; None                        ; None                      ; 15.753 ns               ;
; N/A                                     ; 60.75 MHz ( period = 16.461 ns )                    ; cont[3]  ; cont[13] ; clk66      ; clk66    ; None                        ; None                      ; 15.752 ns               ;
; N/A                                     ; 60.76 MHz ( period = 16.459 ns )                    ; cont[3]  ; cont[12] ; clk66      ; clk66    ; None                        ; None                      ; 15.750 ns               ;
; N/A                                     ; 60.76 MHz ( period = 16.457 ns )                    ; cont[3]  ; cont[4]  ; clk66      ; clk66    ; None                        ; None                      ; 15.748 ns               ;
; N/A                                     ; 60.79 MHz ( period = 16.451 ns )                    ; cont[3]  ; cont[21] ; clk66      ; clk66    ; None                        ; None                      ; 15.742 ns               ;
; N/A                                     ; 60.79 MHz ( period = 16.450 ns )                    ; cont[3]  ; cont[8]  ; clk66      ; clk66    ; None                        ; None                      ; 15.741 ns               ;
; N/A                                     ; 60.79 MHz ( period = 16.450 ns )                    ; cont[3]  ; cont[18] ; clk66      ; clk66    ; None                        ; None                      ; 15.741 ns               ;
; N/A                                     ; 60.80 MHz ( period = 16.448 ns )                    ; cont[3]  ; cont[15] ; clk66      ; clk66    ; None                        ; None                      ; 15.739 ns               ;
; N/A                                     ; 60.80 MHz ( period = 16.447 ns )                    ; cont[3]  ; cont[6]  ; clk66      ; clk66    ; None                        ; None                      ; 15.738 ns               ;
; N/A                                     ; 60.82 MHz ( period = 16.442 ns )                    ; cont[2]  ; cont[16] ; clk66      ; clk66    ; None                        ; None                      ; 15.733 ns               ;
; N/A                                     ; 60.83 MHz ( period = 16.440 ns )                    ; cont[2]  ; cont[10] ; clk66      ; clk66    ; None                        ; None                      ; 15.731 ns               ;
; N/A                                     ; 60.83 MHz ( period = 16.439 ns )                    ; cont[2]  ; cont[13] ; clk66      ; clk66    ; None                        ; None                      ; 15.730 ns               ;
; N/A                                     ; 60.84 MHz ( period = 16.437 ns )                    ; cont[2]  ; cont[12] ; clk66      ; clk66    ; None                        ; None                      ; 15.728 ns               ;
; N/A                                     ; 60.85 MHz ( period = 16.435 ns )                    ; cont[2]  ; cont[4]  ; clk66      ; clk66    ; None                        ; None                      ; 15.726 ns               ;
; N/A                                     ; 60.87 MHz ( period = 16.429 ns )                    ; cont[2]  ; cont[21] ; clk66      ; clk66    ; None                        ; None                      ; 15.720 ns               ;
; N/A                                     ; 60.87 MHz ( period = 16.428 ns )                    ; cont[2]  ; cont[8]  ; clk66      ; clk66    ; None                        ; None                      ; 15.719 ns               ;
; N/A                                     ; 60.87 MHz ( period = 16.428 ns )                    ; cont[2]  ; cont[18] ; clk66      ; clk66    ; None                        ; None                      ; 15.719 ns               ;
; N/A                                     ; 60.88 MHz ( period = 16.426 ns )                    ; cont[2]  ; cont[15] ; clk66      ; clk66    ; None                        ; None                      ; 15.717 ns               ;
; N/A                                     ; 60.88 MHz ( period = 16.425 ns )                    ; cont[2]  ; cont[6]  ; clk66      ; clk66    ; None                        ; None                      ; 15.716 ns               ;
; N/A                                     ; 60.97 MHz ( period = 16.402 ns )                    ; c[13]    ; L1~reg0  ; clk66      ; clk66    ; None                        ; None                      ; 15.693 ns               ;
; N/A                                     ; 60.97 MHz ( period = 16.402 ns )                    ; c[13]    ; L2~reg0  ; clk66      ; clk66    ; None                        ; None                      ; 15.693 ns               ;
; N/A                                     ; 60.97 MHz ( period = 16.402 ns )                    ; c[13]    ; L4~reg0  ; clk66      ; clk66    ; None                        ; None                      ; 15.693 ns               ;
; N/A                                     ; 61.09 MHz ( period = 16.370 ns )                    ; cont[5]  ; cont[16] ; clk66      ; clk66    ; None                        ; None                      ; 15.661 ns               ;
; N/A                                     ; 61.09 MHz ( period = 16.368 ns )                    ; cont[5]  ; cont[10] ; clk66      ; clk66    ; None                        ; None                      ; 15.659 ns               ;
; N/A                                     ; 61.10 MHz ( period = 16.367 ns )                    ; cont[5]  ; cont[13] ; clk66      ; clk66    ; None                        ; None                      ; 15.658 ns               ;
; N/A                                     ; 61.11 MHz ( period = 16.365 ns )                    ; cont[5]  ; cont[12] ; clk66      ; clk66    ; None                        ; None                      ; 15.656 ns               ;
; N/A                                     ; 61.11 MHz ( period = 16.363 ns )                    ; cont[5]  ; cont[4]  ; clk66      ; clk66    ; None                        ; None                      ; 15.654 ns               ;
; N/A                                     ; 61.14 MHz ( period = 16.357 ns )                    ; cont[5]  ; cont[21] ; clk66      ; clk66    ; None                        ; None                      ; 15.648 ns               ;
; N/A                                     ; 61.14 MHz ( period = 16.356 ns )                    ; cont[5]  ; cont[8]  ; clk66      ; clk66    ; None                        ; None                      ; 15.647 ns               ;
; N/A                                     ; 61.14 MHz ( period = 16.356 ns )                    ; cont[5]  ; cont[18] ; clk66      ; clk66    ; None                        ; None                      ; 15.647 ns               ;
; N/A                                     ; 61.15 MHz ( period = 16.354 ns )                    ; cont[5]  ; cont[15] ; clk66      ; clk66    ; None                        ; None                      ; 15.645 ns               ;
; N/A                                     ; 61.15 MHz ( period = 16.353 ns )                    ; cont[5]  ; cont[6]  ; clk66      ; clk66    ; None                        ; None                      ; 15.644 ns               ;
; N/A                                     ; 61.20 MHz ( period = 16.339 ns )                    ; cont[3]  ; cont[11] ; clk66      ; clk66    ; None                        ; None                      ; 15.630 ns               ;
; N/A                                     ; 61.23 MHz ( period = 16.333 ns )                    ; c[6]     ; L1~reg0  ; clk66      ; clk66    ; None                        ; None                      ; 15.624 ns               ;
; N/A                                     ; 61.23 MHz ( period = 16.333 ns )                    ; c[6]     ; L2~reg0  ; clk66      ; clk66    ; None                        ; None                      ; 15.624 ns               ;
; N/A                                     ; 61.23 MHz ( period = 16.333 ns )                    ; c[6]     ; L4~reg0  ; clk66      ; clk66    ; None                        ; None                      ; 15.624 ns               ;
; N/A                                     ; 61.26 MHz ( period = 16.324 ns )                    ; c[4]     ; L1~reg0  ; clk66      ; clk66    ; None                        ; None                      ; 15.615 ns               ;
; N/A                                     ; 61.26 MHz ( period = 16.324 ns )                    ; c[4]     ; L2~reg0  ; clk66      ; clk66    ; None                        ; None                      ; 15.615 ns               ;
; N/A                                     ; 61.26 MHz ( period = 16.324 ns )                    ; c[4]     ; L4~reg0  ; clk66      ; clk66    ; None                        ; None                      ; 15.615 ns               ;
; N/A                                     ; 61.29 MHz ( period = 16.317 ns )                    ; cont[2]  ; cont[11] ; clk66      ; clk66    ; None                        ; None                      ; 15.608 ns               ;
; N/A                                     ; 61.38 MHz ( period = 16.292 ns )                    ; c[8]     ; L1~reg0  ; clk66      ; clk66    ; None                        ; None                      ; 15.583 ns               ;
; N/A                                     ; 61.38 MHz ( period = 16.292 ns )                    ; c[8]     ; L2~reg0  ; clk66      ; clk66    ; None                        ; None                      ; 15.583 ns               ;
; N/A                                     ; 61.38 MHz ( period = 16.292 ns )                    ; c[8]     ; L4~reg0  ; clk66      ; clk66    ; None                        ; None                      ; 15.583 ns               ;
; N/A                                     ; 61.42 MHz ( period = 16.281 ns )                    ; c[5]     ; L1~reg0  ; clk66      ; clk66    ; None                        ; None                      ; 15.572 ns               ;
; N/A                                     ; 61.42 MHz ( period = 16.281 ns )                    ; c[5]     ; L2~reg0  ; clk66      ; clk66    ; None                        ; None                      ; 15.572 ns               ;
; N/A                                     ; 61.42 MHz ( period = 16.281 ns )                    ; c[5]     ; L4~reg0  ; clk66      ; clk66    ; None                        ; None                      ; 15.572 ns               ;
; N/A                                     ; 61.56 MHz ( period = 16.245 ns )                    ; cont[5]  ; cont[11] ; clk66      ; clk66    ; None                        ; None                      ; 15.536 ns               ;
; N/A                                     ; 61.79 MHz ( period = 16.183 ns )                    ; c[7]     ; L1~reg0  ; clk66      ; clk66    ; None                        ; None                      ; 15.474 ns               ;
; N/A                                     ; 61.79 MHz ( period = 16.183 ns )                    ; c[7]     ; L2~reg0  ; clk66      ; clk66    ; None                        ; None                      ; 15.474 ns               ;
; N/A                                     ; 61.79 MHz ( period = 16.183 ns )                    ; c[7]     ; L4~reg0  ; clk66      ; clk66    ; None                        ; None                      ; 15.474 ns               ;
; N/A                                     ; 61.80 MHz ( period = 16.181 ns )                    ; c[9]     ; L1~reg0  ; clk66      ; clk66    ; None                        ; None                      ; 15.472 ns               ;
; N/A                                     ; 61.80 MHz ( period = 16.181 ns )                    ; c[9]     ; L2~reg0  ; clk66      ; clk66    ; None                        ; None                      ; 15.472 ns               ;
; N/A                                     ; 61.80 MHz ( period = 16.181 ns )                    ; c[9]     ; L4~reg0  ; clk66      ; clk66    ; None                        ; None                      ; 15.472 ns               ;
; N/A                                     ; 62.03 MHz ( period = 16.120 ns )                    ; c[11]    ; L1~reg0  ; clk66      ; clk66    ; None                        ; None                      ; 15.411 ns               ;
; N/A                                     ; 62.03 MHz ( period = 16.120 ns )                    ; c[11]    ; L2~reg0  ; clk66      ; clk66    ; None                        ; None                      ; 15.411 ns               ;
; N/A                                     ; 62.03 MHz ( period = 16.120 ns )                    ; c[11]    ; L4~reg0  ; clk66      ; clk66    ; None                        ; None                      ; 15.411 ns               ;
; N/A                                     ; 62.42 MHz ( period = 16.020 ns )                    ; c[10]    ; L1~reg0  ; clk66      ; clk66    ; None                        ; None                      ; 15.311 ns               ;
; N/A                                     ; 62.42 MHz ( period = 16.020 ns )                    ; c[10]    ; L2~reg0  ; clk66      ; clk66    ; None                        ; None                      ; 15.311 ns               ;
; N/A                                     ; 62.42 MHz ( period = 16.020 ns )                    ; c[10]    ; L4~reg0  ; clk66      ; clk66    ; None                        ; None                      ; 15.311 ns               ;
; N/A                                     ; 62.43 MHz ( period = 16.018 ns )                    ; cont[9]  ; cont[16] ; clk66      ; clk66    ; None                        ; None                      ; 15.309 ns               ;
; N/A                                     ; 62.44 MHz ( period = 16.016 ns )                    ; cont[9]  ; cont[10] ; clk66      ; clk66    ; None                        ; None                      ; 15.307 ns               ;
; N/A                                     ; 62.44 MHz ( period = 16.015 ns )                    ; cont[9]  ; cont[13] ; clk66      ; clk66    ; None                        ; None                      ; 15.306 ns               ;
; N/A                                     ; 62.45 MHz ( period = 16.013 ns )                    ; cont[9]  ; cont[12] ; clk66      ; clk66    ; None                        ; None                      ; 15.304 ns               ;
; N/A                                     ; 62.46 MHz ( period = 16.011 ns )                    ; cont[9]  ; cont[4]  ; clk66      ; clk66    ; None                        ; None                      ; 15.302 ns               ;
; N/A                                     ; 62.48 MHz ( period = 16.005 ns )                    ; cont[9]  ; cont[21] ; clk66      ; clk66    ; None                        ; None                      ; 15.296 ns               ;
; N/A                                     ; 62.48 MHz ( period = 16.004 ns )                    ; cont[9]  ; cont[8]  ; clk66      ; clk66    ; None                        ; None                      ; 15.295 ns               ;
; N/A                                     ; 62.48 MHz ( period = 16.004 ns )                    ; cont[9]  ; cont[18] ; clk66      ; clk66    ; None                        ; None                      ; 15.295 ns               ;
; N/A                                     ; 62.49 MHz ( period = 16.002 ns )                    ; cont[9]  ; cont[15] ; clk66      ; clk66    ; None                        ; None                      ; 15.293 ns               ;
; N/A                                     ; 62.50 MHz ( period = 16.001 ns )                    ; cont[9]  ; cont[6]  ; clk66      ; clk66    ; None                        ; None                      ; 15.292 ns               ;
; N/A                                     ; 62.63 MHz ( period = 15.967 ns )                    ; c[12]    ; L1~reg0  ; clk66      ; clk66    ; None                        ; None                      ; 15.258 ns               ;
; N/A                                     ; 62.63 MHz ( period = 15.967 ns )                    ; c[12]    ; L2~reg0  ; clk66      ; clk66    ; None                        ; None                      ; 15.258 ns               ;
; N/A                                     ; 62.63 MHz ( period = 15.967 ns )                    ; c[12]    ; L4~reg0  ; clk66      ; clk66    ; None                        ; None                      ; 15.258 ns               ;
; N/A                                     ; 62.92 MHz ( period = 15.893 ns )                    ; cont[9]  ; cont[11] ; clk66      ; clk66    ; None                        ; None                      ; 15.184 ns               ;
; N/A                                     ; 62.96 MHz ( period = 15.884 ns )                    ; c[14]    ; L1~reg0  ; clk66      ; clk66    ; None                        ; None                      ; 15.175 ns               ;
; N/A                                     ; 62.96 MHz ( period = 15.884 ns )                    ; c[14]    ; L2~reg0  ; clk66      ; clk66    ; None                        ; None                      ; 15.175 ns               ;
; N/A                                     ; 62.96 MHz ( period = 15.884 ns )                    ; c[14]    ; L4~reg0  ; clk66      ; clk66    ; None                        ; None                      ; 15.175 ns               ;
; N/A                                     ; 63.20 MHz ( period = 15.822 ns )                    ; cont[4]  ; cont[16] ; clk66      ; clk66    ; None                        ; None                      ; 15.113 ns               ;
; N/A                                     ; 63.21 MHz ( period = 15.820 ns )                    ; cont[4]  ; cont[10] ; clk66      ; clk66    ; None                        ; None                      ; 15.111 ns               ;
; N/A                                     ; 63.22 MHz ( period = 15.819 ns )                    ; cont[4]  ; cont[13] ; clk66      ; clk66    ; None                        ; None                      ; 15.110 ns               ;
; N/A                                     ; 63.22 MHz ( period = 15.817 ns )                    ; cont[4]  ; cont[12] ; clk66      ; clk66    ; None                        ; None                      ; 15.108 ns               ;
; N/A                                     ; 63.23 MHz ( period = 15.815 ns )                    ; cont[4]  ; cont[4]  ; clk66      ; clk66    ; None                        ; None                      ; 15.106 ns               ;
; N/A                                     ; 63.26 MHz ( period = 15.809 ns )                    ; cont[4]  ; cont[21] ; clk66      ; clk66    ; None                        ; None                      ; 15.100 ns               ;
; N/A                                     ; 63.26 MHz ( period = 15.808 ns )                    ; cont[4]  ; cont[8]  ; clk66      ; clk66    ; None                        ; None                      ; 15.099 ns               ;
; N/A                                     ; 63.26 MHz ( period = 15.808 ns )                    ; cont[4]  ; cont[18] ; clk66      ; clk66    ; None                        ; None                      ; 15.099 ns               ;
; N/A                                     ; 63.27 MHz ( period = 15.806 ns )                    ; cont[4]  ; cont[15] ; clk66      ; clk66    ; None                        ; None                      ; 15.097 ns               ;
; N/A                                     ; 63.27 MHz ( period = 15.805 ns )                    ; cont[4]  ; cont[6]  ; clk66      ; clk66    ; None                        ; None                      ; 15.096 ns               ;
; N/A                                     ; 63.50 MHz ( period = 15.747 ns )                    ; cont[3]  ; cont[5]  ; clk66      ; clk66    ; None                        ; None                      ; 15.038 ns               ;
; N/A                                     ; 63.51 MHz ( period = 15.746 ns )                    ; cont[3]  ; cont[3]  ; clk66      ; clk66    ; None                        ; None                      ; 15.037 ns               ;
; N/A                                     ; 63.51 MHz ( period = 15.745 ns )                    ; cont[3]  ; cont[2]  ; clk66      ; clk66    ; None                        ; None                      ; 15.036 ns               ;
; N/A                                     ; 63.59 MHz ( period = 15.725 ns )                    ; cont[2]  ; cont[5]  ; clk66      ; clk66    ; None                        ; None                      ; 15.016 ns               ;
; N/A                                     ; 63.60 MHz ( period = 15.724 ns )                    ; cont[2]  ; cont[3]  ; clk66      ; clk66    ; None                        ; None                      ; 15.015 ns               ;
; N/A                                     ; 63.60 MHz ( period = 15.723 ns )                    ; cont[2]  ; cont[2]  ; clk66      ; clk66    ; None                        ; None                      ; 15.014 ns               ;
; N/A                                     ; 63.62 MHz ( period = 15.719 ns )                    ; c[15]    ; L1~reg0  ; clk66      ; clk66    ; None                        ; None                      ; 15.010 ns               ;
; N/A                                     ; 63.62 MHz ( period = 15.719 ns )                    ; c[15]    ; L2~reg0  ; clk66      ; clk66    ; None                        ; None                      ; 15.010 ns               ;
; N/A                                     ; 63.62 MHz ( period = 15.719 ns )                    ; c[15]    ; L4~reg0  ; clk66      ; clk66    ; None                        ; None                      ; 15.010 ns               ;
; N/A                                     ; 63.71 MHz ( period = 15.697 ns )                    ; cont[4]  ; cont[11] ; clk66      ; clk66    ; None                        ; None                      ; 14.988 ns               ;
; N/A                                     ; 63.89 MHz ( period = 15.653 ns )                    ; cont[5]  ; cont[5]  ; clk66      ; clk66    ; None                        ; None                      ; 14.944 ns               ;
; N/A                                     ; 63.89 MHz ( period = 15.652 ns )                    ; cont[5]  ; cont[3]  ; clk66      ; clk66    ; None                        ; None                      ; 14.943 ns               ;
; N/A                                     ; 63.89 MHz ( period = 15.651 ns )                    ; cont[5]  ; cont[2]  ; clk66      ; clk66    ; None                        ; None                      ; 14.942 ns               ;
; N/A                                     ; 63.99 MHz ( period = 15.628 ns )                    ; c[1]     ; L1~reg0  ; clk66      ; clk66    ; None                        ; None                      ; 14.919 ns               ;
; N/A                                     ; 63.99 MHz ( period = 15.628 ns )                    ; c[1]     ; L2~reg0  ; clk66      ; clk66    ; None                        ; None                      ; 14.919 ns               ;
; N/A                                     ; 63.99 MHz ( period = 15.628 ns )                    ; c[1]     ; L4~reg0  ; clk66      ; clk66    ; None                        ; None                      ; 14.919 ns               ;
; N/A                                     ; 64.02 MHz ( period = 15.620 ns )                    ; cont[6]  ; cont[16] ; clk66      ; clk66    ; None                        ; None                      ; 14.911 ns               ;
; N/A                                     ; 64.03 MHz ( period = 15.618 ns )                    ; cont[6]  ; cont[10] ; clk66      ; clk66    ; None                        ; None                      ; 14.909 ns               ;
; N/A                                     ; 64.03 MHz ( period = 15.617 ns )                    ; cont[6]  ; cont[13] ; clk66      ; clk66    ; None                        ; None                      ; 14.908 ns               ;
; N/A                                     ; 64.04 MHz ( period = 15.615 ns )                    ; cont[6]  ; cont[12] ; clk66      ; clk66    ; None                        ; None                      ; 14.906 ns               ;
; N/A                                     ; 64.05 MHz ( period = 15.613 ns )                    ; cont[6]  ; cont[4]  ; clk66      ; clk66    ; None                        ; None                      ; 14.904 ns               ;
; N/A                                     ; 64.07 MHz ( period = 15.607 ns )                    ; cont[6]  ; cont[21] ; clk66      ; clk66    ; None                        ; None                      ; 14.898 ns               ;
; N/A                                     ; 64.08 MHz ( period = 15.606 ns )                    ; cont[6]  ; cont[8]  ; clk66      ; clk66    ; None                        ; None                      ; 14.897 ns               ;
; N/A                                     ; 64.08 MHz ( period = 15.606 ns )                    ; cont[6]  ; cont[18] ; clk66      ; clk66    ; None                        ; None                      ; 14.897 ns               ;
; N/A                                     ; 64.09 MHz ( period = 15.604 ns )                    ; cont[6]  ; cont[15] ; clk66      ; clk66    ; None                        ; None                      ; 14.895 ns               ;
; N/A                                     ; 64.09 MHz ( period = 15.603 ns )                    ; cont[6]  ; cont[6]  ; clk66      ; clk66    ; None                        ; None                      ; 14.894 ns               ;
; N/A                                     ; 64.17 MHz ( period = 15.583 ns )                    ; c[3]     ; L1~reg0  ; clk66      ; clk66    ; None                        ; None                      ; 14.874 ns               ;
; N/A                                     ; 64.17 MHz ( period = 15.583 ns )                    ; c[3]     ; L2~reg0  ; clk66      ; clk66    ; None                        ; None                      ; 14.874 ns               ;
; N/A                                     ; 64.17 MHz ( period = 15.583 ns )                    ; c[3]     ; L4~reg0  ; clk66      ; clk66    ; None                        ; None                      ; 14.874 ns               ;
; N/A                                     ; 64.18 MHz ( period = 15.582 ns )                    ; cont[3]  ; cont[7]  ; clk66      ; clk66    ; None                        ; None                      ; 14.873 ns               ;
; N/A                                     ; 64.18 MHz ( period = 15.582 ns )                    ; cont[3]  ; cont[1]  ; clk66      ; clk66    ; None                        ; None                      ; 14.873 ns               ;
; N/A                                     ; 64.18 MHz ( period = 15.580 ns )                    ; cont[3]  ; cont[0]  ; clk66      ; clk66    ; None                        ; None                      ; 14.871 ns               ;
; N/A                                     ; 64.25 MHz ( period = 15.564 ns )                    ; cont[12] ; cont[16] ; clk66      ; clk66    ; None                        ; None                      ; 14.855 ns               ;
; N/A                                     ; 64.26 MHz ( period = 15.562 ns )                    ; cont[12] ; cont[10] ; clk66      ; clk66    ; None                        ; None                      ; 14.853 ns               ;
; N/A                                     ; 64.26 MHz ( period = 15.561 ns )                    ; cont[12] ; cont[13] ; clk66      ; clk66    ; None                        ; None                      ; 14.852 ns               ;
; N/A                                     ; 64.27 MHz ( period = 15.560 ns )                    ; cont[2]  ; cont[7]  ; clk66      ; clk66    ; None                        ; None                      ; 14.851 ns               ;
; N/A                                     ; 64.27 MHz ( period = 15.560 ns )                    ; cont[2]  ; cont[1]  ; clk66      ; clk66    ; None                        ; None                      ; 14.851 ns               ;
; N/A                                     ; 64.27 MHz ( period = 15.559 ns )                    ; cont[12] ; cont[12] ; clk66      ; clk66    ; None                        ; None                      ; 14.850 ns               ;
; N/A                                     ; 64.28 MHz ( period = 15.558 ns )                    ; cont[2]  ; cont[0]  ; clk66      ; clk66    ; None                        ; None                      ; 14.849 ns               ;
; N/A                                     ; 64.28 MHz ( period = 15.557 ns )                    ; cont[12] ; cont[4]  ; clk66      ; clk66    ; None                        ; None                      ; 14.848 ns               ;
; N/A                                     ; 64.30 MHz ( period = 15.551 ns )                    ; cont[12] ; cont[21] ; clk66      ; clk66    ; None                        ; None                      ; 14.842 ns               ;
; N/A                                     ; 64.31 MHz ( period = 15.550 ns )                    ; cont[12] ; cont[8]  ; clk66      ; clk66    ; None                        ; None                      ; 14.841 ns               ;
; N/A                                     ; 64.31 MHz ( period = 15.550 ns )                    ; cont[12] ; cont[18] ; clk66      ; clk66    ; None                        ; None                      ; 14.841 ns               ;
; N/A                                     ; 64.32 MHz ( period = 15.548 ns )                    ; cont[12] ; cont[15] ; clk66      ; clk66    ; None                        ; None                      ; 14.839 ns               ;
; N/A                                     ; 64.32 MHz ( period = 15.547 ns )                    ; cont[12] ; cont[6]  ; clk66      ; clk66    ; None                        ; None                      ; 14.838 ns               ;
; N/A                                     ; 64.37 MHz ( period = 15.536 ns )                    ; cont[3]  ; cont[22] ; clk66      ; clk66    ; None                        ; None                      ; 14.827 ns               ;
; N/A                                     ; 64.37 MHz ( period = 15.535 ns )                    ; cont[3]  ; cont[9]  ; clk66      ; clk66    ; None                        ; None                      ; 14.826 ns               ;
; N/A                                     ; 64.46 MHz ( period = 15.514 ns )                    ; cont[2]  ; cont[22] ; clk66      ; clk66    ; None                        ; None                      ; 14.805 ns               ;
; N/A                                     ; 64.46 MHz ( period = 15.513 ns )                    ; cont[2]  ; cont[9]  ; clk66      ; clk66    ; None                        ; None                      ; 14.804 ns               ;
; N/A                                     ; 64.50 MHz ( period = 15.505 ns )                    ; c[2]     ; L1~reg0  ; clk66      ; clk66    ; None                        ; None                      ; 14.796 ns               ;
; N/A                                     ; 64.50 MHz ( period = 15.505 ns )                    ; c[2]     ; L2~reg0  ; clk66      ; clk66    ; None                        ; None                      ; 14.796 ns               ;
; N/A                                     ; 64.50 MHz ( period = 15.505 ns )                    ; c[2]     ; L4~reg0  ; clk66      ; clk66    ; None                        ; None                      ; 14.796 ns               ;
; N/A                                     ; 64.54 MHz ( period = 15.495 ns )                    ; cont[6]  ; cont[11] ; clk66      ; clk66    ; None                        ; None                      ; 14.786 ns               ;
; N/A                                     ; 64.57 MHz ( period = 15.488 ns )                    ; cont[5]  ; cont[7]  ; clk66      ; clk66    ; None                        ; None                      ; 14.779 ns               ;
; N/A                                     ; 64.57 MHz ( period = 15.488 ns )                    ; cont[5]  ; cont[1]  ; clk66      ; clk66    ; None                        ; None                      ; 14.779 ns               ;
; N/A                                     ; 64.57 MHz ( period = 15.486 ns )                    ; cont[5]  ; cont[0]  ; clk66      ; clk66    ; None                        ; None                      ; 14.777 ns               ;
; N/A                                     ; 64.61 MHz ( period = 15.477 ns )                    ; c[13]    ; c[4]     ; clk66      ; clk66    ; None                        ; None                      ; 14.768 ns               ;
; N/A                                     ; 64.76 MHz ( period = 15.442 ns )                    ; cont[5]  ; cont[22] ; clk66      ; clk66    ; None                        ; None                      ; 14.733 ns               ;
; N/A                                     ; 64.76 MHz ( period = 15.441 ns )                    ; cont[5]  ; cont[9]  ; clk66      ; clk66    ; None                        ; None                      ; 14.732 ns               ;
; N/A                                     ; 64.77 MHz ( period = 15.439 ns )                    ; cont[12] ; cont[11] ; clk66      ; clk66    ; None                        ; None                      ; 14.730 ns               ;
; N/A                                     ; 64.88 MHz ( period = 15.414 ns )                    ; c[0]     ; L1~reg0  ; clk66      ; clk66    ; None                        ; None                      ; 14.705 ns               ;
; N/A                                     ; 64.88 MHz ( period = 15.414 ns )                    ; c[0]     ; L2~reg0  ; clk66      ; clk66    ; None                        ; None                      ; 14.705 ns               ;
; N/A                                     ; 64.88 MHz ( period = 15.414 ns )                    ; c[0]     ; L4~reg0  ; clk66      ; clk66    ; None                        ; None                      ; 14.705 ns               ;
; N/A                                     ; 64.89 MHz ( period = 15.410 ns )                    ; cont[11] ; cont[16] ; clk66      ; clk66    ; None                        ; None                      ; 14.701 ns               ;
; N/A                                     ; 64.90 MHz ( period = 15.408 ns )                    ; c[6]     ; c[4]     ; clk66      ; clk66    ; None                        ; None                      ; 14.699 ns               ;
; N/A                                     ; 64.90 MHz ( period = 15.408 ns )                    ; cont[3]  ; cont[19] ; clk66      ; clk66    ; None                        ; None                      ; 14.699 ns               ;
; N/A                                     ; 64.90 MHz ( period = 15.408 ns )                    ; cont[11] ; cont[10] ; clk66      ; clk66    ; None                        ; None                      ; 14.699 ns               ;
; N/A                                     ; 64.91 MHz ( period = 15.407 ns )                    ; cont[11] ; cont[13] ; clk66      ; clk66    ; None                        ; None                      ; 14.698 ns               ;
; N/A                                     ; 64.91 MHz ( period = 15.405 ns )                    ; cont[11] ; cont[12] ; clk66      ; clk66    ; None                        ; None                      ; 14.696 ns               ;
; N/A                                     ; 64.92 MHz ( period = 15.403 ns )                    ; cont[11] ; cont[4]  ; clk66      ; clk66    ; None                        ; None                      ; 14.694 ns               ;
; N/A                                     ; 64.94 MHz ( period = 15.399 ns )                    ; c[4]     ; c[4]     ; clk66      ; clk66    ; None                        ; None                      ; 14.690 ns               ;
; N/A                                     ; 64.95 MHz ( period = 15.397 ns )                    ; cont[11] ; cont[21] ; clk66      ; clk66    ; None                        ; None                      ; 14.688 ns               ;
; N/A                                     ; 64.95 MHz ( period = 15.396 ns )                    ; cont[11] ; cont[8]  ; clk66      ; clk66    ; None                        ; None                      ; 14.687 ns               ;
; N/A                                     ; 64.95 MHz ( period = 15.396 ns )                    ; cont[11] ; cont[18] ; clk66      ; clk66    ; None                        ; None                      ; 14.687 ns               ;
; N/A                                     ; 64.96 MHz ( period = 15.394 ns )                    ; cont[11] ; cont[15] ; clk66      ; clk66    ; None                        ; None                      ; 14.685 ns               ;
; N/A                                     ; 64.96 MHz ( period = 15.393 ns )                    ; cont[11] ; cont[6]  ; clk66      ; clk66    ; None                        ; None                      ; 14.684 ns               ;
; N/A                                     ; 64.99 MHz ( period = 15.386 ns )                    ; cont[2]  ; cont[19] ; clk66      ; clk66    ; None                        ; None                      ; 14.677 ns               ;
; N/A                                     ; 65.07 MHz ( period = 15.367 ns )                    ; c[8]     ; c[4]     ; clk66      ; clk66    ; None                        ; None                      ; 14.658 ns               ;
; N/A                                     ; 65.12 MHz ( period = 15.356 ns )                    ; c[5]     ; c[4]     ; clk66      ; clk66    ; None                        ; None                      ; 14.647 ns               ;
; N/A                                     ; 65.14 MHz ( period = 15.351 ns )                    ; cont[8]  ; cont[16] ; clk66      ; clk66    ; None                        ; None                      ; 14.642 ns               ;
; N/A                                     ; 65.15 MHz ( period = 15.349 ns )                    ; cont[8]  ; cont[10] ; clk66      ; clk66    ; None                        ; None                      ; 14.640 ns               ;
; N/A                                     ; 65.16 MHz ( period = 15.348 ns )                    ; cont[8]  ; cont[13] ; clk66      ; clk66    ; None                        ; None                      ; 14.639 ns               ;
; N/A                                     ; 65.16 MHz ( period = 15.346 ns )                    ; cont[8]  ; cont[12] ; clk66      ; clk66    ; None                        ; None                      ; 14.637 ns               ;
; N/A                                     ; 65.17 MHz ( period = 15.344 ns )                    ; cont[8]  ; cont[4]  ; clk66      ; clk66    ; None                        ; None                      ; 14.635 ns               ;
; N/A                                     ; 65.20 MHz ( period = 15.338 ns )                    ; cont[8]  ; cont[21] ; clk66      ; clk66    ; None                        ; None                      ; 14.629 ns               ;
; N/A                                     ; 65.20 MHz ( period = 15.337 ns )                    ; cont[8]  ; cont[8]  ; clk66      ; clk66    ; None                        ; None                      ; 14.628 ns               ;
; N/A                                     ; 65.20 MHz ( period = 15.337 ns )                    ; cont[8]  ; cont[18] ; clk66      ; clk66    ; None                        ; None                      ; 14.628 ns               ;
; N/A                                     ; 65.21 MHz ( period = 15.335 ns )                    ; cont[8]  ; cont[15] ; clk66      ; clk66    ; None                        ; None                      ; 14.626 ns               ;
; N/A                                     ; 65.21 MHz ( period = 15.334 ns )                    ; cont[8]  ; cont[6]  ; clk66      ; clk66    ; None                        ; None                      ; 14.625 ns               ;
; N/A                                     ; 65.30 MHz ( period = 15.314 ns )                    ; cont[5]  ; cont[19] ; clk66      ; clk66    ; None                        ; None                      ; 14.605 ns               ;
; N/A                                     ; 65.36 MHz ( period = 15.301 ns )                    ; cont[9]  ; cont[5]  ; clk66      ; clk66    ; None                        ; None                      ; 14.592 ns               ;
; N/A                                     ; 65.36 MHz ( period = 15.300 ns )                    ; cont[9]  ; cont[3]  ; clk66      ; clk66    ; None                        ; None                      ; 14.591 ns               ;
; N/A                                     ; 65.36 MHz ( period = 15.299 ns )                    ; cont[9]  ; cont[2]  ; clk66      ; clk66    ; None                        ; None                      ; 14.590 ns               ;
; N/A                                     ; 65.42 MHz ( period = 15.285 ns )                    ; cont[11] ; cont[11] ; clk66      ; clk66    ; None                        ; None                      ; 14.576 ns               ;
; N/A                                     ; 65.54 MHz ( period = 15.258 ns )                    ; c[7]     ; c[4]     ; clk66      ; clk66    ; None                        ; None                      ; 14.549 ns               ;
; N/A                                     ; 65.55 MHz ( period = 15.256 ns )                    ; c[9]     ; c[4]     ; clk66      ; clk66    ; None                        ; None                      ; 14.547 ns               ;
; N/A                                     ; 65.68 MHz ( period = 15.226 ns )                    ; cont[8]  ; cont[11] ; clk66      ; clk66    ; None                        ; None                      ; 14.517 ns               ;
; N/A                                     ; 65.69 MHz ( period = 15.222 ns )                    ; cont[15] ; cont[16] ; clk66      ; clk66    ; None                        ; None                      ; 14.513 ns               ;
; N/A                                     ; 65.70 MHz ( period = 15.220 ns )                    ; cont[15] ; cont[10] ; clk66      ; clk66    ; None                        ; None                      ; 14.511 ns               ;
; N/A                                     ; 65.71 MHz ( period = 15.219 ns )                    ; cont[15] ; cont[13] ; clk66      ; clk66    ; None                        ; None                      ; 14.510 ns               ;
; N/A                                     ; 65.72 MHz ( period = 15.217 ns )                    ; cont[15] ; cont[12] ; clk66      ; clk66    ; None                        ; None                      ; 14.508 ns               ;
; N/A                                     ; 65.72 MHz ( period = 15.215 ns )                    ; cont[15] ; cont[4]  ; clk66      ; clk66    ; None                        ; None                      ; 14.506 ns               ;
; N/A                                     ; 65.75 MHz ( period = 15.209 ns )                    ; cont[15] ; cont[21] ; clk66      ; clk66    ; None                        ; None                      ; 14.500 ns               ;
; N/A                                     ; 65.75 MHz ( period = 15.208 ns )                    ; cont[15] ; cont[8]  ; clk66      ; clk66    ; None                        ; None                      ; 14.499 ns               ;
; N/A                                     ; 65.75 MHz ( period = 15.208 ns )                    ; cont[15] ; cont[18] ; clk66      ; clk66    ; None                        ; None                      ; 14.499 ns               ;
; N/A                                     ; 65.76 MHz ( period = 15.206 ns )                    ; cont[15] ; cont[15] ; clk66      ; clk66    ; None                        ; None                      ; 14.497 ns               ;
; N/A                                     ; 65.77 MHz ( period = 15.205 ns )                    ; cont[15] ; cont[6]  ; clk66      ; clk66    ; None                        ; None                      ; 14.496 ns               ;
; N/A                                     ; 65.81 MHz ( period = 15.195 ns )                    ; c[11]    ; c[4]     ; clk66      ; clk66    ; None                        ; None                      ; 14.486 ns               ;
; N/A                                     ; 65.90 MHz ( period = 15.174 ns )                    ; cont[10] ; cont[16] ; clk66      ; clk66    ; None                        ; None                      ; 14.465 ns               ;
; N/A                                     ; 65.91 MHz ( period = 15.172 ns )                    ; cont[10] ; cont[10] ; clk66      ; clk66    ; None                        ; None                      ; 14.463 ns               ;
; N/A                                     ; 65.92 MHz ( period = 15.171 ns )                    ; cont[10] ; cont[13] ; clk66      ; clk66    ; None                        ; None                      ; 14.462 ns               ;
; N/A                                     ; 65.92 MHz ( period = 15.169 ns )                    ; cont[10] ; cont[12] ; clk66      ; clk66    ; None                        ; None                      ; 14.460 ns               ;
; N/A                                     ; 65.93 MHz ( period = 15.167 ns )                    ; cont[10] ; cont[4]  ; clk66      ; clk66    ; None                        ; None                      ; 14.458 ns               ;
; Timing analysis restricted to 200 rows. ; To change the limit use Settings (Assignments menu) ;          ;          ;            ;          ;                             ;                           ;                         ;
+-----------------------------------------+-----------------------------------------------------+----------+----------+------------+----------+-----------------------------+---------------------------+-------------------------+


+--------------------------------------------------------------------------------------------+
; tsu                                                                                        ;
+-------+--------------+------------+-----------+---------------------------------+----------+
; Slack ; Required tsu ; Actual tsu ; From      ; To                              ; To Clock ;
+-------+--------------+------------+-----------+---------------------------------+----------+
; N/A   ; None         ; -2.779 ns  ; ADC_SSTRB ; ADC_INTERFACE:ADC|SR_CAPTURE[1] ; clk66    ;
; N/A   ; None         ; -2.886 ns  ; ADC_DATA  ; ADC_INTERFACE:ADC|DIG_RESULT[0] ; clk66    ;
; N/A   ; None         ; -3.305 ns  ; ADC_SSTRB ; ADC_INTERFACE:ADC|SR_CAPTURE[0] ; clk66    ;
+-------+--------------+------------+-----------+---------------------------------+----------+


+----------------------------------------------------------------------------------------------------+
; tco                                                                                                ;
+-------+--------------+------------+----------------------------------+----------------+------------+
; Slack ; Required tco ; Actual tco ; From                             ; To             ; From Clock ;
+-------+--------------+------------+----------------------------------+----------------+------------+
; N/A   ; None         ; 16.157 ns  ; L3~reg0                          ; L3             ; clk66      ;
; N/A   ; None         ; 14.231 ns  ; L1~reg0                          ; L1             ; clk66      ;
; N/A   ; None         ; 14.227 ns  ; L2~reg0                          ; L2             ; clk66      ;
; N/A   ; None         ; 13.045 ns  ; ADC_INTERFACE:ADC|ADC_CNTRL_DATA ; ADC_CNTRL_DATA ; clk66      ;
; N/A   ; None         ; 13.027 ns  ; L4~reg0                          ; L4             ; clk66      ;
; N/A   ; None         ; 11.077 ns  ; cooler~reg0                      ; cooler         ; clk66      ;
; N/A   ; None         ; 10.195 ns  ; PULSOS:DIV_FREQ|clk260khz        ; clk260khz      ; clk66      ;
+-------+--------------+------------+----------------------------------+----------------+------------+


+--------------------------------------------------------------------------------------------------+
; th                                                                                               ;
+---------------+-------------+-----------+-----------+---------------------------------+----------+
; Minimum Slack ; Required th ; Actual th ; From      ; To                              ; To Clock ;
+---------------+-------------+-----------+-----------+---------------------------------+----------+
; N/A           ; None        ; 3.859 ns  ; ADC_SSTRB ; ADC_INTERFACE:ADC|SR_CAPTURE[0] ; clk66    ;
; N/A           ; None        ; 3.440 ns  ; ADC_DATA  ; ADC_INTERFACE:ADC|DIG_RESULT[0] ; clk66    ;
; N/A           ; None        ; 3.333 ns  ; ADC_SSTRB ; ADC_INTERFACE:ADC|SR_CAPTURE[1] ; clk66    ;
+---------------+-------------+-----------+-----------+---------------------------------+----------+


+--------------------------+
; Timing Analyzer Messages ;
+--------------------------+
Info: *******************************************************************
Info: Running Quartus II Classic Timing Analyzer
    Info: Version 9.1 Build 304 01/25/2010 Service Pack 1 SJ Web Edition
    Info: Processing started: Tue Nov 03 11:59:19 2015
Info: Command: quartus_tan --read_settings_files=off --write_settings_files=off pratica6_conversor_ad -c TOP
Info: Started post-fitting delay annotation
Info: Delay annotation completed successfully
Info: Clock "clk66" has Internal fmax of 60.74 MHz between source register "cont[3]" and destination register "cont[16]" (period= 16.464 ns)
    Info: + Longest register to register delay is 15.755 ns
        Info: 1: + IC(0.000 ns) + CELL(0.000 ns) = 0.000 ns; Loc. = LC_X14_Y3_N1; Fanout = 3; REG Node = 'cont[3]'
        Info: 2: + IC(2.712 ns) + CELL(0.747 ns) = 3.459 ns; Loc. = LC_X12_Y4_N7; Fanout = 2; COMB Node = 'Add1~142'
        Info: 3: + IC(0.000 ns) + CELL(0.123 ns) = 3.582 ns; Loc. = LC_X12_Y4_N8; Fanout = 2; COMB Node = 'Add1~57'
        Info: 4: + IC(0.000 ns) + CELL(0.399 ns) = 3.981 ns; Loc. = LC_X12_Y4_N9; Fanout = 6; COMB Node = 'Add1~62'
        Info: 5: + IC(0.000 ns) + CELL(0.246 ns) = 4.227 ns; Loc. = LC_X13_Y4_N4; Fanout = 6; COMB Node = 'Add1~87'
        Info: 6: + IC(0.000 ns) + CELL(0.349 ns) = 4.576 ns; Loc. = LC_X13_Y4_N9; Fanout = 6; COMB Node = 'Add1~122'
        Info: 7: + IC(0.000 ns) + CELL(1.234 ns) = 5.810 ns; Loc. = LC_X14_Y4_N3; Fanout = 6; COMB Node = 'Add1~100'
        Info: 8: + IC(1.702 ns) + CELL(0.914 ns) = 8.426 ns; Loc. = LC_X16_Y4_N0; Fanout = 1; COMB Node = 'LessThan1~4'
        Info: 9: + IC(0.769 ns) + CELL(0.511 ns) = 9.706 ns; Loc. = LC_X16_Y4_N4; Fanout = 1; COMB Node = 'LessThan1~7'
        Info: 10: + IC(0.759 ns) + CELL(0.511 ns) = 10.976 ns; Loc. = LC_X16_Y4_N5; Fanout = 1; COMB Node = 'LessThan1~9'
        Info: 11: + IC(1.162 ns) + CELL(0.200 ns) = 12.338 ns; Loc. = LC_X15_Y4_N7; Fanout = 23; COMB Node = 'LessThan1~10'
        Info: 12: + IC(2.826 ns) + CELL(0.591 ns) = 15.755 ns; Loc. = LC_X13_Y3_N0; Fanout = 3; REG Node = 'cont[16]'
        Info: Total cell delay = 5.825 ns ( 36.97 % )
        Info: Total interconnect delay = 9.930 ns ( 63.03 % )
    Info: - Smallest clock skew is 0.000 ns
        Info: + Shortest clock path from clock "clk66" to destination register is 3.819 ns
            Info: 1: + IC(0.000 ns) + CELL(1.163 ns) = 1.163 ns; Loc. = PIN_H5; Fanout = 133; CLK Node = 'clk66'
            Info: 2: + IC(1.738 ns) + CELL(0.918 ns) = 3.819 ns; Loc. = LC_X13_Y3_N0; Fanout = 3; REG Node = 'cont[16]'
            Info: Total cell delay = 2.081 ns ( 54.49 % )
            Info: Total interconnect delay = 1.738 ns ( 45.51 % )
        Info: - Longest clock path from clock "clk66" to source register is 3.819 ns
            Info: 1: + IC(0.000 ns) + CELL(1.163 ns) = 1.163 ns; Loc. = PIN_H5; Fanout = 133; CLK Node = 'clk66'
            Info: 2: + IC(1.738 ns) + CELL(0.918 ns) = 3.819 ns; Loc. = LC_X14_Y3_N1; Fanout = 3; REG Node = 'cont[3]'
            Info: Total cell delay = 2.081 ns ( 54.49 % )
            Info: Total interconnect delay = 1.738 ns ( 45.51 % )
    Info: + Micro clock to output delay of source is 0.376 ns
    Info: + Micro setup delay of destination is 0.333 ns
Info: tsu for register "ADC_INTERFACE:ADC|SR_CAPTURE[1]" (data pin = "ADC_SSTRB", clock pin = "clk66") is -2.779 ns
    Info: + Longest pin to register delay is 6.449 ns
        Info: 1: + IC(0.000 ns) + CELL(1.132 ns) = 1.132 ns; Loc. = PIN_A12; Fanout = 2; PIN Node = 'ADC_SSTRB'
        Info: 2: + IC(4.513 ns) + CELL(0.804 ns) = 6.449 ns; Loc. = LC_X12_Y6_N4; Fanout = 1; REG Node = 'ADC_INTERFACE:ADC|SR_CAPTURE[1]'
        Info: Total cell delay = 1.936 ns ( 30.02 % )
        Info: Total interconnect delay = 4.513 ns ( 69.98 % )
    Info: + Micro setup delay of destination is 0.333 ns
    Info: - Shortest clock path from clock "clk66" to destination register is 9.561 ns
        Info: 1: + IC(0.000 ns) + CELL(1.163 ns) = 1.163 ns; Loc. = PIN_H5; Fanout = 133; CLK Node = 'clk66'
        Info: 2: + IC(1.738 ns) + CELL(1.294 ns) = 4.195 ns; Loc. = LC_X10_Y6_N9; Fanout = 70; REG Node = 'PULSOS:DIV_FREQ|clk260khz'
        Info: 3: + IC(4.448 ns) + CELL(0.918 ns) = 9.561 ns; Loc. = LC_X12_Y6_N4; Fanout = 1; REG Node = 'ADC_INTERFACE:ADC|SR_CAPTURE[1]'
        Info: Total cell delay = 3.375 ns ( 35.30 % )
        Info: Total interconnect delay = 6.186 ns ( 64.70 % )
Info: tco from clock "clk66" to destination pin "L3" through register "L3~reg0" is 16.157 ns
    Info: + Longest clock path from clock "clk66" to source register is 9.561 ns
        Info: 1: + IC(0.000 ns) + CELL(1.163 ns) = 1.163 ns; Loc. = PIN_H5; Fanout = 133; CLK Node = 'clk66'
        Info: 2: + IC(1.738 ns) + CELL(1.294 ns) = 4.195 ns; Loc. = LC_X10_Y6_N9; Fanout = 70; REG Node = 'PULSOS:DIV_FREQ|clk260khz'
        Info: 3: + IC(4.448 ns) + CELL(0.918 ns) = 9.561 ns; Loc. = LC_X9_Y8_N9; Fanout = 1; REG Node = 'L3~reg0'
        Info: Total cell delay = 3.375 ns ( 35.30 % )
        Info: Total interconnect delay = 6.186 ns ( 64.70 % )
    Info: + Micro clock to output delay of source is 0.376 ns
    Info: + Longest register to pin delay is 6.220 ns
        Info: 1: + IC(0.000 ns) + CELL(0.000 ns) = 0.000 ns; Loc. = LC_X9_Y8_N9; Fanout = 1; REG Node = 'L3~reg0'
        Info: 2: + IC(3.898 ns) + CELL(2.322 ns) = 6.220 ns; Loc. = PIN_P13; Fanout = 0; PIN Node = 'L3'
        Info: Total cell delay = 2.322 ns ( 37.33 % )
        Info: Total interconnect delay = 3.898 ns ( 62.67 % )
Info: th for register "ADC_INTERFACE:ADC|SR_CAPTURE[0]" (data pin = "ADC_SSTRB", clock pin = "clk66") is 3.859 ns
    Info: + Longest clock path from clock "clk66" to destination register is 9.561 ns
        Info: 1: + IC(0.000 ns) + CELL(1.163 ns) = 1.163 ns; Loc. = PIN_H5; Fanout = 133; CLK Node = 'clk66'
        Info: 2: + IC(1.738 ns) + CELL(1.294 ns) = 4.195 ns; Loc. = LC_X10_Y6_N9; Fanout = 70; REG Node = 'PULSOS:DIV_FREQ|clk260khz'
        Info: 3: + IC(4.448 ns) + CELL(0.918 ns) = 9.561 ns; Loc. = LC_X12_Y6_N3; Fanout = 1; REG Node = 'ADC_INTERFACE:ADC|SR_CAPTURE[0]'
        Info: Total cell delay = 3.375 ns ( 35.30 % )
        Info: Total interconnect delay = 6.186 ns ( 64.70 % )
    Info: + Micro hold delay of destination is 0.221 ns
    Info: - Shortest pin to register delay is 5.923 ns
        Info: 1: + IC(0.000 ns) + CELL(1.132 ns) = 1.132 ns; Loc. = PIN_A12; Fanout = 2; PIN Node = 'ADC_SSTRB'
        Info: 2: + IC(4.511 ns) + CELL(0.280 ns) = 5.923 ns; Loc. = LC_X12_Y6_N3; Fanout = 1; REG Node = 'ADC_INTERFACE:ADC|SR_CAPTURE[0]'
        Info: Total cell delay = 1.412 ns ( 23.84 % )
        Info: Total interconnect delay = 4.511 ns ( 76.16 % )
Info: Generated suppressed messages file C:/Users/Raul/Desktop/P6 RAUL E ITALO/TOP.tan.smsg
Info: Quartus II Classic Timing Analyzer was successful. 0 errors, 0 warnings
    Info: Peak virtual memory: 177 megabytes
    Info: Processing ended: Tue Nov 03 11:59:22 2015
    Info: Elapsed time: 00:00:03
    Info: Total CPU time (on all processors): 00:00:03


+-------------------------------------+
; Timing Analyzer Suppressed Messages ;
+-------------------------------------+
The suppressed messages can be found in C:/Users/Raul/Desktop/P6 RAUL E ITALO/TOP.tan.smsg.


