Analysis & Synthesis report for TOP
Tue Nov 03 11:59:03 2015
Quartus II Version 9.1 Build 304 01/25/2010 Service Pack 1 SJ Web Edition


---------------------
; Table of Contents ;
---------------------
  1. Legal Notice
  2. Analysis & Synthesis Summary
  3. Analysis & Synthesis Settings
  4. Parallel Compilation
  5. Analysis & Synthesis Source Files Read
  6. Analysis & Synthesis Resource Usage Summary
  7. Analysis & Synthesis Resource Utilization by Entity
  8. Registers Removed During Synthesis
  9. Removed Registers Triggering Further Register Optimizations
 10. General Register Statistics
 11. Inverted Register Statistics
 12. Source assignments for lpm_mult:Mult0|multcore:mult_core|mpar_add:padder|lpm_add_sub:adder[3]|addcore:adder
 13. Source assignments for lpm_mult:Mult0|multcore:mult_core|mpar_add:padder|lpm_add_sub:adder[2]|addcore:adder
 14. Source assignments for lpm_mult:Mult0|multcore:mult_core|mpar_add:padder|lpm_add_sub:adder[1]|addcore:adder
 15. Source assignments for lpm_mult:Mult0|multcore:mult_core|mpar_add:padder|lpm_add_sub:adder[0]|addcore:adder
 16. Source assignments for lpm_mult:Mult0|multcore:mult_core|mpar_add:padder|mpar_add:sub_par_add|lpm_add_sub:adder[1]|addcore:adder
 17. Source assignments for lpm_mult:Mult0|multcore:mult_core|mpar_add:padder|mpar_add:sub_par_add|lpm_add_sub:adder[0]|addcore:adder
 18. Source assignments for lpm_mult:Mult0|multcore:mult_core|mpar_add:padder|mpar_add:sub_par_add|mpar_add:sub_par_add|lpm_add_sub:adder[0]|addcore:adder
 19. Parameter Settings for User Entity Instance: PULSOS:DIV_FREQ
 20. Parameter Settings for User Entity Instance: PULSOS:CONVERSOES
 21. Parameter Settings for Inferred Entity Instance: lpm_mult:Mult0
 22. lpm_mult Parameter Settings by Entity Instance
 23. Port Connectivity Checks: "ADC_INTERFACE:ADC"
 24. Port Connectivity Checks: "MAQUINA_DE_ESTADOS:FILTRO"
 25. Analysis & Synthesis Messages



----------------
; Legal Notice ;
----------------
Copyright (C) 1991-2010 Altera Corporation
Your use of Altera Corporation's design tools, logic functions 
and other software and tools, and its AMPP partner logic 
functions, and any output files from any of the foregoing 
(including device programming or simulation files), and any 
associated documentation or information are expressly subject 
to the terms and conditions of the Altera Program License 
Subscription Agreement, Altera MegaCore Function License 
Agreement, or other applicable license agreement, including, 
without limitation, that your use is for the sole purpose of 
programming logic devices manufactured by Altera and sold by 
Altera or its authorized distributors.  Please refer to the 
applicable agreement for further details.



+----------------------------------------------------------------------------+
; Analysis & Synthesis Summary                                               ;
+-----------------------------+----------------------------------------------+
; Analysis & Synthesis Status ; Successful - Tue Nov 03 11:59:03 2015        ;
; Quartus II Version          ; 9.1 Build 304 01/25/2010 SP 1 SJ Web Edition ;
; Revision Name               ; TOP                                          ;
; Top-level Entity Name       ; TOP                                          ;
; Family                      ; MAX II                                       ;
; Total logic elements        ; 452                                          ;
; Total pins                  ; 14                                           ;
; Total virtual pins          ; 0                                            ;
; UFM blocks                  ; 0 / 1 ( 0 % )                                ;
+-----------------------------+----------------------------------------------+


+----------------------------------------------------------------------------------------------------------------------+
; Analysis & Synthesis Settings                                                                                        ;
+----------------------------------------------------------------------------+--------------------+--------------------+
; Option                                                                     ; Setting            ; Default Value      ;
+----------------------------------------------------------------------------+--------------------+--------------------+
; Device                                                                     ; EPM1270F256C5      ;                    ;
; Top-level entity name                                                      ; TOP                ; TOP                ;
; Family name                                                                ; MAX II             ; Stratix II         ;
; Use Generated Physical Constraints File                                    ; Off                ;                    ;
; Use smart compilation                                                      ; Off                ; Off                ;
; Enable parallel Assembler and TimeQuest Timing Analyzer during compilation ; On                 ; On                 ;
; Enable compact report table                                                ; Off                ; Off                ;
; Restructure Multiplexers                                                   ; Auto               ; Auto               ;
; Create Debugging Nodes for IP Cores                                        ; Off                ; Off                ;
; Preserve fewer node names                                                  ; On                 ; On                 ;
; Disable OpenCore Plus hardware evaluation                                  ; Off                ; Off                ;
; Verilog Version                                                            ; Verilog_2001       ; Verilog_2001       ;
; VHDL Version                                                               ; VHDL_1993          ; VHDL_1993          ;
; State Machine Processing                                                   ; Auto               ; Auto               ;
; Safe State Machine                                                         ; Off                ; Off                ;
; Extract Verilog State Machines                                             ; On                 ; On                 ;
; Extract VHDL State Machines                                                ; On                 ; On                 ;
; Ignore Verilog initial constructs                                          ; Off                ; Off                ;
; Iteration limit for constant Verilog loops                                 ; 5000               ; 5000               ;
; Iteration limit for non-constant Verilog loops                             ; 250                ; 250                ;
; Add Pass-Through Logic to Inferred RAMs                                    ; On                 ; On                 ;
; Parallel Synthesis                                                         ; On                 ; On                 ;
; NOT Gate Push-Back                                                         ; On                 ; On                 ;
; Power-Up Don't Care                                                        ; On                 ; On                 ;
; Remove Redundant Logic Cells                                               ; Off                ; Off                ;
; Remove Duplicate Registers                                                 ; On                 ; On                 ;
; Ignore CARRY Buffers                                                       ; Off                ; Off                ;
; Ignore CASCADE Buffers                                                     ; Off                ; Off                ;
; Ignore GLOBAL Buffers                                                      ; Off                ; Off                ;
; Ignore ROW GLOBAL Buffers                                                  ; Off                ; Off                ;
; Ignore LCELL Buffers                                                       ; Off                ; Off                ;
; Ignore SOFT Buffers                                                        ; On                 ; On                 ;
; Limit AHDL Integers to 32 Bits                                             ; Off                ; Off                ;
; Optimization Technique                                                     ; Balanced           ; Balanced           ;
; Carry Chain Length                                                         ; 70                 ; 70                 ;
; Auto Carry Chains                                                          ; On                 ; On                 ;
; Auto Open-Drain Pins                                                       ; On                 ; On                 ;
; Perform WYSIWYG Primitive Resynthesis                                      ; Off                ; Off                ;
; Auto Shift Register Replacement                                            ; Auto               ; Auto               ;
; Auto Clock Enable Replacement                                              ; On                 ; On                 ;
; Allow Synchronous Control Signals                                          ; On                 ; On                 ;
; Force Use of Synchronous Clear Signals                                     ; Off                ; Off                ;
; Auto Resource Sharing                                                      ; Off                ; Off                ;
; Use LogicLock Constraints during Resource Balancing                        ; On                 ; On                 ;
; Ignore translate_off and synthesis_off directives                          ; Off                ; Off                ;
; Show Parameter Settings Tables in Synthesis Report                         ; On                 ; On                 ;
; Ignore Maximum Fan-Out Assignments                                         ; Off                ; Off                ;
; Synchronization Register Chain Length                                      ; 2                  ; 2                  ;
; PowerPlay Power Optimization                                               ; Normal compilation ; Normal compilation ;
; HDL message level                                                          ; Level2             ; Level2             ;
; Suppress Register Optimization Related Messages                            ; Off                ; Off                ;
; Number of Removed Registers Reported in Synthesis Report                   ; 5000               ; 5000               ;
; Number of Inverted Registers Reported in Synthesis Report                  ; 100                ; 100                ;
; Clock MUX Protection                                                       ; On                 ; On                 ;
; Block Design Naming                                                        ; Auto               ; Auto               ;
; Synthesis Effort                                                           ; Auto               ; Auto               ;
; Shift Register Replacement - Allow Asynchronous Clear Signal               ; On                 ; On                 ;
; Analysis & Synthesis Message Level                                         ; Medium             ; Medium             ;
; Disable Register Merging Across Hierarchies                                ; Auto               ; Auto               ;
+----------------------------------------------------------------------------+--------------------+--------------------+


Parallel compilation was disabled, but you have multiple processors available. Enable parallel compilation to reduce compilation time.
+-------------------------------------+
; Parallel Compilation                ;
+----------------------------+--------+
; Processors                 ; Number ;
+----------------------------+--------+
; Number detected on machine ; 2      ;
; Maximum allowed            ; 1      ;
+----------------------------+--------+


+----------------------------------------------------------------------------------------------------------------------------------------+
; Analysis & Synthesis Source Files Read                                                                                                 ;
+----------------------------------+-----------------+-----------------+-----------------------------------------------------------------+
; File Name with User-Entered Path ; Used in Netlist ; File Type       ; File Name with Absolute Path                                    ;
+----------------------------------+-----------------+-----------------+-----------------------------------------------------------------+
; Conversor.vhd                    ; yes             ; User VHDL File  ; C:/Users/Raul/Desktop/P6 RAUL E ITALO/Conversor.vhd             ;
; TOP.vhd                          ; yes             ; User VHDL File  ; C:/Users/Raul/Desktop/P6 RAUL E ITALO/TOP.vhd                   ;
; lpm_mult.tdf                     ; yes             ; Megafunction    ; c:/altera/91sp1/quartus/libraries/megafunctions/lpm_mult.tdf    ;
; multcore.tdf                     ; yes             ; Megafunction    ; c:/altera/91sp1/quartus/libraries/megafunctions/multcore.tdf    ;
; mpar_add.tdf                     ; yes             ; Megafunction    ; c:/altera/91sp1/quartus/libraries/megafunctions/mpar_add.tdf    ;
; lpm_add_sub.tdf                  ; yes             ; Megafunction    ; c:/altera/91sp1/quartus/libraries/megafunctions/lpm_add_sub.tdf ;
; addcore.tdf                      ; yes             ; Megafunction    ; c:/altera/91sp1/quartus/libraries/megafunctions/addcore.tdf     ;
; a_csnbuffer.tdf                  ; yes             ; Megafunction    ; c:/altera/91sp1/quartus/libraries/megafunctions/a_csnbuffer.tdf ;
; altshift.tdf                     ; yes             ; Megafunction    ; c:/altera/91sp1/quartus/libraries/megafunctions/altshift.tdf    ;
+----------------------------------+-----------------+-----------------+-----------------------------------------------------------------+


+-----------------------------------------------------+
; Analysis & Synthesis Resource Usage Summary         ;
+---------------------------------------------+-------+
; Resource                                    ; Usage ;
+---------------------------------------------+-------+
; Total logic elements                        ; 452   ;
;     -- Combinational with no register       ; 251   ;
;     -- Register only                        ; 145   ;
;     -- Combinational with a register        ; 56    ;
;                                             ;       ;
; Logic element usage by number of LUT inputs ;       ;
;     -- 4 input functions                    ; 68    ;
;     -- 3 input functions                    ; 79    ;
;     -- 2 input functions                    ; 152   ;
;     -- 1 input functions                    ; 7     ;
;     -- 0 input functions                    ; 1     ;
;                                             ;       ;
; Logic elements by mode                      ;       ;
;     -- normal mode                          ; 282   ;
;     -- arithmetic mode                      ; 170   ;
;     -- qfbk mode                            ; 0     ;
;     -- register cascade mode                ; 0     ;
;     -- synchronous clear/load mode          ; 0     ;
;     -- asynchronous clear/load mode         ; 24    ;
;                                             ;       ;
; Total registers                             ; 201   ;
; Total logic cells in carry chains           ; 177   ;
; I/O pins                                    ; 14    ;
; Maximum fan-out node                        ; clk66 ;
; Maximum fan-out                             ; 133   ;
; Total fan-out                               ; 1213  ;
; Average fan-out                             ; 2.60  ;
+---------------------------------------------+-------+


+-------------------------------------------------------------------------------------------------------------------------------------------------------------------------------------------------------------------------------------------------------------------------------------------------------------------------------------+
; Analysis & Synthesis Resource Utilization by Entity                                                                                                                                                                                                                                                                                 ;
+---------------------------------------------+-------------+--------------+------------+------+--------------+--------------+-------------------+------------------+-----------------+------------+-------------------------------------------------------------------------------------------------------------------+--------------+
; Compilation Hierarchy Node                  ; Logic Cells ; LC Registers ; UFM Blocks ; Pins ; Virtual Pins ; LUT-Only LCs ; Register-Only LCs ; LUT/Register LCs ; Carry Chain LCs ; Packed LCs ; Full Hierarchy Name                                                                                               ; Library Name ;
+---------------------------------------------+-------------+--------------+------------+------+--------------+--------------+-------------------+------------------+-----------------+------------+-------------------------------------------------------------------------------------------------------------------+--------------+
; |TOP                                        ; 452 (214)   ; 201          ; 0          ; 14   ; 0            ; 251 (111)    ; 145 (62)          ; 56 (41)          ; 177 (89)        ; 0 (0)      ; |TOP                                                                                                              ; work         ;
;    |ADC_INTERFACE:ADC|                      ; 43 (43)     ; 32           ; 0          ; 0    ; 0            ; 11 (11)      ; 29 (29)           ; 3 (3)            ; 4 (4)           ; 0 (0)      ; |TOP|ADC_INTERFACE:ADC                                                                                            ; work         ;
;    |PULSOS:CONVERSOES|                      ; 75 (75)     ; 33           ; 0          ; 0    ; 0            ; 42 (42)      ; 23 (23)           ; 10 (10)          ; 32 (32)         ; 0 (0)      ; |TOP|PULSOS:CONVERSOES                                                                                            ; work         ;
;    |PULSOS:DIV_FREQ|                        ; 75 (75)     ; 33           ; 0          ; 0    ; 0            ; 42 (42)      ; 31 (31)           ; 2 (2)            ; 32 (32)         ; 0 (0)      ; |TOP|PULSOS:DIV_FREQ                                                                                              ; work         ;
;    |lpm_mult:Mult0|                         ; 45 (0)      ; 0            ; 0          ; 0    ; 0            ; 45 (0)       ; 0 (0)             ; 0 (0)            ; 20 (0)          ; 0 (0)      ; |TOP|lpm_mult:Mult0                                                                                               ; work         ;
;       |multcore:mult_core|                  ; 45 (25)     ; 0            ; 0          ; 0    ; 0            ; 45 (25)      ; 0 (0)             ; 0 (0)            ; 20 (0)          ; 0 (0)      ; |TOP|lpm_mult:Mult0|multcore:mult_core                                                                            ; work         ;
;          |mpar_add:padder|                  ; 20 (0)      ; 0            ; 0          ; 0    ; 0            ; 20 (0)       ; 0 (0)             ; 0 (0)            ; 20 (0)          ; 0 (0)      ; |TOP|lpm_mult:Mult0|multcore:mult_core|mpar_add:padder                                                            ; work         ;
;             |lpm_add_sub:adder[0]|          ; 20 (0)      ; 0            ; 0          ; 0    ; 0            ; 20 (0)       ; 0 (0)             ; 0 (0)            ; 20 (0)          ; 0 (0)      ; |TOP|lpm_mult:Mult0|multcore:mult_core|mpar_add:padder|lpm_add_sub:adder[0]                                       ; work         ;
;                |addcore:adder|              ; 20 (0)      ; 0            ; 0          ; 0    ; 0            ; 20 (0)       ; 0 (0)             ; 0 (0)            ; 20 (0)          ; 0 (0)      ; |TOP|lpm_mult:Mult0|multcore:mult_core|mpar_add:padder|lpm_add_sub:adder[0]|addcore:adder                         ; work         ;
;                   |a_csnbuffer:result_node| ; 20 (20)     ; 0            ; 0          ; 0    ; 0            ; 20 (20)      ; 0 (0)             ; 0 (0)            ; 20 (20)         ; 0 (0)      ; |TOP|lpm_mult:Mult0|multcore:mult_core|mpar_add:padder|lpm_add_sub:adder[0]|addcore:adder|a_csnbuffer:result_node ; work         ;
+---------------------------------------------+-------------+--------------+------------+------+--------------+--------------+-------------------+------------------+-----------------+------------+-------------------------------------------------------------------------------------------------------------------+--------------+
Note: For table entries with two numbers listed, the numbers in parentheses indicate the number of resources of the given type used by the specific entity alone. The numbers listed outside of parentheses indicate the total resources of the given type used by the specific entity and all of its sub-entities in the hierarchy.


+---------------------------------------------------------------------------------+
; Registers Removed During Synthesis                                              ;
+----------------------------------------+----------------------------------------+
; Register name                          ; Reason for Removal                     ;
+----------------------------------------+----------------------------------------+
; aux[8..30]                             ; Stuck at GND due to stuck port data_in ;
; duty_l[25..30]                         ; Stuck at GND due to stuck port data_in ;
; duty_l[23]                             ; Merged with duty_l[24]                 ;
; Total Number of Removed Registers = 30 ;                                        ;
+----------------------------------------+----------------------------------------+


+--------------------------------------------------------------------------------------------------------------------+
; Removed Registers Triggering Further Register Optimizations                                                        ;
+---------------+---------------------------+------------------------------------------------------------------------+
; Register name ; Reason for Removal        ; Registers Removed due to This Register                                 ;
+---------------+---------------------------+------------------------------------------------------------------------+
; aux[8]        ; Stuck at GND              ; duty_l[25], duty_l[26], duty_l[27], duty_l[28], duty_l[29], duty_l[30] ;
;               ; due to stuck port data_in ;                                                                        ;
+---------------+---------------------------+------------------------------------------------------------------------+


+------------------------------------------------------+
; General Register Statistics                          ;
+----------------------------------------------+-------+
; Statistic                                    ; Value ;
+----------------------------------------------+-------+
; Total registers                              ; 201   ;
; Number of registers using Synchronous Clear  ; 0     ;
; Number of registers using Synchronous Load   ; 0     ;
; Number of registers using Asynchronous Clear ; 24    ;
; Number of registers using Asynchronous Load  ; 0     ;
; Number of registers using Clock Enable       ; 16    ;
; Number of registers using Preset             ; 0     ;
+----------------------------------------------+-------+


+--------------------------------------------------+
; Inverted Register Statistics                     ;
+----------------------------------------+---------+
; Inverted Register                      ; Fan out ;
+----------------------------------------+---------+
; aux[31]                                ; 1       ;
; aux[0]                                 ; 15      ;
; Total number of inverted registers = 2 ;         ;
+----------------------------------------+---------+


+-------------------------------------------------------------------------------------------------------------+
; Source assignments for lpm_mult:Mult0|multcore:mult_core|mpar_add:padder|lpm_add_sub:adder[3]|addcore:adder ;
+---------------------------+-------+------+------------------------------------------------------------------+
; Assignment                ; Value ; From ; To                                                               ;
+---------------------------+-------+------+------------------------------------------------------------------+
; SUPPRESS_DA_RULE_INTERNAL ; A103  ; -    ; -                                                                ;
+---------------------------+-------+------+------------------------------------------------------------------+


+-------------------------------------------------------------------------------------------------------------+
; Source assignments for lpm_mult:Mult0|multcore:mult_core|mpar_add:padder|lpm_add_sub:adder[2]|addcore:adder ;
+---------------------------+-------+------+------------------------------------------------------------------+
; Assignment                ; Value ; From ; To                                                               ;
+---------------------------+-------+------+------------------------------------------------------------------+
; SUPPRESS_DA_RULE_INTERNAL ; A103  ; -    ; -                                                                ;
+---------------------------+-------+------+------------------------------------------------------------------+


+-------------------------------------------------------------------------------------------------------------+
; Source assignments for lpm_mult:Mult0|multcore:mult_core|mpar_add:padder|lpm_add_sub:adder[1]|addcore:adder ;
+---------------------------+-------+------+------------------------------------------------------------------+
; Assignment                ; Value ; From ; To                                                               ;
+---------------------------+-------+------+------------------------------------------------------------------+
; SUPPRESS_DA_RULE_INTERNAL ; A103  ; -    ; -                                                                ;
+---------------------------+-------+------+------------------------------------------------------------------+


+-------------------------------------------------------------------------------------------------------------+
; Source assignments for lpm_mult:Mult0|multcore:mult_core|mpar_add:padder|lpm_add_sub:adder[0]|addcore:adder ;
+---------------------------+-------+------+------------------------------------------------------------------+
; Assignment                ; Value ; From ; To                                                               ;
+---------------------------+-------+------+------------------------------------------------------------------+
; SUPPRESS_DA_RULE_INTERNAL ; A103  ; -    ; -                                                                ;
+---------------------------+-------+------+------------------------------------------------------------------+


+----------------------------------------------------------------------------------------------------------------------------------+
; Source assignments for lpm_mult:Mult0|multcore:mult_core|mpar_add:padder|mpar_add:sub_par_add|lpm_add_sub:adder[1]|addcore:adder ;
+---------------------------+-------+------+---------------------------------------------------------------------------------------+
; Assignment                ; Value ; From ; To                                                                                    ;
+---------------------------+-------+------+---------------------------------------------------------------------------------------+
; SUPPRESS_DA_RULE_INTERNAL ; A103  ; -    ; -                                                                                     ;
+---------------------------+-------+------+---------------------------------------------------------------------------------------+


+----------------------------------------------------------------------------------------------------------------------------------+
; Source assignments for lpm_mult:Mult0|multcore:mult_core|mpar_add:padder|mpar_add:sub_par_add|lpm_add_sub:adder[0]|addcore:adder ;
+---------------------------+-------+------+---------------------------------------------------------------------------------------+
; Assignment                ; Value ; From ; To                                                                                    ;
+---------------------------+-------+------+---------------------------------------------------------------------------------------+
; SUPPRESS_DA_RULE_INTERNAL ; A103  ; -    ; -                                                                                     ;
+---------------------------+-------+------+---------------------------------------------------------------------------------------+


+-------------------------------------------------------------------------------------------------------------------------------------------------------+
; Source assignments for lpm_mult:Mult0|multcore:mult_core|mpar_add:padder|mpar_add:sub_par_add|mpar_add:sub_par_add|lpm_add_sub:adder[0]|addcore:adder ;
+---------------------------+-------+------+------------------------------------------------------------------------------------------------------------+
; Assignment                ; Value ; From ; To                                                                                                         ;
+---------------------------+-------+------+------------------------------------------------------------------------------------------------------------+
; SUPPRESS_DA_RULE_INTERNAL ; A103  ; -    ; -                                                                                                          ;
+---------------------------+-------+------+------------------------------------------------------------------------------------------------------------+


+--------------------------------------------------------------+
; Parameter Settings for User Entity Instance: PULSOS:DIV_FREQ ;
+----------------+-------+-------------------------------------+
; Parameter Name ; Value ; Type                                ;
+----------------+-------+-------------------------------------+
; contagem       ; 128   ; Signed Integer                      ;
+----------------+-------+-------------------------------------+
Note: In order to hide this table in the UI and the text report file, please set the "Show Parameter Settings Tables in Synthesis Report" option in "Analysis and Synthesis Settings -> More Settings" to "Off".


+----------------------------------------------------------------+
; Parameter Settings for User Entity Instance: PULSOS:CONVERSOES ;
+----------------+---------+-------------------------------------+
; Parameter Name ; Value   ; Type                                ;
+----------------+---------+-------------------------------------+
; contagem       ; 1333333 ; Signed Integer                      ;
+----------------+---------+-------------------------------------+
Note: In order to hide this table in the UI and the text report file, please set the "Show Parameter Settings Tables in Synthesis Report" option in "Analysis and Synthesis Settings -> More Settings" to "Off".


+--------------------------------------------------------------------------------+
; Parameter Settings for Inferred Entity Instance: lpm_mult:Mult0                ;
+------------------------------------------------+---------+---------------------+
; Parameter Name                                 ; Value   ; Type                ;
+------------------------------------------------+---------+---------------------+
; AUTO_CARRY_CHAINS                              ; ON      ; AUTO_CARRY          ;
; IGNORE_CARRY_BUFFERS                           ; OFF     ; IGNORE_CARRY        ;
; AUTO_CASCADE_CHAINS                            ; ON      ; AUTO_CASCADE        ;
; IGNORE_CASCADE_BUFFERS                         ; OFF     ; IGNORE_CASCADE      ;
; LPM_WIDTHA                                     ; 16      ; Untyped             ;
; LPM_WIDTHB                                     ; 32      ; Untyped             ;
; LPM_WIDTHP                                     ; 48      ; Untyped             ;
; LPM_WIDTHR                                     ; 48      ; Untyped             ;
; LPM_WIDTHS                                     ; 1       ; Untyped             ;
; LPM_REPRESENTATION                             ; SIGNED  ; Untyped             ;
; LPM_PIPELINE                                   ; 0       ; Untyped             ;
; LATENCY                                        ; 0       ; Untyped             ;
; INPUT_A_IS_CONSTANT                            ; YES     ; Untyped             ;
; INPUT_B_IS_CONSTANT                            ; NO      ; Untyped             ;
; USE_EAB                                        ; OFF     ; Untyped             ;
; MAXIMIZE_SPEED                                 ; 5       ; Untyped             ;
; DEVICE_FAMILY                                  ; MAX II  ; Untyped             ;
; CARRY_CHAIN                                    ; MANUAL  ; Untyped             ;
; APEX20K_TECHNOLOGY_MAPPER                      ; LUT     ; TECH_MAPPER_APEX20K ;
; DEDICATED_MULTIPLIER_CIRCUITRY                 ; AUTO    ; Untyped             ;
; DEDICATED_MULTIPLIER_MIN_INPUT_WIDTH_FOR_AUTO  ; 0       ; Untyped             ;
; DEDICATED_MULTIPLIER_MIN_OUTPUT_WIDTH_FOR_AUTO ; 0       ; Untyped             ;
; CBXI_PARAMETER                                 ; NOTHING ; Untyped             ;
; INPUT_A_FIXED_VALUE                            ; Bx      ; Untyped             ;
; INPUT_B_FIXED_VALUE                            ; Bx      ; Untyped             ;
; USE_AHDL_IMPLEMENTATION                        ; OFF     ; Untyped             ;
+------------------------------------------------+---------+---------------------+
Note: In order to hide this table in the UI and the text report file, please set the "Show Parameter Settings Tables in Synthesis Report" option in "Analysis and Synthesis Settings -> More Settings" to "Off".


+--------------------------------------------------------+
; lpm_mult Parameter Settings by Entity Instance         ;
+---------------------------------------+----------------+
; Name                                  ; Value          ;
+---------------------------------------+----------------+
; Number of entity instances            ; 1              ;
; Entity Instance                       ; lpm_mult:Mult0 ;
;     -- LPM_WIDTHA                     ; 16             ;
;     -- LPM_WIDTHB                     ; 32             ;
;     -- LPM_WIDTHP                     ; 48             ;
;     -- LPM_REPRESENTATION             ; SIGNED         ;
;     -- INPUT_A_IS_CONSTANT            ; YES            ;
;     -- INPUT_B_IS_CONSTANT            ; NO             ;
;     -- USE_EAB                        ; OFF            ;
;     -- DEDICATED_MULTIPLIER_CIRCUITRY ; AUTO           ;
;     -- INPUT_A_FIXED_VALUE            ; Bx             ;
;     -- INPUT_B_FIXED_VALUE            ; Bx             ;
+---------------------------------------+----------------+


+-----------------------------------------------+
; Port Connectivity Checks: "ADC_INTERFACE:ADC" ;
+------------+-------+----------+---------------+
; Port       ; Type  ; Severity ; Details       ;
+------------+-------+----------+---------------+
; mod_enable ; Input ; Info     ; Stuck at VCC  ;
+------------+-------+----------+---------------+


+-----------------------------------------------------------------------------------------------------------------+
; Port Connectivity Checks: "MAQUINA_DE_ESTADOS:FILTRO"                                                           ;
+-------+--------+----------+-------------------------------------------------------------------------------------+
; Port  ; Type   ; Severity ; Details                                                                             ;
+-------+--------+----------+-------------------------------------------------------------------------------------+
; saida ; Output ; Info     ; Connected to dangling logic. Logic that only feeds a dangling port will be removed. ;
+-------+--------+----------+-------------------------------------------------------------------------------------+


+-------------------------------+
; Analysis & Synthesis Messages ;
+-------------------------------+
Info: *******************************************************************
Info: Running Quartus II Analysis & Synthesis
    Info: Version 9.1 Build 304 01/25/2010 Service Pack 1 SJ Web Edition
    Info: Processing started: Tue Nov 03 11:58:51 2015
Info: Command: quartus_map --read_settings_files=on --write_settings_files=off pratica6_conversor_ad -c TOP
Info: Found 7 design units, including 3 entities, in source file conversor.vhd
    Info: Found design unit 1: ADC_INTERFACE-ADC_CONT
    Info: Found design unit 2: MAQUINA_DE_ESTADOS-arc
    Info: Found design unit 3: PULSOS-arc
    Info: Found design unit 4: pacotin
    Info: Found entity 1: ADC_INTERFACE
    Info: Found entity 2: MAQUINA_DE_ESTADOS
    Info: Found entity 3: PULSOS
Info: Found 2 design units, including 1 entities, in source file top.vhd
    Info: Found design unit 1: TOP-arc
    Info: Found entity 1: TOP
Info: Elaborating entity "TOP" for the top level hierarchy
Warning (10036): Verilog HDL or VHDL warning at TOP.vhd(22): object "btn" assigned a value but never read
Warning (10492): VHDL Process Statement warning at TOP.vhd(71): signal "clk66" is read inside the Process Statement but isn't in the Process Statement's sensitivity list
Warning (10492): VHDL Process Statement warning at TOP.vhd(79): signal "clk66" is read inside the Process Statement but isn't in the Process Statement's sensitivity list
Warning (10631): VHDL Process Statement warning at TOP.vhd(52): inferring latch(es) for signal or variable "enable", which holds its previous value in one or more paths through the process
Info (10041): Inferred latch for "enable" at TOP.vhd(52)
Info: Elaborating entity "MAQUINA_DE_ESTADOS" for hierarchy "MAQUINA_DE_ESTADOS:FILTRO"
Info: Elaborating entity "PULSOS" for hierarchy "PULSOS:DIV_FREQ"
Info: Elaborating entity "ADC_INTERFACE" for hierarchy "ADC_INTERFACE:ADC"
Info: Elaborating entity "PULSOS" for hierarchy "PULSOS:CONVERSOES"
Info: Inferred 1 megafunctions from design logic
    Info: Inferred multiplier megafunction ("lpm_mult") from the following logic: "Mult0"
Info: Elaborated megafunction instantiation "lpm_mult:Mult0"
Info: Instantiated megafunction "lpm_mult:Mult0" with the following parameter:
    Info: Parameter "LPM_WIDTHA" = "16"
    Info: Parameter "LPM_WIDTHB" = "32"
    Info: Parameter "LPM_WIDTHP" = "48"
    Info: Parameter "LPM_WIDTHR" = "48"
    Info: Parameter "LPM_WIDTHS" = "1"
    Info: Parameter "LPM_REPRESENTATION" = "SIGNED"
    Info: Parameter "INPUT_A_IS_CONSTANT" = "YES"
    Info: Parameter "INPUT_B_IS_CONSTANT" = "NO"
    Info: Parameter "MAXIMIZE_SPEED" = "5"
Info: Elaborated megafunction instantiation "lpm_mult:Mult0|multcore:mult_core", which is child of megafunction instantiation "lpm_mult:Mult0"
Info: Elaborated megafunction instantiation "lpm_mult:Mult0|multcore:mult_core|mpar_add:padder", which is child of megafunction instantiation "lpm_mult:Mult0"
Info: Elaborated megafunction instantiation "lpm_mult:Mult0|multcore:mult_core|mpar_add:padder|lpm_add_sub:adder[3]", which is child of megafunction instantiation "lpm_mult:Mult0"
Info: Elaborated megafunction instantiation "lpm_mult:Mult0|multcore:mult_core|mpar_add:padder|lpm_add_sub:adder[3]|addcore:adder", which is child of megafunction instantiation "lpm_mult:Mult0"
Info: Elaborated megafunction instantiation "lpm_mult:Mult0|multcore:mult_core|mpar_add:padder|lpm_add_sub:adder[3]|addcore:adder|a_csnbuffer:oflow_node", which is child of megafunction instantiation "lpm_mult:Mult0"
Info: Elaborated megafunction instantiation "lpm_mult:Mult0|multcore:mult_core|mpar_add:padder|lpm_add_sub:adder[3]|addcore:adder|a_csnbuffer:result_node", which is child of megafunction instantiation "lpm_mult:Mult0"
Info: Elaborated megafunction instantiation "lpm_mult:Mult0|multcore:mult_core|mpar_add:padder|lpm_add_sub:adder[3]|altshift:result_ext_latency_ffs", which is child of megafunction instantiation "lpm_mult:Mult0"
Info: Elaborated megafunction instantiation "lpm_mult:Mult0|multcore:mult_core|mpar_add:padder|lpm_add_sub:adder[3]|altshift:carry_ext_latency_ffs", which is child of megafunction instantiation "lpm_mult:Mult0"
Warning: Variable or input pin "clock" is defined but never used
Warning: Variable or input pin "aclr" is defined but never used
Warning: Variable or input pin "clken" is defined but never used
Info: Elaborated megafunction instantiation "lpm_mult:Mult0|multcore:mult_core|mpar_add:padder|lpm_add_sub:adder[3]|altshift:oflow_ext_latency_ffs", which is child of megafunction instantiation "lpm_mult:Mult0"
Info: Elaborated megafunction instantiation "lpm_mult:Mult0|multcore:mult_core|mpar_add:padder|lpm_add_sub:adder[2]", which is child of megafunction instantiation "lpm_mult:Mult0"
Info: Elaborated megafunction instantiation "lpm_mult:Mult0|multcore:mult_core|mpar_add:padder|lpm_add_sub:adder[2]|addcore:adder", which is child of megafunction instantiation "lpm_mult:Mult0"
Info: Elaborated megafunction instantiation "lpm_mult:Mult0|multcore:mult_core|mpar_add:padder|mpar_add:sub_par_add", which is child of megafunction instantiation "lpm_mult:Mult0"
Info: Elaborated megafunction instantiation "lpm_mult:Mult0|multcore:mult_core|mpar_add:padder|mpar_add:sub_par_add|lpm_add_sub:adder[1]", which is child of megafunction instantiation "lpm_mult:Mult0"
Info: Elaborated megafunction instantiation "lpm_mult:Mult0|multcore:mult_core|mpar_add:padder|mpar_add:sub_par_add|lpm_add_sub:adder[1]|addcore:adder", which is child of megafunction instantiation "lpm_mult:Mult0"
Info: Elaborated megafunction instantiation "lpm_mult:Mult0|multcore:mult_core|mpar_add:padder|mpar_add:sub_par_add|lpm_add_sub:adder[1]|addcore:adder|a_csnbuffer:oflow_node", which is child of megafunction instantiation "lpm_mult:Mult0"
Info: Elaborated megafunction instantiation "lpm_mult:Mult0|multcore:mult_core|mpar_add:padder|mpar_add:sub_par_add|lpm_add_sub:adder[1]|addcore:adder|a_csnbuffer:result_node", which is child of megafunction instantiation "lpm_mult:Mult0"
Info: Elaborated megafunction instantiation "lpm_mult:Mult0|multcore:mult_core|mpar_add:padder|mpar_add:sub_par_add|lpm_add_sub:adder[1]|altshift:result_ext_latency_ffs", which is child of megafunction instantiation "lpm_mult:Mult0"
Info: Elaborated megafunction instantiation "lpm_mult:Mult0|multcore:mult_core|mpar_add:padder|mpar_add:sub_par_add|lpm_add_sub:adder[0]", which is child of megafunction instantiation "lpm_mult:Mult0"
Info: Elaborated megafunction instantiation "lpm_mult:Mult0|multcore:mult_core|mpar_add:padder|mpar_add:sub_par_add|lpm_add_sub:adder[0]|addcore:adder", which is child of megafunction instantiation "lpm_mult:Mult0"
Info: Elaborated megafunction instantiation "lpm_mult:Mult0|multcore:mult_core|mpar_add:padder|mpar_add:sub_par_add|mpar_add:sub_par_add", which is child of megafunction instantiation "lpm_mult:Mult0"
Info: Elaborated megafunction instantiation "lpm_mult:Mult0|multcore:mult_core|mpar_add:padder|mpar_add:sub_par_add|mpar_add:sub_par_add|lpm_add_sub:adder[0]", which is child of megafunction instantiation "lpm_mult:Mult0"
Info: Elaborated megafunction instantiation "lpm_mult:Mult0|multcore:mult_core|mpar_add:padder|mpar_add:sub_par_add|mpar_add:sub_par_add|lpm_add_sub:adder[0]|addcore:adder", which is child of megafunction instantiation "lpm_mult:Mult0"
Info: Elaborated megafunction instantiation "lpm_mult:Mult0|multcore:mult_core|mpar_add:padder|mpar_add:sub_par_add|mpar_add:sub_par_add|lpm_add_sub:adder[0]|addcore:adder|a_csnbuffer:oflow_node", which is child of megafunction instantiation "lpm_mult:Mult0"
Info: Elaborated megafunction instantiation "lpm_mult:Mult0|multcore:mult_core|mpar_add:padder|mpar_add:sub_par_add|mpar_add:sub_par_add|lpm_add_sub:adder[0]|addcore:adder|a_csnbuffer:result_node", which is child of megafunction instantiation "lpm_mult:Mult0"
Info: Elaborated megafunction instantiation "lpm_mult:Mult0|multcore:mult_core|mpar_add:padder|mpar_add:sub_par_add|mpar_add:sub_par_add|lpm_add_sub:adder[0]|altshift:result_ext_latency_ffs", which is child of megafunction instantiation "lpm_mult:Mult0"
Info: Elaborated megafunction instantiation "lpm_mult:Mult0|altshift:external_latency_ffs", which is child of megafunction instantiation "lpm_mult:Mult0"
Warning: Output pins are stuck at VCC or GND
    Warning (13410): Pin "ADC_CSN" is stuck at GND
    Warning (13410): Pin "ADC_SHDN" is stuck at VCC
    Warning (13410): Pin "sc_ena" is stuck at VCC
Warning: Design contains 1 input pin(s) that do not drive logic
    Warning (15610): No output dependent on input pin "botao"
Info: Implemented 466 device resources after synthesis - the final resource count might be different
    Info: Implemented 4 input pins
    Info: Implemented 10 output pins
    Info: Implemented 452 logic cells
Info: Quartus II Analysis & Synthesis was successful. 0 errors, 13 warnings
    Info: Peak virtual memory: 245 megabytes
    Info: Processing ended: Tue Nov 03 11:59:03 2015
    Info: Elapsed time: 00:00:12
    Info: Total CPU time (on all processors): 00:00:13


