Classic Timing Analyzer report for TOP
Tue Oct 27 15:00:38 2015
Quartus II Version 9.1 Build 304 01/25/2010 Service Pack 1 SJ Web Edition


---------------------
; Table of Contents ;
---------------------
  1. Legal Notice
  2. Timing Analyzer Summary
  3. Timing Analyzer Settings
  4. Clock Settings Summary
  5. Parallel Compilation
  6. Clock Setup: 'clk66'
  7. tsu
  8. tco
  9. th
 10. Timing Analyzer Messages



----------------
; Legal Notice ;
----------------
Copyright (C) 1991-2010 Altera Corporation
Your use of Altera Corporation's design tools, logic functions 
and other software and tools, and its AMPP partner logic 
functions, and any output files from any of the foregoing 
(including device programming or simulation files), and any 
associated documentation or information are expressly subject 
to the terms and conditions of the Altera Program License 
Subscription Agreement, Altera MegaCore Function License 
Agreement, or other applicable license agreement, including, 
without limitation, that your use is for the sole purpose of 
programming logic devices manufactured by Altera and sold by 
Altera or its authorized distributors.  Please refer to the 
applicable agreement for further details.



+-----------------------------------------------------------------------------------------------------------------------------------------------------------------------------+
; Timing Analyzer Summary                                                                                                                                                     ;
+------------------------------+-------+---------------+----------------------------------+----------+---------------------------------+------------+----------+--------------+
; Type                         ; Slack ; Required Time ; Actual Time                      ; From     ; To                              ; From Clock ; To Clock ; Failed Paths ;
+------------------------------+-------+---------------+----------------------------------+----------+---------------------------------+------------+----------+--------------+
; Worst-case tsu               ; N/A   ; None          ; -0.741 ns                        ; botao    ; ADC_INTERFACE:ADC|DATA[4]       ; --         ; clk66    ; 0            ;
; Worst-case tco               ; N/A   ; None          ; 15.080 ns                        ; L3~reg0  ; L3                              ; clk66      ; --       ; 0            ;
; Worst-case th                ; N/A   ; None          ; 4.367 ns                         ; ADC_DATA ; ADC_INTERFACE:ADC|DIG_RESULT[0] ; --         ; clk66    ; 0            ;
; Clock Setup: 'clk66'         ; N/A   ; None          ; 62.64 MHz ( period = 15.965 ns ) ; c[5]     ; L4~reg0                         ; clk66      ; clk66    ; 0            ;
; Total number of failed paths ;       ;               ;                                  ;          ;                                 ;            ;          ; 0            ;
+------------------------------+-------+---------------+----------------------------------+----------+---------------------------------+------------+----------+--------------+


+-----------------------------------------------------------------------------------------------------------------------------------------------------+
; Timing Analyzer Settings                                                                                                                            ;
+------------------------------------------------------------------------------------------------------+--------------------+------+----+-------------+
; Option                                                                                               ; Setting            ; From ; To ; Entity Name ;
+------------------------------------------------------------------------------------------------------+--------------------+------+----+-------------+
; Device Name                                                                                          ; EPM1270F256C5      ;      ;    ;             ;
; Timing Models                                                                                        ; Final              ;      ;    ;             ;
; Default hold multicycle                                                                              ; Same as Multicycle ;      ;    ;             ;
; Cut paths between unrelated clock domains                                                            ; On                 ;      ;    ;             ;
; Cut off read during write signal paths                                                               ; On                 ;      ;    ;             ;
; Cut off feedback from I/O pins                                                                       ; On                 ;      ;    ;             ;
; Report Combined Fast/Slow Timing                                                                     ; Off                ;      ;    ;             ;
; Ignore Clock Settings                                                                                ; Off                ;      ;    ;             ;
; Analyze latches as synchronous elements                                                              ; On                 ;      ;    ;             ;
; Enable Recovery/Removal analysis                                                                     ; Off                ;      ;    ;             ;
; Enable Clock Latency                                                                                 ; Off                ;      ;    ;             ;
; Use TimeQuest Timing Analyzer                                                                        ; Off                ;      ;    ;             ;
; Minimum Core Junction Temperature                                                                    ; 0                  ;      ;    ;             ;
; Maximum Core Junction Temperature                                                                    ; 85                 ;      ;    ;             ;
; Number of source nodes to report per destination node                                                ; 10                 ;      ;    ;             ;
; Number of destination nodes to report                                                                ; 10                 ;      ;    ;             ;
; Number of paths to report                                                                            ; 200                ;      ;    ;             ;
; Report Minimum Timing Checks                                                                         ; Off                ;      ;    ;             ;
; Use Fast Timing Models                                                                               ; Off                ;      ;    ;             ;
; Report IO Paths Separately                                                                           ; Off                ;      ;    ;             ;
; Perform Multicorner Analysis                                                                         ; Off                ;      ;    ;             ;
; Reports the worst-case path for each clock domain and analysis                                       ; Off                ;      ;    ;             ;
; Reports worst-case timing paths for each clock domain and analysis                                   ; On                 ;      ;    ;             ;
; Specifies the maximum number of worst-case timing paths to report for each clock domain and analysis ; 100                ;      ;    ;             ;
; Removes common clock path pessimism (CCPP) during slack computation                                  ; Off                ;      ;    ;             ;
; Output I/O Timing Endpoint                                                                           ; Near End           ;      ;    ;             ;
+------------------------------------------------------------------------------------------------------+--------------------+------+----+-------------+


+------------------------------------------------------------------------------------------------------------------------------------------------------------------------------------+
; Clock Settings Summary                                                                                                                                                             ;
+-----------------+--------------------+----------+------------------+---------------+--------------+----------+-----------------------+---------------------+--------+--------------+
; Clock Node Name ; Clock Setting Name ; Type     ; Fmax Requirement ; Early Latency ; Late Latency ; Based on ; Multiply Base Fmax by ; Divide Base Fmax by ; Offset ; Phase offset ;
+-----------------+--------------------+----------+------------------+---------------+--------------+----------+-----------------------+---------------------+--------+--------------+
; clk66           ;                    ; User Pin ; None             ; 0.000 ns      ; 0.000 ns     ; --       ; N/A                   ; N/A                 ; N/A    ;              ;
+-----------------+--------------------+----------+------------------+---------------+--------------+----------+-----------------------+---------------------+--------+--------------+


Parallel compilation was disabled, but you have multiple processors available. Enable parallel compilation to reduce compilation time.
+-------------------------------------+
; Parallel Compilation                ;
+----------------------------+--------+
; Processors                 ; Number ;
+----------------------------+--------+
; Number detected on machine ; 2      ;
; Maximum allowed            ; 1      ;
+----------------------------+--------+


+------------------------------------------------------------------------------------------------------------------------------------------------------------------------------------------------------------------------------------------------------------------+
; Clock Setup: 'clk66'                                                                                                                                                                                                                                             ;
+-----------------------------------------+-----------------------------------------------------+--------------------------+---------------------------+------------+----------+-----------------------------+---------------------------+-------------------------+
; Slack                                   ; Actual fmax (period)                                ; From                     ; To                        ; From Clock ; To Clock ; Required Setup Relationship ; Required Longest P2P Time ; Actual Longest P2P Time ;
+-----------------------------------------+-----------------------------------------------------+--------------------------+---------------------------+------------+----------+-----------------------------+---------------------------+-------------------------+
; N/A                                     ; 62.64 MHz ( period = 15.965 ns )                    ; c[5]                     ; L2~reg0                   ; clk66      ; clk66    ; None                        ; None                      ; 15.256 ns               ;
; N/A                                     ; 62.64 MHz ( period = 15.965 ns )                    ; c[5]                     ; L3~reg0                   ; clk66      ; clk66    ; None                        ; None                      ; 15.256 ns               ;
; N/A                                     ; 62.64 MHz ( period = 15.965 ns )                    ; c[5]                     ; L4~reg0                   ; clk66      ; clk66    ; None                        ; None                      ; 15.256 ns               ;
; N/A                                     ; 62.70 MHz ( period = 15.948 ns )                    ; c[4]                     ; L2~reg0                   ; clk66      ; clk66    ; None                        ; None                      ; 15.239 ns               ;
; N/A                                     ; 62.70 MHz ( period = 15.948 ns )                    ; c[4]                     ; L3~reg0                   ; clk66      ; clk66    ; None                        ; None                      ; 15.239 ns               ;
; N/A                                     ; 62.70 MHz ( period = 15.948 ns )                    ; c[4]                     ; L4~reg0                   ; clk66      ; clk66    ; None                        ; None                      ; 15.239 ns               ;
; N/A                                     ; 62.84 MHz ( period = 15.913 ns )                    ; c[6]                     ; L2~reg0                   ; clk66      ; clk66    ; None                        ; None                      ; 15.204 ns               ;
; N/A                                     ; 62.84 MHz ( period = 15.913 ns )                    ; c[6]                     ; L3~reg0                   ; clk66      ; clk66    ; None                        ; None                      ; 15.204 ns               ;
; N/A                                     ; 62.84 MHz ( period = 15.913 ns )                    ; c[6]                     ; L4~reg0                   ; clk66      ; clk66    ; None                        ; None                      ; 15.204 ns               ;
; N/A                                     ; 63.10 MHz ( period = 15.849 ns )                    ; c[7]                     ; L2~reg0                   ; clk66      ; clk66    ; None                        ; None                      ; 15.140 ns               ;
; N/A                                     ; 63.10 MHz ( period = 15.849 ns )                    ; c[7]                     ; L3~reg0                   ; clk66      ; clk66    ; None                        ; None                      ; 15.140 ns               ;
; N/A                                     ; 63.10 MHz ( period = 15.849 ns )                    ; c[7]                     ; L4~reg0                   ; clk66      ; clk66    ; None                        ; None                      ; 15.140 ns               ;
; N/A                                     ; 64.11 MHz ( period = 15.597 ns )                    ; c[12]                    ; L2~reg0                   ; clk66      ; clk66    ; None                        ; None                      ; 14.888 ns               ;
; N/A                                     ; 64.11 MHz ( period = 15.597 ns )                    ; c[12]                    ; L3~reg0                   ; clk66      ; clk66    ; None                        ; None                      ; 14.888 ns               ;
; N/A                                     ; 64.11 MHz ( period = 15.597 ns )                    ; c[12]                    ; L4~reg0                   ; clk66      ; clk66    ; None                        ; None                      ; 14.888 ns               ;
; N/A                                     ; 65.09 MHz ( period = 15.363 ns )                    ; c[5]                     ; c[4]                      ; clk66      ; clk66    ; None                        ; None                      ; 14.654 ns               ;
; N/A                                     ; 65.16 MHz ( period = 15.346 ns )                    ; c[4]                     ; c[4]                      ; clk66      ; clk66    ; None                        ; None                      ; 14.637 ns               ;
; N/A                                     ; 65.31 MHz ( period = 15.311 ns )                    ; c[6]                     ; c[4]                      ; clk66      ; clk66    ; None                        ; None                      ; 14.602 ns               ;
; N/A                                     ; 65.34 MHz ( period = 15.305 ns )                    ; c[15]                    ; L2~reg0                   ; clk66      ; clk66    ; None                        ; None                      ; 14.596 ns               ;
; N/A                                     ; 65.34 MHz ( period = 15.305 ns )                    ; c[15]                    ; L3~reg0                   ; clk66      ; clk66    ; None                        ; None                      ; 14.596 ns               ;
; N/A                                     ; 65.34 MHz ( period = 15.305 ns )                    ; c[15]                    ; L4~reg0                   ; clk66      ; clk66    ; None                        ; None                      ; 14.596 ns               ;
; N/A                                     ; 65.41 MHz ( period = 15.288 ns )                    ; c[8]                     ; L2~reg0                   ; clk66      ; clk66    ; None                        ; None                      ; 14.579 ns               ;
; N/A                                     ; 65.41 MHz ( period = 15.288 ns )                    ; c[8]                     ; L3~reg0                   ; clk66      ; clk66    ; None                        ; None                      ; 14.579 ns               ;
; N/A                                     ; 65.41 MHz ( period = 15.288 ns )                    ; c[8]                     ; L4~reg0                   ; clk66      ; clk66    ; None                        ; None                      ; 14.579 ns               ;
; N/A                                     ; 65.47 MHz ( period = 15.275 ns )                    ; c[5]                     ; c[3]                      ; clk66      ; clk66    ; None                        ; None                      ; 14.566 ns               ;
; N/A                                     ; 65.54 MHz ( period = 15.258 ns )                    ; c[4]                     ; c[3]                      ; clk66      ; clk66    ; None                        ; None                      ; 14.549 ns               ;
; N/A                                     ; 65.59 MHz ( period = 15.247 ns )                    ; c[7]                     ; c[4]                      ; clk66      ; clk66    ; None                        ; None                      ; 14.538 ns               ;
; N/A                                     ; 65.69 MHz ( period = 15.223 ns )                    ; c[6]                     ; c[3]                      ; clk66      ; clk66    ; None                        ; None                      ; 14.514 ns               ;
; N/A                                     ; 65.97 MHz ( period = 15.159 ns )                    ; c[7]                     ; c[3]                      ; clk66      ; clk66    ; None                        ; None                      ; 14.450 ns               ;
; N/A                                     ; 66.01 MHz ( period = 15.150 ns )                    ; c[14]                    ; L2~reg0                   ; clk66      ; clk66    ; None                        ; None                      ; 14.441 ns               ;
; N/A                                     ; 66.01 MHz ( period = 15.150 ns )                    ; c[14]                    ; L3~reg0                   ; clk66      ; clk66    ; None                        ; None                      ; 14.441 ns               ;
; N/A                                     ; 66.01 MHz ( period = 15.150 ns )                    ; c[14]                    ; L4~reg0                   ; clk66      ; clk66    ; None                        ; None                      ; 14.441 ns               ;
; N/A                                     ; 66.16 MHz ( period = 15.114 ns )                    ; c[11]                    ; L2~reg0                   ; clk66      ; clk66    ; None                        ; None                      ; 14.405 ns               ;
; N/A                                     ; 66.16 MHz ( period = 15.114 ns )                    ; c[11]                    ; L3~reg0                   ; clk66      ; clk66    ; None                        ; None                      ; 14.405 ns               ;
; N/A                                     ; 66.16 MHz ( period = 15.114 ns )                    ; c[11]                    ; L4~reg0                   ; clk66      ; clk66    ; None                        ; None                      ; 14.405 ns               ;
; N/A                                     ; 66.40 MHz ( period = 15.061 ns )                    ; c[13]                    ; L2~reg0                   ; clk66      ; clk66    ; None                        ; None                      ; 14.352 ns               ;
; N/A                                     ; 66.40 MHz ( period = 15.061 ns )                    ; c[13]                    ; L3~reg0                   ; clk66      ; clk66    ; None                        ; None                      ; 14.352 ns               ;
; N/A                                     ; 66.40 MHz ( period = 15.061 ns )                    ; c[13]                    ; L4~reg0                   ; clk66      ; clk66    ; None                        ; None                      ; 14.352 ns               ;
; N/A                                     ; 66.65 MHz ( period = 15.003 ns )                    ; c[9]                     ; L2~reg0                   ; clk66      ; clk66    ; None                        ; None                      ; 14.294 ns               ;
; N/A                                     ; 66.65 MHz ( period = 15.003 ns )                    ; c[9]                     ; L3~reg0                   ; clk66      ; clk66    ; None                        ; None                      ; 14.294 ns               ;
; N/A                                     ; 66.65 MHz ( period = 15.003 ns )                    ; c[9]                     ; L4~reg0                   ; clk66      ; clk66    ; None                        ; None                      ; 14.294 ns               ;
; N/A                                     ; 66.69 MHz ( period = 14.995 ns )                    ; c[12]                    ; c[4]                      ; clk66      ; clk66    ; None                        ; None                      ; 14.286 ns               ;
; N/A                                     ; 66.93 MHz ( period = 14.940 ns )                    ; c[17]                    ; L2~reg0                   ; clk66      ; clk66    ; None                        ; None                      ; 14.231 ns               ;
; N/A                                     ; 66.93 MHz ( period = 14.940 ns )                    ; c[17]                    ; L3~reg0                   ; clk66      ; clk66    ; None                        ; None                      ; 14.231 ns               ;
; N/A                                     ; 66.93 MHz ( period = 14.940 ns )                    ; c[17]                    ; L4~reg0                   ; clk66      ; clk66    ; None                        ; None                      ; 14.231 ns               ;
; N/A                                     ; 67.07 MHz ( period = 14.910 ns )                    ; c[10]                    ; L2~reg0                   ; clk66      ; clk66    ; None                        ; None                      ; 14.201 ns               ;
; N/A                                     ; 67.07 MHz ( period = 14.910 ns )                    ; c[10]                    ; L3~reg0                   ; clk66      ; clk66    ; None                        ; None                      ; 14.201 ns               ;
; N/A                                     ; 67.07 MHz ( period = 14.910 ns )                    ; c[10]                    ; L4~reg0                   ; clk66      ; clk66    ; None                        ; None                      ; 14.201 ns               ;
; N/A                                     ; 67.08 MHz ( period = 14.907 ns )                    ; c[12]                    ; c[3]                      ; clk66      ; clk66    ; None                        ; None                      ; 14.198 ns               ;
; N/A                                     ; 67.48 MHz ( period = 14.819 ns )                    ; c[5]                     ; L1~reg0                   ; clk66      ; clk66    ; None                        ; None                      ; 14.110 ns               ;
; N/A                                     ; 67.56 MHz ( period = 14.802 ns )                    ; c[4]                     ; L1~reg0                   ; clk66      ; clk66    ; None                        ; None                      ; 14.093 ns               ;
; N/A                                     ; 67.72 MHz ( period = 14.767 ns )                    ; c[6]                     ; L1~reg0                   ; clk66      ; clk66    ; None                        ; None                      ; 14.058 ns               ;
; N/A                                     ; 68.01 MHz ( period = 14.703 ns )                    ; c[7]                     ; L1~reg0                   ; clk66      ; clk66    ; None                        ; None                      ; 13.994 ns               ;
; N/A                                     ; 68.01 MHz ( period = 14.703 ns )                    ; c[15]                    ; c[4]                      ; clk66      ; clk66    ; None                        ; None                      ; 13.994 ns               ;
; N/A                                     ; 68.09 MHz ( period = 14.686 ns )                    ; c[8]                     ; c[4]                      ; clk66      ; clk66    ; None                        ; None                      ; 13.977 ns               ;
; N/A                                     ; 68.32 MHz ( period = 14.638 ns )                    ; c[1]                     ; L2~reg0                   ; clk66      ; clk66    ; None                        ; None                      ; 13.929 ns               ;
; N/A                                     ; 68.32 MHz ( period = 14.638 ns )                    ; c[1]                     ; L3~reg0                   ; clk66      ; clk66    ; None                        ; None                      ; 13.929 ns               ;
; N/A                                     ; 68.32 MHz ( period = 14.638 ns )                    ; c[1]                     ; L4~reg0                   ; clk66      ; clk66    ; None                        ; None                      ; 13.929 ns               ;
; N/A                                     ; 68.42 MHz ( period = 14.615 ns )                    ; c[15]                    ; c[3]                      ; clk66      ; clk66    ; None                        ; None                      ; 13.906 ns               ;
; N/A                                     ; 68.50 MHz ( period = 14.598 ns )                    ; c[8]                     ; c[3]                      ; clk66      ; clk66    ; None                        ; None                      ; 13.889 ns               ;
; N/A                                     ; 68.53 MHz ( period = 14.593 ns )                    ; c[3]                     ; L2~reg0                   ; clk66      ; clk66    ; None                        ; None                      ; 13.884 ns               ;
; N/A                                     ; 68.53 MHz ( period = 14.593 ns )                    ; c[3]                     ; L3~reg0                   ; clk66      ; clk66    ; None                        ; None                      ; 13.884 ns               ;
; N/A                                     ; 68.53 MHz ( period = 14.593 ns )                    ; c[3]                     ; L4~reg0                   ; clk66      ; clk66    ; None                        ; None                      ; 13.884 ns               ;
; N/A                                     ; 68.74 MHz ( period = 14.548 ns )                    ; c[14]                    ; c[4]                      ; clk66      ; clk66    ; None                        ; None                      ; 13.839 ns               ;
; N/A                                     ; 68.89 MHz ( period = 14.515 ns )                    ; c[2]                     ; L2~reg0                   ; clk66      ; clk66    ; None                        ; None                      ; 13.806 ns               ;
; N/A                                     ; 68.89 MHz ( period = 14.515 ns )                    ; c[2]                     ; L3~reg0                   ; clk66      ; clk66    ; None                        ; None                      ; 13.806 ns               ;
; N/A                                     ; 68.89 MHz ( period = 14.515 ns )                    ; c[2]                     ; L4~reg0                   ; clk66      ; clk66    ; None                        ; None                      ; 13.806 ns               ;
; N/A                                     ; 68.91 MHz ( period = 14.512 ns )                    ; c[11]                    ; c[4]                      ; clk66      ; clk66    ; None                        ; None                      ; 13.803 ns               ;
; N/A                                     ; 69.16 MHz ( period = 14.460 ns )                    ; c[14]                    ; c[3]                      ; clk66      ; clk66    ; None                        ; None                      ; 13.751 ns               ;
; N/A                                     ; 69.16 MHz ( period = 14.459 ns )                    ; c[13]                    ; c[4]                      ; clk66      ; clk66    ; None                        ; None                      ; 13.750 ns               ;
; N/A                                     ; 69.20 MHz ( period = 14.451 ns )                    ; c[12]                    ; L1~reg0                   ; clk66      ; clk66    ; None                        ; None                      ; 13.742 ns               ;
; N/A                                     ; 69.33 MHz ( period = 14.424 ns )                    ; c[0]                     ; L2~reg0                   ; clk66      ; clk66    ; None                        ; None                      ; 13.715 ns               ;
; N/A                                     ; 69.33 MHz ( period = 14.424 ns )                    ; c[0]                     ; L3~reg0                   ; clk66      ; clk66    ; None                        ; None                      ; 13.715 ns               ;
; N/A                                     ; 69.33 MHz ( period = 14.424 ns )                    ; c[0]                     ; L4~reg0                   ; clk66      ; clk66    ; None                        ; None                      ; 13.715 ns               ;
; N/A                                     ; 69.33 MHz ( period = 14.424 ns )                    ; c[11]                    ; c[3]                      ; clk66      ; clk66    ; None                        ; None                      ; 13.715 ns               ;
; N/A                                     ; 69.44 MHz ( period = 14.401 ns )                    ; c[9]                     ; c[4]                      ; clk66      ; clk66    ; None                        ; None                      ; 13.692 ns               ;
; N/A                                     ; 69.58 MHz ( period = 14.371 ns )                    ; c[13]                    ; c[3]                      ; clk66      ; clk66    ; None                        ; None                      ; 13.662 ns               ;
; N/A                                     ; 69.74 MHz ( period = 14.338 ns )                    ; c[17]                    ; c[4]                      ; clk66      ; clk66    ; None                        ; None                      ; 13.629 ns               ;
; N/A                                     ; 69.87 MHz ( period = 14.313 ns )                    ; c[9]                     ; c[3]                      ; clk66      ; clk66    ; None                        ; None                      ; 13.604 ns               ;
; N/A                                     ; 69.89 MHz ( period = 14.308 ns )                    ; c[10]                    ; c[4]                      ; clk66      ; clk66    ; None                        ; None                      ; 13.599 ns               ;
; N/A                                     ; 70.18 MHz ( period = 14.250 ns )                    ; c[17]                    ; c[3]                      ; clk66      ; clk66    ; None                        ; None                      ; 13.541 ns               ;
; N/A                                     ; 70.32 MHz ( period = 14.220 ns )                    ; c[10]                    ; c[3]                      ; clk66      ; clk66    ; None                        ; None                      ; 13.511 ns               ;
; N/A                                     ; 70.43 MHz ( period = 14.199 ns )                    ; c[16]                    ; L2~reg0                   ; clk66      ; clk66    ; None                        ; None                      ; 13.490 ns               ;
; N/A                                     ; 70.43 MHz ( period = 14.199 ns )                    ; c[16]                    ; L3~reg0                   ; clk66      ; clk66    ; None                        ; None                      ; 13.490 ns               ;
; N/A                                     ; 70.43 MHz ( period = 14.199 ns )                    ; c[16]                    ; L4~reg0                   ; clk66      ; clk66    ; None                        ; None                      ; 13.490 ns               ;
; N/A                                     ; 70.50 MHz ( period = 14.185 ns )                    ; c[18]                    ; L2~reg0                   ; clk66      ; clk66    ; None                        ; None                      ; 13.476 ns               ;
; N/A                                     ; 70.50 MHz ( period = 14.185 ns )                    ; c[18]                    ; L3~reg0                   ; clk66      ; clk66    ; None                        ; None                      ; 13.476 ns               ;
; N/A                                     ; 70.50 MHz ( period = 14.185 ns )                    ; c[18]                    ; L4~reg0                   ; clk66      ; clk66    ; None                        ; None                      ; 13.476 ns               ;
; N/A                                     ; 70.63 MHz ( period = 14.159 ns )                    ; c[15]                    ; L1~reg0                   ; clk66      ; clk66    ; None                        ; None                      ; 13.450 ns               ;
; N/A                                     ; 70.71 MHz ( period = 14.142 ns )                    ; c[8]                     ; L1~reg0                   ; clk66      ; clk66    ; None                        ; None                      ; 13.433 ns               ;
; N/A                                     ; 70.98 MHz ( period = 14.088 ns )                    ; c[20]                    ; L2~reg0                   ; clk66      ; clk66    ; None                        ; None                      ; 13.379 ns               ;
; N/A                                     ; 70.98 MHz ( period = 14.088 ns )                    ; c[20]                    ; L3~reg0                   ; clk66      ; clk66    ; None                        ; None                      ; 13.379 ns               ;
; N/A                                     ; 70.98 MHz ( period = 14.088 ns )                    ; c[20]                    ; L4~reg0                   ; clk66      ; clk66    ; None                        ; None                      ; 13.379 ns               ;
; N/A                                     ; 71.25 MHz ( period = 14.036 ns )                    ; c[1]                     ; c[4]                      ; clk66      ; clk66    ; None                        ; None                      ; 13.327 ns               ;
; N/A                                     ; 71.41 MHz ( period = 14.004 ns )                    ; c[14]                    ; L1~reg0                   ; clk66      ; clk66    ; None                        ; None                      ; 13.295 ns               ;
; N/A                                     ; 71.47 MHz ( period = 13.991 ns )                    ; c[3]                     ; c[4]                      ; clk66      ; clk66    ; None                        ; None                      ; 13.282 ns               ;
; N/A                                     ; 71.59 MHz ( period = 13.968 ns )                    ; c[11]                    ; L1~reg0                   ; clk66      ; clk66    ; None                        ; None                      ; 13.259 ns               ;
; N/A                                     ; 71.69 MHz ( period = 13.948 ns )                    ; c[1]                     ; c[3]                      ; clk66      ; clk66    ; None                        ; None                      ; 13.239 ns               ;
; N/A                                     ; 71.86 MHz ( period = 13.915 ns )                    ; c[13]                    ; L1~reg0                   ; clk66      ; clk66    ; None                        ; None                      ; 13.206 ns               ;
; N/A                                     ; 71.88 MHz ( period = 13.913 ns )                    ; c[2]                     ; c[4]                      ; clk66      ; clk66    ; None                        ; None                      ; 13.204 ns               ;
; N/A                                     ; 71.93 MHz ( period = 13.903 ns )                    ; c[3]                     ; c[3]                      ; clk66      ; clk66    ; None                        ; None                      ; 13.194 ns               ;
; N/A                                     ; 72.17 MHz ( period = 13.857 ns )                    ; c[9]                     ; L1~reg0                   ; clk66      ; clk66    ; None                        ; None                      ; 13.148 ns               ;
; N/A                                     ; 72.33 MHz ( period = 13.825 ns )                    ; c[2]                     ; c[3]                      ; clk66      ; clk66    ; None                        ; None                      ; 13.116 ns               ;
; N/A                                     ; 72.35 MHz ( period = 13.822 ns )                    ; c[0]                     ; c[4]                      ; clk66      ; clk66    ; None                        ; None                      ; 13.113 ns               ;
; N/A                                     ; 72.50 MHz ( period = 13.794 ns )                    ; c[17]                    ; L1~reg0                   ; clk66      ; clk66    ; None                        ; None                      ; 13.085 ns               ;
; N/A                                     ; 72.65 MHz ( period = 13.764 ns )                    ; c[10]                    ; L1~reg0                   ; clk66      ; clk66    ; None                        ; None                      ; 13.055 ns               ;
; N/A                                     ; 72.73 MHz ( period = 13.749 ns )                    ; PULSOS:DIV_FREQ|cont[5]  ; PULSOS:DIV_FREQ|cont[7]   ; clk66      ; clk66    ; None                        ; None                      ; 13.040 ns               ;
; N/A                                     ; 72.81 MHz ( period = 13.734 ns )                    ; c[0]                     ; c[3]                      ; clk66      ; clk66    ; None                        ; None                      ; 13.025 ns               ;
; N/A                                     ; 73.48 MHz ( period = 13.610 ns )                    ; c[19]                    ; L2~reg0                   ; clk66      ; clk66    ; None                        ; None                      ; 12.901 ns               ;
; N/A                                     ; 73.48 MHz ( period = 13.610 ns )                    ; c[19]                    ; L3~reg0                   ; clk66      ; clk66    ; None                        ; None                      ; 12.901 ns               ;
; N/A                                     ; 73.48 MHz ( period = 13.610 ns )                    ; c[19]                    ; L4~reg0                   ; clk66      ; clk66    ; None                        ; None                      ; 12.901 ns               ;
; N/A                                     ; 73.55 MHz ( period = 13.597 ns )                    ; c[16]                    ; c[4]                      ; clk66      ; clk66    ; None                        ; None                      ; 12.888 ns               ;
; N/A                                     ; 73.62 MHz ( period = 13.583 ns )                    ; c[18]                    ; c[4]                      ; clk66      ; clk66    ; None                        ; None                      ; 12.874 ns               ;
; N/A                                     ; 74.02 MHz ( period = 13.509 ns )                    ; c[16]                    ; c[3]                      ; clk66      ; clk66    ; None                        ; None                      ; 12.800 ns               ;
; N/A                                     ; 74.10 MHz ( period = 13.495 ns )                    ; c[18]                    ; c[3]                      ; clk66      ; clk66    ; None                        ; None                      ; 12.786 ns               ;
; N/A                                     ; 74.12 MHz ( period = 13.492 ns )                    ; c[1]                     ; L1~reg0                   ; clk66      ; clk66    ; None                        ; None                      ; 12.783 ns               ;
; N/A                                     ; 74.15 MHz ( period = 13.486 ns )                    ; c[20]                    ; c[4]                      ; clk66      ; clk66    ; None                        ; None                      ; 12.777 ns               ;
; N/A                                     ; 74.37 MHz ( period = 13.447 ns )                    ; c[3]                     ; L1~reg0                   ; clk66      ; clk66    ; None                        ; None                      ; 12.738 ns               ;
; N/A                                     ; 74.59 MHz ( period = 13.407 ns )                    ; PULSOS:DIV_FREQ|cont[5]  ; PULSOS:DIV_FREQ|clk260khz ; clk66      ; clk66    ; None                        ; None                      ; 12.698 ns               ;
; N/A                                     ; 74.64 MHz ( period = 13.398 ns )                    ; c[20]                    ; c[3]                      ; clk66      ; clk66    ; None                        ; None                      ; 12.689 ns               ;
; N/A                                     ; 74.80 MHz ( period = 13.369 ns )                    ; c[2]                     ; L1~reg0                   ; clk66      ; clk66    ; None                        ; None                      ; 12.660 ns               ;
; N/A                                     ; 75.31 MHz ( period = 13.278 ns )                    ; c[0]                     ; L1~reg0                   ; clk66      ; clk66    ; None                        ; None                      ; 12.569 ns               ;
; N/A                                     ; 75.67 MHz ( period = 13.215 ns )                    ; PULSOS:DIV_FREQ|cont[6]  ; PULSOS:DIV_FREQ|cont[7]   ; clk66      ; clk66    ; None                        ; None                      ; 12.506 ns               ;
; N/A                                     ; 76.07 MHz ( period = 13.145 ns )                    ; PULSOS:DIV_FREQ|cont[8]  ; PULSOS:DIV_FREQ|cont[7]   ; clk66      ; clk66    ; None                        ; None                      ; 12.436 ns               ;
; N/A                                     ; 76.61 MHz ( period = 13.053 ns )                    ; c[16]                    ; L1~reg0                   ; clk66      ; clk66    ; None                        ; None                      ; 12.344 ns               ;
; N/A                                     ; 76.69 MHz ( period = 13.039 ns )                    ; c[18]                    ; L1~reg0                   ; clk66      ; clk66    ; None                        ; None                      ; 12.330 ns               ;
; N/A                                     ; 76.74 MHz ( period = 13.031 ns )                    ; PULSOS:DIV_FREQ|cont[12] ; PULSOS:DIV_FREQ|cont[7]   ; clk66      ; clk66    ; None                        ; None                      ; 12.322 ns               ;
; N/A                                     ; 76.88 MHz ( period = 13.008 ns )                    ; c[19]                    ; c[4]                      ; clk66      ; clk66    ; None                        ; None                      ; 12.299 ns               ;
; N/A                                     ; 77.07 MHz ( period = 12.975 ns )                    ; PULSOS:DIV_FREQ|cont[7]  ; PULSOS:DIV_FREQ|cont[7]   ; clk66      ; clk66    ; None                        ; None                      ; 12.266 ns               ;
; N/A                                     ; 77.20 MHz ( period = 12.954 ns )                    ; PULSOS:DIV_FREQ|cont[11] ; PULSOS:DIV_FREQ|cont[7]   ; clk66      ; clk66    ; None                        ; None                      ; 12.245 ns               ;
; N/A                                     ; 77.27 MHz ( period = 12.942 ns )                    ; c[20]                    ; L1~reg0                   ; clk66      ; clk66    ; None                        ; None                      ; 12.233 ns               ;
; N/A                                     ; 77.27 MHz ( period = 12.941 ns )                    ; PULSOS:DIV_FREQ|cont[14] ; PULSOS:DIV_FREQ|cont[7]   ; clk66      ; clk66    ; None                        ; None                      ; 12.232 ns               ;
; N/A                                     ; 77.40 MHz ( period = 12.920 ns )                    ; c[19]                    ; c[3]                      ; clk66      ; clk66    ; None                        ; None                      ; 12.211 ns               ;
; N/A                                     ; 77.47 MHz ( period = 12.909 ns )                    ; PULSOS:DIV_FREQ|cont[13] ; PULSOS:DIV_FREQ|cont[7]   ; clk66      ; clk66    ; None                        ; None                      ; 12.200 ns               ;
; N/A                                     ; 77.68 MHz ( period = 12.873 ns )                    ; PULSOS:DIV_FREQ|cont[6]  ; PULSOS:DIV_FREQ|clk260khz ; clk66      ; clk66    ; None                        ; None                      ; 12.164 ns               ;
; N/A                                     ; 77.71 MHz ( period = 12.869 ns )                    ; c[21]                    ; L2~reg0                   ; clk66      ; clk66    ; None                        ; None                      ; 12.160 ns               ;
; N/A                                     ; 77.71 MHz ( period = 12.869 ns )                    ; c[21]                    ; L3~reg0                   ; clk66      ; clk66    ; None                        ; None                      ; 12.160 ns               ;
; N/A                                     ; 77.71 MHz ( period = 12.869 ns )                    ; c[21]                    ; L4~reg0                   ; clk66      ; clk66    ; None                        ; None                      ; 12.160 ns               ;
; N/A                                     ; 77.72 MHz ( period = 12.866 ns )                    ; PULSOS:DIV_FREQ|cont[10] ; PULSOS:DIV_FREQ|cont[7]   ; clk66      ; clk66    ; None                        ; None                      ; 12.157 ns               ;
; N/A                                     ; 78.11 MHz ( period = 12.803 ns )                    ; PULSOS:DIV_FREQ|cont[8]  ; PULSOS:DIV_FREQ|clk260khz ; clk66      ; clk66    ; None                        ; None                      ; 12.094 ns               ;
; N/A                                     ; 78.30 MHz ( period = 12.772 ns )                    ; PULSOS:DIV_FREQ|cont[9]  ; PULSOS:DIV_FREQ|cont[7]   ; clk66      ; clk66    ; None                        ; None                      ; 12.063 ns               ;
; N/A                                     ; 79.16 MHz ( period = 12.633 ns )                    ; PULSOS:DIV_FREQ|cont[7]  ; PULSOS:DIV_FREQ|clk260khz ; clk66      ; clk66    ; None                        ; None                      ; 11.924 ns               ;
; N/A                                     ; 79.24 MHz ( period = 12.620 ns )                    ; c[22]                    ; L2~reg0                   ; clk66      ; clk66    ; None                        ; None                      ; 11.911 ns               ;
; N/A                                     ; 79.24 MHz ( period = 12.620 ns )                    ; c[22]                    ; L3~reg0                   ; clk66      ; clk66    ; None                        ; None                      ; 11.911 ns               ;
; N/A                                     ; 79.24 MHz ( period = 12.620 ns )                    ; c[22]                    ; L4~reg0                   ; clk66      ; clk66    ; None                        ; None                      ; 11.911 ns               ;
; N/A                                     ; 79.26 MHz ( period = 12.616 ns )                    ; PULSOS:DIV_FREQ|cont[12] ; PULSOS:DIV_FREQ|clk260khz ; clk66      ; clk66    ; None                        ; None                      ; 11.907 ns               ;
; N/A                                     ; 79.34 MHz ( period = 12.604 ns )                    ; PULSOS:DIV_FREQ|cont[16] ; PULSOS:DIV_FREQ|cont[7]   ; clk66      ; clk66    ; None                        ; None                      ; 11.895 ns               ;
; N/A                                     ; 79.75 MHz ( period = 12.539 ns )                    ; PULSOS:DIV_FREQ|cont[11] ; PULSOS:DIV_FREQ|clk260khz ; clk66      ; clk66    ; None                        ; None                      ; 11.830 ns               ;
; N/A                                     ; 79.83 MHz ( period = 12.527 ns )                    ; PULSOS:DIV_FREQ|cont[15] ; PULSOS:DIV_FREQ|cont[7]   ; clk66      ; clk66    ; None                        ; None                      ; 11.818 ns               ;
; N/A                                     ; 79.83 MHz ( period = 12.526 ns )                    ; PULSOS:DIV_FREQ|cont[14] ; PULSOS:DIV_FREQ|clk260khz ; clk66      ; clk66    ; None                        ; None                      ; 11.817 ns               ;
; N/A                                     ; 79.85 MHz ( period = 12.524 ns )                    ; PULSOS:DIV_FREQ|cont[10] ; PULSOS:DIV_FREQ|clk260khz ; clk66      ; clk66    ; None                        ; None                      ; 11.815 ns               ;
; N/A                                     ; 80.04 MHz ( period = 12.494 ns )                    ; PULSOS:DIV_FREQ|cont[13] ; PULSOS:DIV_FREQ|clk260khz ; clk66      ; clk66    ; None                        ; None                      ; 11.785 ns               ;
; N/A                                     ; 80.08 MHz ( period = 12.487 ns )                    ; PULSOS:DIV_FREQ|cont[4]  ; PULSOS:DIV_FREQ|cont[7]   ; clk66      ; clk66    ; None                        ; None                      ; 11.778 ns               ;
; N/A                                     ; 80.15 MHz ( period = 12.477 ns )                    ; PULSOS:DIV_FREQ|cont[1]  ; PULSOS:DIV_FREQ|cont[7]   ; clk66      ; clk66    ; None                        ; None                      ; 11.768 ns               ;
; N/A                                     ; 80.18 MHz ( period = 12.472 ns )                    ; PULSOS:DIV_FREQ|cont[17] ; PULSOS:DIV_FREQ|cont[7]   ; clk66      ; clk66    ; None                        ; None                      ; 11.763 ns               ;
; N/A                                     ; 80.23 MHz ( period = 12.464 ns )                    ; c[19]                    ; L1~reg0                   ; clk66      ; clk66    ; None                        ; None                      ; 11.755 ns               ;
; N/A                                     ; 80.39 MHz ( period = 12.440 ns )                    ; PULSOS:DIV_FREQ|cont[18] ; PULSOS:DIV_FREQ|cont[7]   ; clk66      ; clk66    ; None                        ; None                      ; 11.731 ns               ;
; N/A                                     ; 80.44 MHz ( period = 12.432 ns )                    ; PULSOS:DIV_FREQ|cont[3]  ; PULSOS:DIV_FREQ|cont[7]   ; clk66      ; clk66    ; None                        ; None                      ; 11.723 ns               ;
; N/A                                     ; 80.45 MHz ( period = 12.430 ns )                    ; PULSOS:DIV_FREQ|cont[9]  ; PULSOS:DIV_FREQ|clk260khz ; clk66      ; clk66    ; None                        ; None                      ; 11.721 ns               ;
; N/A                                     ; 80.67 MHz ( period = 12.396 ns )                    ; PULSOS:DIV_FREQ|cont[19] ; PULSOS:DIV_FREQ|cont[7]   ; clk66      ; clk66    ; None                        ; None                      ; 11.687 ns               ;
; N/A                                     ; 80.95 MHz ( period = 12.354 ns )                    ; PULSOS:DIV_FREQ|cont[2]  ; PULSOS:DIV_FREQ|cont[7]   ; clk66      ; clk66    ; None                        ; None                      ; 11.645 ns               ;
; N/A                                     ; 81.18 MHz ( period = 12.318 ns )                    ; PULSOS:DIV_FREQ|cont[21] ; PULSOS:DIV_FREQ|cont[7]   ; clk66      ; clk66    ; None                        ; None                      ; 11.609 ns               ;
; N/A                                     ; 81.39 MHz ( period = 12.286 ns )                    ; c[24]                    ; L2~reg0                   ; clk66      ; clk66    ; None                        ; None                      ; 11.577 ns               ;
; N/A                                     ; 81.39 MHz ( period = 12.286 ns )                    ; c[24]                    ; L3~reg0                   ; clk66      ; clk66    ; None                        ; None                      ; 11.577 ns               ;
; N/A                                     ; 81.39 MHz ( period = 12.286 ns )                    ; c[24]                    ; L4~reg0                   ; clk66      ; clk66    ; None                        ; None                      ; 11.577 ns               ;
; N/A                                     ; 81.48 MHz ( period = 12.273 ns )                    ; PULSOS:DIV_FREQ|cont[20] ; PULSOS:DIV_FREQ|cont[7]   ; clk66      ; clk66    ; None                        ; None                      ; 11.564 ns               ;
; N/A                                     ; 81.52 MHz ( period = 12.267 ns )                    ; c[21]                    ; c[4]                      ; clk66      ; clk66    ; None                        ; None                      ; 11.558 ns               ;
; N/A                                     ; 81.55 MHz ( period = 12.263 ns )                    ; PULSOS:DIV_FREQ|cont[0]  ; PULSOS:DIV_FREQ|cont[7]   ; clk66      ; clk66    ; None                        ; None                      ; 11.554 ns               ;
; N/A                                     ; 81.92 MHz ( period = 12.207 ns )                    ; PULSOS:DIV_FREQ|cont[22] ; PULSOS:DIV_FREQ|cont[7]   ; clk66      ; clk66    ; None                        ; None                      ; 11.498 ns               ;
; N/A                                     ; 82.04 MHz ( period = 12.189 ns )                    ; PULSOS:DIV_FREQ|cont[16] ; PULSOS:DIV_FREQ|clk260khz ; clk66      ; clk66    ; None                        ; None                      ; 11.480 ns               ;
; N/A                                     ; 82.11 MHz ( period = 12.179 ns )                    ; c[21]                    ; c[3]                      ; clk66      ; clk66    ; None                        ; None                      ; 11.470 ns               ;
; N/A                                     ; 82.24 MHz ( period = 12.160 ns )                    ; PULSOS:DIV_FREQ|cont[23] ; PULSOS:DIV_FREQ|cont[7]   ; clk66      ; clk66    ; None                        ; None                      ; 11.451 ns               ;
; N/A                                     ; 82.34 MHz ( period = 12.145 ns )                    ; PULSOS:DIV_FREQ|cont[4]  ; PULSOS:DIV_FREQ|clk260khz ; clk66      ; clk66    ; None                        ; None                      ; 11.436 ns               ;
; N/A                                     ; 82.41 MHz ( period = 12.135 ns )                    ; PULSOS:DIV_FREQ|cont[1]  ; PULSOS:DIV_FREQ|clk260khz ; clk66      ; clk66    ; None                        ; None                      ; 11.426 ns               ;
; N/A                                     ; 82.56 MHz ( period = 12.112 ns )                    ; PULSOS:DIV_FREQ|cont[15] ; PULSOS:DIV_FREQ|clk260khz ; clk66      ; clk66    ; None                        ; None                      ; 11.403 ns               ;
; N/A                                     ; 82.71 MHz ( period = 12.090 ns )                    ; PULSOS:DIV_FREQ|cont[3]  ; PULSOS:DIV_FREQ|clk260khz ; clk66      ; clk66    ; None                        ; None                      ; 11.381 ns               ;
; N/A                                     ; 82.94 MHz ( period = 12.057 ns )                    ; PULSOS:DIV_FREQ|cont[17] ; PULSOS:DIV_FREQ|clk260khz ; clk66      ; clk66    ; None                        ; None                      ; 11.348 ns               ;
; N/A                                     ; 83.16 MHz ( period = 12.025 ns )                    ; PULSOS:DIV_FREQ|cont[18] ; PULSOS:DIV_FREQ|clk260khz ; clk66      ; clk66    ; None                        ; None                      ; 11.316 ns               ;
; N/A                                     ; 83.21 MHz ( period = 12.018 ns )                    ; c[22]                    ; c[4]                      ; clk66      ; clk66    ; None                        ; None                      ; 11.309 ns               ;
; N/A                                     ; 83.25 MHz ( period = 12.012 ns )                    ; PULSOS:DIV_FREQ|cont[2]  ; PULSOS:DIV_FREQ|clk260khz ; clk66      ; clk66    ; None                        ; None                      ; 11.303 ns               ;
; N/A                                     ; 83.35 MHz ( period = 11.997 ns )                    ; PULSOS:DIV_FREQ|cont[24] ; PULSOS:DIV_FREQ|cont[7]   ; clk66      ; clk66    ; None                        ; None                      ; 11.288 ns               ;
; N/A                                     ; 83.41 MHz ( period = 11.989 ns )                    ; c[25]                    ; L2~reg0                   ; clk66      ; clk66    ; None                        ; None                      ; 11.280 ns               ;
; N/A                                     ; 83.41 MHz ( period = 11.989 ns )                    ; c[25]                    ; L3~reg0                   ; clk66      ; clk66    ; None                        ; None                      ; 11.280 ns               ;
; N/A                                     ; 83.41 MHz ( period = 11.989 ns )                    ; c[25]                    ; L4~reg0                   ; clk66      ; clk66    ; None                        ; None                      ; 11.280 ns               ;
; N/A                                     ; 83.47 MHz ( period = 11.981 ns )                    ; PULSOS:DIV_FREQ|cont[19] ; PULSOS:DIV_FREQ|clk260khz ; clk66      ; clk66    ; None                        ; None                      ; 11.272 ns               ;
; N/A                                     ; 83.77 MHz ( period = 11.938 ns )                    ; c[28]                    ; L2~reg0                   ; clk66      ; clk66    ; None                        ; None                      ; 11.229 ns               ;
; N/A                                     ; 83.77 MHz ( period = 11.938 ns )                    ; c[28]                    ; L3~reg0                   ; clk66      ; clk66    ; None                        ; None                      ; 11.229 ns               ;
; N/A                                     ; 83.77 MHz ( period = 11.938 ns )                    ; c[28]                    ; L4~reg0                   ; clk66      ; clk66    ; None                        ; None                      ; 11.229 ns               ;
; N/A                                     ; 83.82 MHz ( period = 11.930 ns )                    ; c[22]                    ; c[3]                      ; clk66      ; clk66    ; None                        ; None                      ; 11.221 ns               ;
; N/A                                     ; 83.89 MHz ( period = 11.921 ns )                    ; PULSOS:DIV_FREQ|cont[0]  ; PULSOS:DIV_FREQ|clk260khz ; clk66      ; clk66    ; None                        ; None                      ; 11.212 ns               ;
; N/A                                     ; 83.94 MHz ( period = 11.913 ns )                    ; PULSOS:DIV_FREQ|cont[25] ; PULSOS:DIV_FREQ|cont[7]   ; clk66      ; clk66    ; None                        ; None                      ; 11.204 ns               ;
; N/A                                     ; 84.01 MHz ( period = 11.903 ns )                    ; PULSOS:DIV_FREQ|cont[21] ; PULSOS:DIV_FREQ|clk260khz ; clk66      ; clk66    ; None                        ; None                      ; 11.194 ns               ;
; N/A                                     ; 84.25 MHz ( period = 11.869 ns )                    ; c[23]                    ; L2~reg0                   ; clk66      ; clk66    ; None                        ; None                      ; 11.160 ns               ;
; N/A                                     ; 84.25 MHz ( period = 11.869 ns )                    ; c[23]                    ; L3~reg0                   ; clk66      ; clk66    ; None                        ; None                      ; 11.160 ns               ;
; N/A                                     ; 84.25 MHz ( period = 11.869 ns )                    ; c[23]                    ; L4~reg0                   ; clk66      ; clk66    ; None                        ; None                      ; 11.160 ns               ;
; N/A                                     ; 84.33 MHz ( period = 11.858 ns )                    ; PULSOS:DIV_FREQ|cont[20] ; PULSOS:DIV_FREQ|clk260khz ; clk66      ; clk66    ; None                        ; None                      ; 11.149 ns               ;
; N/A                                     ; 84.80 MHz ( period = 11.792 ns )                    ; PULSOS:DIV_FREQ|cont[22] ; PULSOS:DIV_FREQ|clk260khz ; clk66      ; clk66    ; None                        ; None                      ; 11.083 ns               ;
; N/A                                     ; 85.14 MHz ( period = 11.745 ns )                    ; PULSOS:DIV_FREQ|cont[23] ; PULSOS:DIV_FREQ|clk260khz ; clk66      ; clk66    ; None                        ; None                      ; 11.036 ns               ;
; N/A                                     ; 85.30 MHz ( period = 11.723 ns )                    ; c[21]                    ; L1~reg0                   ; clk66      ; clk66    ; None                        ; None                      ; 11.014 ns               ;
; N/A                                     ; 85.59 MHz ( period = 11.684 ns )                    ; c[24]                    ; c[4]                      ; clk66      ; clk66    ; None                        ; None                      ; 10.975 ns               ;
; Timing analysis restricted to 200 rows. ; To change the limit use Settings (Assignments menu) ;                          ;                           ;            ;          ;                             ;                           ;                         ;
+-----------------------------------------+-----------------------------------------------------+--------------------------+---------------------------+------------+----------+-----------------------------+---------------------------+-------------------------+


+--------------------------------------------------------------------------------------------+
; tsu                                                                                        ;
+-------+--------------+------------+-----------+---------------------------------+----------+
; Slack ; Required tsu ; Actual tsu ; From      ; To                              ; To Clock ;
+-------+--------------+------------+-----------+---------------------------------+----------+
; N/A   ; None         ; -0.741 ns  ; botao     ; ADC_INTERFACE:ADC|DATA[7]       ; clk66    ;
; N/A   ; None         ; -0.741 ns  ; botao     ; ADC_INTERFACE:ADC|DATA[6]       ; clk66    ;
; N/A   ; None         ; -0.741 ns  ; botao     ; ADC_INTERFACE:ADC|DATA[5]       ; clk66    ;
; N/A   ; None         ; -0.741 ns  ; botao     ; ADC_INTERFACE:ADC|DATA[4]       ; clk66    ;
; N/A   ; None         ; -2.679 ns  ; ADC_SSTRB ; ADC_INTERFACE:ADC|SR_CAPTURE[1] ; clk66    ;
; N/A   ; None         ; -3.208 ns  ; ADC_SSTRB ; ADC_INTERFACE:ADC|SR_CAPTURE[0] ; clk66    ;
; N/A   ; None         ; -3.813 ns  ; ADC_DATA  ; ADC_INTERFACE:ADC|DIG_RESULT[0] ; clk66    ;
+-------+--------------+------------+-----------+---------------------------------+----------+


+----------------------------------------------------------------------------------------------------+
; tco                                                                                                ;
+-------+--------------+------------+----------------------------------+----------------+------------+
; Slack ; Required tco ; Actual tco ; From                             ; To             ; From Clock ;
+-------+--------------+------------+----------------------------------+----------------+------------+
; N/A   ; None         ; 15.080 ns  ; L3~reg0                          ; L3             ; clk66      ;
; N/A   ; None         ; 14.960 ns  ; L1~reg0                          ; L1             ; clk66      ;
; N/A   ; None         ; 14.845 ns  ; L4~reg0                          ; L4             ; clk66      ;
; N/A   ; None         ; 14.838 ns  ; L2~reg0                          ; L2             ; clk66      ;
; N/A   ; None         ; 13.071 ns  ; ADC_INTERFACE:ADC|ADC_CNTRL_DATA ; ADC_CNTRL_DATA ; clk66      ;
; N/A   ; None         ; 9.717 ns   ; PULSOS:DIV_FREQ|clk260khz        ; clk260khz      ; clk66      ;
+-------+--------------+------------+----------------------------------+----------------+------------+


+--------------------------------------------------------------------------------------------------+
; th                                                                                               ;
+---------------+-------------+-----------+-----------+---------------------------------+----------+
; Minimum Slack ; Required th ; Actual th ; From      ; To                              ; To Clock ;
+---------------+-------------+-----------+-----------+---------------------------------+----------+
; N/A           ; None        ; 4.367 ns  ; ADC_DATA  ; ADC_INTERFACE:ADC|DIG_RESULT[0] ; clk66    ;
; N/A           ; None        ; 3.762 ns  ; ADC_SSTRB ; ADC_INTERFACE:ADC|SR_CAPTURE[0] ; clk66    ;
; N/A           ; None        ; 3.233 ns  ; ADC_SSTRB ; ADC_INTERFACE:ADC|SR_CAPTURE[1] ; clk66    ;
; N/A           ; None        ; 1.295 ns  ; botao     ; ADC_INTERFACE:ADC|DATA[7]       ; clk66    ;
; N/A           ; None        ; 1.295 ns  ; botao     ; ADC_INTERFACE:ADC|DATA[6]       ; clk66    ;
; N/A           ; None        ; 1.295 ns  ; botao     ; ADC_INTERFACE:ADC|DATA[5]       ; clk66    ;
; N/A           ; None        ; 1.295 ns  ; botao     ; ADC_INTERFACE:ADC|DATA[4]       ; clk66    ;
+---------------+-------------+-----------+-----------+---------------------------------+----------+


+--------------------------+
; Timing Analyzer Messages ;
+--------------------------+
Info: *******************************************************************
Info: Running Quartus II Classic Timing Analyzer
    Info: Version 9.1 Build 304 01/25/2010 Service Pack 1 SJ Web Edition
    Info: Processing started: Tue Oct 27 15:00:38 2015
Info: Command: quartus_tan --read_settings_files=off --write_settings_files=off pratica6_conversor_ad -c TOP
Info: Started post-fitting delay annotation
Info: Delay annotation completed successfully
Warning: Found pins functioning as undefined clocks and/or memory enables
    Info: Assuming node "clk66" is an undefined clock
Warning: Found 1 node(s) in clock paths which may be acting as ripple and/or gated clocks -- node(s) analyzed as buffer(s) resulting in clock skew
    Info: Detected ripple clock "PULSOS:DIV_FREQ|clk260khz" as buffer
Info: Clock "clk66" has Internal fmax of 62.64 MHz between source register "c[5]" and destination register "L2~reg0" (period= 15.965 ns)
    Info: + Longest register to register delay is 15.256 ns
        Info: 1: + IC(0.000 ns) + CELL(0.000 ns) = 0.000 ns; Loc. = LC_X14_Y5_N4; Fanout = 2; REG Node = 'c[5]'
        Info: 2: + IC(2.651 ns) + CELL(1.099 ns) = 3.750 ns; Loc. = LC_X11_Y6_N9; Fanout = 6; COMB Node = 'Add0~27'
        Info: 3: + IC(0.000 ns) + CELL(0.246 ns) = 3.996 ns; Loc. = LC_X12_Y6_N4; Fanout = 6; COMB Node = 'Add0~52'
        Info: 4: + IC(0.000 ns) + CELL(0.349 ns) = 4.345 ns; Loc. = LC_X12_Y6_N9; Fanout = 6; COMB Node = 'Add0~77'
        Info: 5: + IC(0.000 ns) + CELL(1.234 ns) = 5.579 ns; Loc. = LC_X13_Y6_N3; Fanout = 2; COMB Node = 'Add0~95'
        Info: 6: + IC(1.984 ns) + CELL(0.914 ns) = 8.477 ns; Loc. = LC_X13_Y8_N4; Fanout = 1; COMB Node = 'Equal0~5'
        Info: 7: + IC(0.758 ns) + CELL(0.511 ns) = 9.746 ns; Loc. = LC_X13_Y8_N7; Fanout = 1; COMB Node = 'Equal0~7'
        Info: 8: + IC(1.928 ns) + CELL(0.511 ns) = 12.185 ns; Loc. = LC_X14_Y6_N6; Fanout = 6; COMB Node = 'Equal0~10'
        Info: 9: + IC(1.828 ns) + CELL(1.243 ns) = 15.256 ns; Loc. = LC_X14_Y5_N9; Fanout = 1; REG Node = 'L2~reg0'
        Info: Total cell delay = 6.107 ns ( 40.03 % )
        Info: Total interconnect delay = 9.149 ns ( 59.97 % )
    Info: - Smallest clock skew is 0.000 ns
        Info: + Shortest clock path from clock "clk66" to destination register is 9.587 ns
            Info: 1: + IC(0.000 ns) + CELL(1.163 ns) = 1.163 ns; Loc. = PIN_H5; Fanout = 33; CLK Node = 'clk66'
            Info: 2: + IC(1.738 ns) + CELL(1.294 ns) = 4.195 ns; Loc. = LC_X10_Y7_N9; Fanout = 66; REG Node = 'PULSOS:DIV_FREQ|clk260khz'
            Info: 3: + IC(4.474 ns) + CELL(0.918 ns) = 9.587 ns; Loc. = LC_X14_Y5_N9; Fanout = 1; REG Node = 'L2~reg0'
            Info: Total cell delay = 3.375 ns ( 35.20 % )
            Info: Total interconnect delay = 6.212 ns ( 64.80 % )
        Info: - Longest clock path from clock "clk66" to source register is 9.587 ns
            Info: 1: + IC(0.000 ns) + CELL(1.163 ns) = 1.163 ns; Loc. = PIN_H5; Fanout = 33; CLK Node = 'clk66'
            Info: 2: + IC(1.738 ns) + CELL(1.294 ns) = 4.195 ns; Loc. = LC_X10_Y7_N9; Fanout = 66; REG Node = 'PULSOS:DIV_FREQ|clk260khz'
            Info: 3: + IC(4.474 ns) + CELL(0.918 ns) = 9.587 ns; Loc. = LC_X14_Y5_N4; Fanout = 2; REG Node = 'c[5]'
            Info: Total cell delay = 3.375 ns ( 35.20 % )
            Info: Total interconnect delay = 6.212 ns ( 64.80 % )
    Info: + Micro clock to output delay of source is 0.376 ns
    Info: + Micro setup delay of destination is 0.333 ns
Info: tsu for register "ADC_INTERFACE:ADC|DATA[7]" (data pin = "botao", clock pin = "clk66") is -0.741 ns
    Info: + Longest pin to register delay is 8.513 ns
        Info: 1: + IC(0.000 ns) + CELL(1.132 ns) = 1.132 ns; Loc. = PIN_M9; Fanout = 25; PIN Node = 'botao'
        Info: 2: + IC(5.277 ns) + CELL(0.200 ns) = 6.609 ns; Loc. = LC_X15_Y8_N3; Fanout = 4; COMB Node = 'ADC_INTERFACE:ADC|DATA[7]~0'
        Info: 3: + IC(0.661 ns) + CELL(1.243 ns) = 8.513 ns; Loc. = LC_X15_Y8_N2; Fanout = 1; REG Node = 'ADC_INTERFACE:ADC|DATA[7]'
        Info: Total cell delay = 2.575 ns ( 30.25 % )
        Info: Total interconnect delay = 5.938 ns ( 69.75 % )
    Info: + Micro setup delay of destination is 0.333 ns
    Info: - Shortest clock path from clock "clk66" to destination register is 9.587 ns
        Info: 1: + IC(0.000 ns) + CELL(1.163 ns) = 1.163 ns; Loc. = PIN_H5; Fanout = 33; CLK Node = 'clk66'
        Info: 2: + IC(1.738 ns) + CELL(1.294 ns) = 4.195 ns; Loc. = LC_X10_Y7_N9; Fanout = 66; REG Node = 'PULSOS:DIV_FREQ|clk260khz'
        Info: 3: + IC(4.474 ns) + CELL(0.918 ns) = 9.587 ns; Loc. = LC_X15_Y8_N2; Fanout = 1; REG Node = 'ADC_INTERFACE:ADC|DATA[7]'
        Info: Total cell delay = 3.375 ns ( 35.20 % )
        Info: Total interconnect delay = 6.212 ns ( 64.80 % )
Info: tco from clock "clk66" to destination pin "L3" through register "L3~reg0" is 15.080 ns
    Info: + Longest clock path from clock "clk66" to source register is 9.587 ns
        Info: 1: + IC(0.000 ns) + CELL(1.163 ns) = 1.163 ns; Loc. = PIN_H5; Fanout = 33; CLK Node = 'clk66'
        Info: 2: + IC(1.738 ns) + CELL(1.294 ns) = 4.195 ns; Loc. = LC_X10_Y7_N9; Fanout = 66; REG Node = 'PULSOS:DIV_FREQ|clk260khz'
        Info: 3: + IC(4.474 ns) + CELL(0.918 ns) = 9.587 ns; Loc. = LC_X14_Y5_N5; Fanout = 1; REG Node = 'L3~reg0'
        Info: Total cell delay = 3.375 ns ( 35.20 % )
        Info: Total interconnect delay = 6.212 ns ( 64.80 % )
    Info: + Micro clock to output delay of source is 0.376 ns
    Info: + Longest register to pin delay is 5.117 ns
        Info: 1: + IC(0.000 ns) + CELL(0.000 ns) = 0.000 ns; Loc. = LC_X14_Y5_N5; Fanout = 1; REG Node = 'L3~reg0'
        Info: 2: + IC(2.795 ns) + CELL(2.322 ns) = 5.117 ns; Loc. = PIN_P13; Fanout = 0; PIN Node = 'L3'
        Info: Total cell delay = 2.322 ns ( 45.38 % )
        Info: Total interconnect delay = 2.795 ns ( 54.62 % )
Info: th for register "ADC_INTERFACE:ADC|DIG_RESULT[0]" (data pin = "ADC_DATA", clock pin = "clk66") is 4.367 ns
    Info: + Longest clock path from clock "clk66" to destination register is 9.587 ns
        Info: 1: + IC(0.000 ns) + CELL(1.163 ns) = 1.163 ns; Loc. = PIN_H5; Fanout = 33; CLK Node = 'clk66'
        Info: 2: + IC(1.738 ns) + CELL(1.294 ns) = 4.195 ns; Loc. = LC_X10_Y7_N9; Fanout = 66; REG Node = 'PULSOS:DIV_FREQ|clk260khz'
        Info: 3: + IC(4.474 ns) + CELL(0.918 ns) = 9.587 ns; Loc. = LC_X11_Y10_N5; Fanout = 1; REG Node = 'ADC_INTERFACE:ADC|DIG_RESULT[0]'
        Info: Total cell delay = 3.375 ns ( 35.20 % )
        Info: Total interconnect delay = 6.212 ns ( 64.80 % )
    Info: + Micro hold delay of destination is 0.221 ns
    Info: - Shortest pin to register delay is 5.441 ns
        Info: 1: + IC(0.000 ns) + CELL(1.132 ns) = 1.132 ns; Loc. = PIN_A11; Fanout = 1; PIN Node = 'ADC_DATA'
        Info: 2: + IC(3.718 ns) + CELL(0.591 ns) = 5.441 ns; Loc. = LC_X11_Y10_N5; Fanout = 1; REG Node = 'ADC_INTERFACE:ADC|DIG_RESULT[0]'
        Info: Total cell delay = 1.723 ns ( 31.67 % )
        Info: Total interconnect delay = 3.718 ns ( 68.33 % )
Info: Quartus II Classic Timing Analyzer was successful. 0 errors, 2 warnings
    Info: Peak virtual memory: 189 megabytes
    Info: Processing ended: Tue Oct 27 15:00:38 2015
    Info: Elapsed time: 00:00:00
    Info: Total CPU time (on all processors): 00:00:01


