Analysis & Synthesis report for TOP
Tue Oct 27 15:00:32 2015
Quartus II Version 9.1 Build 304 01/25/2010 Service Pack 1 SJ Web Edition


---------------------
; Table of Contents ;
---------------------
  1. Legal Notice
  2. Analysis & Synthesis Summary
  3. Analysis & Synthesis Settings
  4. Parallel Compilation
  5. Analysis & Synthesis Source Files Read
  6. Analysis & Synthesis Resource Usage Summary
  7. Analysis & Synthesis Resource Utilization by Entity
  8. Registers Removed During Synthesis
  9. General Register Statistics
 10. Port Connectivity Checks: "ADC_INTERFACE:ADC"
 11. Analysis & Synthesis Messages



----------------
; Legal Notice ;
----------------
Copyright (C) 1991-2010 Altera Corporation
Your use of Altera Corporation's design tools, logic functions 
and other software and tools, and its AMPP partner logic 
functions, and any output files from any of the foregoing 
(including device programming or simulation files), and any 
associated documentation or information are expressly subject 
to the terms and conditions of the Altera Program License 
Subscription Agreement, Altera MegaCore Function License 
Agreement, or other applicable license agreement, including, 
without limitation, that your use is for the sole purpose of 
programming logic devices manufactured by Altera and sold by 
Altera or its authorized distributors.  Please refer to the 
applicable agreement for further details.



+----------------------------------------------------------------------------+
; Analysis & Synthesis Summary                                               ;
+-----------------------------+----------------------------------------------+
; Analysis & Synthesis Status ; Successful - Tue Oct 27 15:00:32 2015        ;
; Quartus II Version          ; 9.1 Build 304 01/25/2010 SP 1 SJ Web Edition ;
; Revision Name               ; TOP                                          ;
; Top-level Entity Name       ; TOP                                          ;
; Family                      ; MAX II                                       ;
; Total logic elements        ; 193                                          ;
; Total pins                  ; 12                                           ;
; Total virtual pins          ; 0                                            ;
; UFM blocks                  ; 0 / 1 ( 0 % )                                ;
+-----------------------------+----------------------------------------------+


+----------------------------------------------------------------------------------------------------------------------+
; Analysis & Synthesis Settings                                                                                        ;
+----------------------------------------------------------------------------+--------------------+--------------------+
; Option                                                                     ; Setting            ; Default Value      ;
+----------------------------------------------------------------------------+--------------------+--------------------+
; Device                                                                     ; EPM1270F256C5      ;                    ;
; Top-level entity name                                                      ; TOP                ; TOP                ;
; Family name                                                                ; MAX II             ; Stratix II         ;
; Use Generated Physical Constraints File                                    ; Off                ;                    ;
; Use smart compilation                                                      ; Off                ; Off                ;
; Enable parallel Assembler and TimeQuest Timing Analyzer during compilation ; On                 ; On                 ;
; Enable compact report table                                                ; Off                ; Off                ;
; Restructure Multiplexers                                                   ; Auto               ; Auto               ;
; Create Debugging Nodes for IP Cores                                        ; Off                ; Off                ;
; Preserve fewer node names                                                  ; On                 ; On                 ;
; Disable OpenCore Plus hardware evaluation                                  ; Off                ; Off                ;
; Verilog Version                                                            ; Verilog_2001       ; Verilog_2001       ;
; VHDL Version                                                               ; VHDL_1993          ; VHDL_1993          ;
; State Machine Processing                                                   ; Auto               ; Auto               ;
; Safe State Machine                                                         ; Off                ; Off                ;
; Extract Verilog State Machines                                             ; On                 ; On                 ;
; Extract VHDL State Machines                                                ; On                 ; On                 ;
; Ignore Verilog initial constructs                                          ; Off                ; Off                ;
; Iteration limit for constant Verilog loops                                 ; 5000               ; 5000               ;
; Iteration limit for non-constant Verilog loops                             ; 250                ; 250                ;
; Add Pass-Through Logic to Inferred RAMs                                    ; On                 ; On                 ;
; Parallel Synthesis                                                         ; On                 ; On                 ;
; NOT Gate Push-Back                                                         ; On                 ; On                 ;
; Power-Up Don't Care                                                        ; On                 ; On                 ;
; Remove Redundant Logic Cells                                               ; Off                ; Off                ;
; Remove Duplicate Registers                                                 ; On                 ; On                 ;
; Ignore CARRY Buffers                                                       ; Off                ; Off                ;
; Ignore CASCADE Buffers                                                     ; Off                ; Off                ;
; Ignore GLOBAL Buffers                                                      ; Off                ; Off                ;
; Ignore ROW GLOBAL Buffers                                                  ; Off                ; Off                ;
; Ignore LCELL Buffers                                                       ; Off                ; Off                ;
; Ignore SOFT Buffers                                                        ; On                 ; On                 ;
; Limit AHDL Integers to 32 Bits                                             ; Off                ; Off                ;
; Optimization Technique                                                     ; Balanced           ; Balanced           ;
; Carry Chain Length                                                         ; 70                 ; 70                 ;
; Auto Carry Chains                                                          ; On                 ; On                 ;
; Auto Open-Drain Pins                                                       ; On                 ; On                 ;
; Perform WYSIWYG Primitive Resynthesis                                      ; Off                ; Off                ;
; Auto Shift Register Replacement                                            ; Auto               ; Auto               ;
; Auto Clock Enable Replacement                                              ; On                 ; On                 ;
; Allow Synchronous Control Signals                                          ; On                 ; On                 ;
; Force Use of Synchronous Clear Signals                                     ; Off                ; Off                ;
; Auto Resource Sharing                                                      ; Off                ; Off                ;
; Use LogicLock Constraints during Resource Balancing                        ; On                 ; On                 ;
; Ignore translate_off and synthesis_off directives                          ; Off                ; Off                ;
; Show Parameter Settings Tables in Synthesis Report                         ; On                 ; On                 ;
; Ignore Maximum Fan-Out Assignments                                         ; Off                ; Off                ;
; Synchronization Register Chain Length                                      ; 2                  ; 2                  ;
; PowerPlay Power Optimization                                               ; Normal compilation ; Normal compilation ;
; HDL message level                                                          ; Level2             ; Level2             ;
; Suppress Register Optimization Related Messages                            ; Off                ; Off                ;
; Number of Removed Registers Reported in Synthesis Report                   ; 5000               ; 5000               ;
; Number of Inverted Registers Reported in Synthesis Report                  ; 100                ; 100                ;
; Clock MUX Protection                                                       ; On                 ; On                 ;
; Block Design Naming                                                        ; Auto               ; Auto               ;
; Synthesis Effort                                                           ; Auto               ; Auto               ;
; Shift Register Replacement - Allow Asynchronous Clear Signal               ; On                 ; On                 ;
; Analysis & Synthesis Message Level                                         ; Medium             ; Medium             ;
; Disable Register Merging Across Hierarchies                                ; Auto               ; Auto               ;
+----------------------------------------------------------------------------+--------------------+--------------------+


Parallel compilation was disabled, but you have multiple processors available. Enable parallel compilation to reduce compilation time.
+-------------------------------------+
; Parallel Compilation                ;
+----------------------------+--------+
; Processors                 ; Number ;
+----------------------------+--------+
; Number detected on machine ; 2      ;
; Maximum allowed            ; 1      ;
+----------------------------+--------+


+-----------------------------------------------------------------------------------------------------------------------------------+
; Analysis & Synthesis Source Files Read                                                                                            ;
+----------------------------------+-----------------+-----------------+------------------------------------------------------------+
; File Name with User-Entered Path ; Used in Netlist ; File Type       ; File Name with Absolute Path                               ;
+----------------------------------+-----------------+-----------------+------------------------------------------------------------+
; Conversor.vhd                    ; yes             ; User VHDL File  ; C:/Users/Lucas Paulo/Desktop/P6 RAUL E ITALO/Conversor.vhd ;
; TOP.vhd                          ; yes             ; User VHDL File  ; C:/Users/Lucas Paulo/Desktop/P6 RAUL E ITALO/TOP.vhd       ;
+----------------------------------+-----------------+-----------------+------------------------------------------------------------+


+-------------------------------------------------------------------------+
; Analysis & Synthesis Resource Usage Summary                             ;
+---------------------------------------------+---------------------------+
; Resource                                    ; Usage                     ;
+---------------------------------------------+---------------------------+
; Total logic elements                        ; 193                       ;
;     -- Combinational with no register       ; 96                        ;
;     -- Register only                        ; 90                        ;
;     -- Combinational with a register        ; 7                         ;
;                                             ;                           ;
; Logic element usage by number of LUT inputs ;                           ;
;     -- 4 input functions                    ; 23                        ;
;     -- 3 input functions                    ; 5                         ;
;     -- 2 input functions                    ; 73                        ;
;     -- 1 input functions                    ; 2                         ;
;     -- 0 input functions                    ; 0                         ;
;                                             ;                           ;
; Logic elements by mode                      ;                           ;
;     -- normal mode                          ; 128                       ;
;     -- arithmetic mode                      ; 65                        ;
;     -- qfbk mode                            ; 0                         ;
;     -- register cascade mode                ; 0                         ;
;     -- synchronous clear/load mode          ; 0                         ;
;     -- asynchronous clear/load mode         ; 24                        ;
;                                             ;                           ;
; Total registers                             ; 97                        ;
; Total logic cells in carry chains           ; 68                        ;
; I/O pins                                    ; 12                        ;
; Maximum fan-out node                        ; PULSOS:DIV_FREQ|clk260khz ;
; Maximum fan-out                             ; 66                        ;
; Total fan-out                               ; 484                       ;
; Average fan-out                             ; 2.36                      ;
+---------------------------------------------+---------------------------+


+-------------------------------------------------------------------------------------------------------------------------------------------------------------------------------------------------------------------------+
; Analysis & Synthesis Resource Utilization by Entity                                                                                                                                                                     ;
+----------------------------+-------------+--------------+------------+------+--------------+--------------+-------------------+------------------+-----------------+------------+------------------------+--------------+
; Compilation Hierarchy Node ; Logic Cells ; LC Registers ; UFM Blocks ; Pins ; Virtual Pins ; LUT-Only LCs ; Register-Only LCs ; LUT/Register LCs ; Carry Chain LCs ; Packed LCs ; Full Hierarchy Name    ; Library Name ;
+----------------------------+-------------+--------------+------------+------+--------------+--------------+-------------------+------------------+-----------------+------------+------------------------+--------------+
; |TOP                       ; 193 (79)    ; 97           ; 0          ; 12   ; 0            ; 96 (43)      ; 90 (34)           ; 7 (2)            ; 68 (32)         ; 0 (0)      ; |TOP                   ; work         ;
;    |ADC_INTERFACE:ADC|     ; 39 (39)     ; 28           ; 0          ; 0    ; 0            ; 11 (11)      ; 25 (25)           ; 3 (3)            ; 4 (4)           ; 0 (0)      ; |TOP|ADC_INTERFACE:ADC ; work         ;
;    |PULSOS:DIV_FREQ|       ; 75 (75)     ; 33           ; 0          ; 0    ; 0            ; 42 (42)      ; 31 (31)           ; 2 (2)            ; 32 (32)         ; 0 (0)      ; |TOP|PULSOS:DIV_FREQ   ; work         ;
+----------------------------+-------------+--------------+------------+------+--------------+--------------+-------------------+------------------+-----------------+------------+------------------------+--------------+
Note: For table entries with two numbers listed, the numbers in parentheses indicate the number of resources of the given type used by the specific entity alone. The numbers listed outside of parentheses indicate the total resources of the given type used by the specific entity and all of its sub-entities in the hierarchy.


+--------------------------------------------------------------------------------+
; Registers Removed During Synthesis                                             ;
+---------------------------------------+----------------------------------------+
; Register name                         ; Reason for Removal                     ;
+---------------------------------------+----------------------------------------+
; enable                                ; Stuck at VCC due to stuck port data_in ;
; Total Number of Removed Registers = 1 ;                                        ;
+---------------------------------------+----------------------------------------+


+------------------------------------------------------+
; General Register Statistics                          ;
+----------------------------------------------+-------+
; Statistic                                    ; Value ;
+----------------------------------------------+-------+
; Total registers                              ; 97    ;
; Number of registers using Synchronous Clear  ; 0     ;
; Number of registers using Synchronous Load   ; 0     ;
; Number of registers using Asynchronous Clear ; 24    ;
; Number of registers using Asynchronous Load  ; 0     ;
; Number of registers using Clock Enable       ; 12    ;
; Number of registers using Preset             ; 0     ;
+----------------------------------------------+-------+


+----------------------------------------------------------------------------------------------------------------------+
; Port Connectivity Checks: "ADC_INTERFACE:ADC"                                                                        ;
+------------+--------+----------+-------------------------------------------------------------------------------------+
; Port       ; Type   ; Severity ; Details                                                                             ;
+------------+--------+----------+-------------------------------------------------------------------------------------+
; mod_enable ; Input  ; Info     ; Stuck at VCC                                                                        ;
; data[3..0] ; Output ; Info     ; Connected to dangling logic. Logic that only feeds a dangling port will be removed. ;
+------------+--------+----------+-------------------------------------------------------------------------------------+


+-------------------------------+
; Analysis & Synthesis Messages ;
+-------------------------------+
Info: *******************************************************************
Info: Running Quartus II Analysis & Synthesis
    Info: Version 9.1 Build 304 01/25/2010 Service Pack 1 SJ Web Edition
    Info: Processing started: Tue Oct 27 15:00:30 2015
Info: Command: quartus_map --read_settings_files=on --write_settings_files=off pratica6_conversor_ad -c TOP
Info: Found 7 design units, including 3 entities, in source file conversor.vhd
    Info: Found design unit 1: ADC_INTERFACE-ADC_CONT
    Info: Found design unit 2: MAQUINA_DE_ESTADOS-arc
    Info: Found design unit 3: PULSOS-arc
    Info: Found design unit 4: pacotin
    Info: Found entity 1: ADC_INTERFACE
    Info: Found entity 2: MAQUINA_DE_ESTADOS
    Info: Found entity 3: PULSOS
Info: Found 2 design units, including 1 entities, in source file top.vhd
    Info: Found design unit 1: TOP-arc
    Info: Found entity 1: TOP
Info: Elaborating entity "TOP" for the top level hierarchy
Warning (10492): VHDL Process Statement warning at TOP.vhd(39): signal "enable" is read inside the Process Statement but isn't in the Process Statement's sensitivity list
Warning (10492): VHDL Process Statement warning at TOP.vhd(40): signal "clk260" is read inside the Process Statement but isn't in the Process Statement's sensitivity list
Info: Elaborating entity "PULSOS" for hierarchy "PULSOS:DIV_FREQ"
Info: Elaborating entity "ADC_INTERFACE" for hierarchy "ADC_INTERFACE:ADC"
Warning: Output pins are stuck at VCC or GND
    Warning (13410): Pin "ADC_CSN" is stuck at GND
    Warning (13410): Pin "ADC_SHDN" is stuck at VCC
Info: Implemented 205 device resources after synthesis - the final resource count might be different
    Info: Implemented 4 input pins
    Info: Implemented 8 output pins
    Info: Implemented 193 logic cells
Info: Quartus II Analysis & Synthesis was successful. 0 errors, 5 warnings
    Info: Peak virtual memory: 248 megabytes
    Info: Processing ended: Tue Oct 27 15:00:32 2015
    Info: Elapsed time: 00:00:02
    Info: Total CPU time (on all processors): 00:00:02


