Flow report for TOP_ENTITY
Thu Nov 19 01:08:54 2015
Quartus II Version 9.1 Build 304 01/25/2010 Service Pack 1 SJ Web Edition


---------------------
; Table of Contents ;
---------------------
  1. Legal Notice
  2. Flow Summary
  3. Flow Settings
  4. Flow Non-Default Global Settings
  5. Flow Elapsed Time
  6. Flow OS Summary
  7. Flow Log



----------------
; Legal Notice ;
----------------
Copyright (C) 1991-2010 Altera Corporation
Your use of Altera Corporation's design tools, logic functions 
and other software and tools, and its AMPP partner logic 
functions, and any output files from any of the foregoing 
(including device programming or simulation files), and any 
associated documentation or information are expressly subject 
to the terms and conditions of the Altera Program License 
Subscription Agreement, Altera MegaCore Function License 
Agreement, or other applicable license agreement, including, 
without limitation, that your use is for the sole purpose of 
programming logic devices manufactured by Altera and sold by 
Altera or its authorized distributors.  Please refer to the 
applicable agreement for further details.



+------------------------------------------------------------------------+
; Flow Summary                                                           ;
+-------------------------+----------------------------------------------+
; Flow Status             ; Successful - Thu Nov 19 01:08:54 2015        ;
; Quartus II Version      ; 9.1 Build 304 01/25/2010 SP 1 SJ Web Edition ;
; Revision Name           ; TOP_ENTITY                                   ;
; Top-level Entity Name   ; TOP_ENTITY                                   ;
; Family                  ; MAX II                                       ;
; Device                  ; EPM1270F256C5                                ;
; Timing Models           ; Final                                        ;
; Met timing requirements ; No                                           ;
; Total logic elements    ; 1,241 / 1,270 ( 98 % )                       ;
; Total pins              ; 45 / 212 ( 21 % )                            ;
; Total virtual pins      ; 0                                            ;
; UFM blocks              ; 0 / 1 ( 0 % )                                ;
+-------------------------+----------------------------------------------+


+-----------------------------------------+
; Flow Settings                           ;
+-------------------+---------------------+
; Option            ; Setting             ;
+-------------------+---------------------+
; Start date & time ; 11/19/2015 01:07:43 ;
; Main task         ; Compilation         ;
; Revision Name     ; TOP_ENTITY          ;
+-------------------+---------------------+


+----------------------------------------------------------------------------------------------------------------------------------------------------------------------+
; Flow Non-Default Global Settings                                                                                                                                     ;
+---------------------------------------+-------------------------------------------------------------------------------+---------------+-------------+----------------+
; Assignment Name                       ; Value                                                                         ; Default Value ; Entity Name ; Section Id     ;
+---------------------------------------+-------------------------------------------------------------------------------+---------------+-------------+----------------+
; COMPILER_SIGNATURE_ID                 ; 1098988638054.144790246203612                                                 ; --            ; --          ; --             ;
; MAX_CORE_JUNCTION_TEMP                ; 85                                                                            ; --            ; --          ; --             ;
; MIN_CORE_JUNCTION_TEMP                ; 0                                                                             ; --            ; --          ; --             ;
; MISC_FILE                             ; C:/Users/Raul/Desktop/Alarme 2.0/TOP_ENTITY.dpf                               ; --            ; --          ; --             ;
; MISC_FILE                             ; C:/Users/Aluno-Isl/Desktop/Alarme 2.5/TOP_ENTITY.dpf                          ; --            ; --          ; --             ;
; MISC_FILE                             ; C:/Users/Raul/Desktop/Alarme 2.5/TOP_ENTITY.dpf                               ; --            ; --          ; --             ;
; MISC_FILE                             ; C:/Users/Aluno-Isl/Desktop/ALARME 3.5 (POSSÍVEL FUNCIONAMENTO)/TOP_ENTITY.dpf ; --            ; --          ; --             ;
; POWER_EXT_SUPPLY_VOLTAGE_TO_REGULATOR ; 3.3V                                                                          ; --            ; --          ; --             ;
; USE_GENERATED_PHYSICAL_CONSTRAINTS    ; Off                                                                           ; --            ; --          ; eda_blast_fpga ;
+---------------------------------------+-------------------------------------------------------------------------------+---------------+-------------+----------------+


+-----------------------------------------------------------------------------------------------------------------------------+
; Flow Elapsed Time                                                                                                           ;
+-------------------------+--------------+-------------------------+---------------------+------------------------------------+
; Module Name             ; Elapsed Time ; Average Processors Used ; Peak Virtual Memory ; Total CPU Time (on all processors) ;
+-------------------------+--------------+-------------------------+---------------------+------------------------------------+
; Analysis & Synthesis    ; 00:00:29     ; 1.0                     ; 244 MB              ; 00:00:34                           ;
; Fitter                  ; 00:00:19     ; 1.0                     ; 236 MB              ; 00:00:21                           ;
; Assembler               ; 00:00:02     ; 1.0                     ; 193 MB              ; 00:00:02                           ;
; Classic Timing Analyzer ; 00:00:09     ; 1.0                     ; 179 MB              ; 00:00:10                           ;
; Total                   ; 00:00:59     ; --                      ; --                  ; 00:01:07                           ;
+-------------------------+--------------+-------------------------+---------------------+------------------------------------+


+------------------------------------------------------------------------------------------+
; Flow OS Summary                                                                          ;
+-------------------------+------------------+---------------+------------+----------------+
; Module Name             ; Machine Hostname ; OS Name       ; OS Version ; Processor type ;
+-------------------------+------------------+---------------+------------+----------------+
; Analysis & Synthesis    ; raul4247         ; Windows Vista ; 6.2        ; x86_64         ;
; Fitter                  ; raul4247         ; Windows Vista ; 6.2        ; x86_64         ;
; Assembler               ; raul4247         ; Windows Vista ; 6.2        ; x86_64         ;
; Classic Timing Analyzer ; raul4247         ; Windows Vista ; 6.2        ; x86_64         ;
+-------------------------+------------------+---------------+------------+----------------+


------------
; Flow Log ;
------------
quartus_map --read_settings_files=on --write_settings_files=off Alarme_de_casa -c TOP_ENTITY
quartus_fit --read_settings_files=off --write_settings_files=off Alarme_de_casa -c TOP_ENTITY
quartus_asm --read_settings_files=off --write_settings_files=off Alarme_de_casa -c TOP_ENTITY
quartus_tan --read_settings_files=off --write_settings_files=off Alarme_de_casa -c TOP_ENTITY



